[32m****
Query sequences collapsed from [0m3297[32m to [0m3266[32m unique sequences.[0m
[32m****
Running sequence QC[0m
[32mTotal passing QC: [0m3188
[32m****
[0m6[32m sequences assigned via designations.[0m
Using UShER as inference engine.
[32m****
Pangolin running in usher mode.
****[0m
[32mMaximum ambiguity allowed is 0.3.
****[0m
[32mQuery file:	[0m/hps/nobackup/cochrane/ena/users/azyoud/lineages_workflow_output/public_consensus_workflow_output/public_multifasta/multifasta_447.fasta
[32m****
Data files found:[0m
usher_pb:	/nfs/production/cochrane/ena/users/azyoud/miniconda/envs/pangolin/lib/python3.8/site-packages/pangolin_data/data/lineageTree.pb
[32m****[0m
[32m****
Output file written to: [0m/hps/nobackup/cochrane/ena/users/azyoud/lineages_workflow_output/public_consensus_workflow_output/pango/pango_lineages.447.csv

------------------------------------------------------------
Sender: LSF System <lsf@hl-codon-102-02>
Subject: Job 4800318: <run_pangolin.n=447> in cluster <codon> Done

Job <run_pangolin.n=447> was submitted from host <hl-codon-28-03> by user <azyoud> in cluster <codon> at Tue Aug  2 01:20:33 2022
Job was executed on host(s) <4*hl-codon-102-02>, in queue <standard>, as user <azyoud> in cluster <codon> at Tue Aug  2 01:20:35 2022
</homes/azyoud> was used as the home directory.
</hps/software/users/cochrane/ena/azyoud/lineages/public_lineages_workflow/workflow> was used as the working directory.
Started at Tue Aug  2 01:20:35 2022
Terminated at Tue Aug  2 01:34:12 2022
Results reported at Tue Aug  2 01:34:12 2022

Your job looked like:

------------------------------------------------------------
# LSBATCH: User input
/hps/software/users/cochrane/ena/azyoud/lineages/public_lineages_workflow/workflow/.snakemake/tmp.wcma87gc/snakejob.run_pangolin.451.sh
------------------------------------------------------------

Successfully completed.

Resource usage summary:

    CPU time :                                   2919.51 sec.
    Max Memory :                                 897 MB
    Average Memory :                             220.40 MB
    Total Requested Memory :                     2048.00 MB
    Delta Memory :                               1151.00 MB
    Max Swap :                                   -
    Max Processes :                              12
    Max Threads :                                39
    Run time :                                   814 sec.
    Turnaround time :                            819 sec.

The output (if any) is above this job summary.



PS:

Read file <logs/cluster/run_pangolin/n=447/jobid451_842d50e0-c7d8-452a-bc3f-d7ebb627bd0f.err> for stderr output of this job.

