loading model 06/15/2022, 20:39:42
processing block of 1000 sequences 06/15/2022, 20:39:52
processing block of 1000 sequences 06/15/2022, 20:39:58
processing block of 335 sequences 06/15/2022, 20:40:02
complete 06/15/2022, 20:40:04
[32mOutput file written to: [0m/hps/nobackup/cochrane/ena/users/azyoud/lineages_workflow_output/public_consensus_workflow_output/pango/pango_lineages.229.csv
[32mAll dependencies satisfied.[0m
[32mThe query file is:[0m/hps/nobackup/cochrane/ena/users/azyoud/lineages_workflow_output/public_consensus_workflow_output/public_multifasta/multifasta_229.fasta
[32m** Running sequence QC **[0m
[32mNumber of sequences detected: [0m2518
[32mTotal passing QC: [0m2382
[32m
Data files found:[0m
Trained model:	/homes/azyoud/miniconda3/envs/pangolin/lib/python3.8/site-packages/pangoLEARN/data/decisionTree_v1.joblib
Header file:	/homes/azyoud/miniconda3/envs/pangolin/lib/python3.8/site-packages/pangoLEARN/data/decisionTreeHeaders_v1.joblib
Designated hash:	/homes/azyoud/miniconda3/envs/pangolin/lib/python3.8/site-packages/pangoLEARN/data/lineages.hash.csv

------------------------------------------------------------
Sender: LSF System <lsf@hl-codon-28-02>
Subject: Job 8177207: <run_pangolin.n=229> in cluster <codon> Done

Job <run_pangolin.n=229> was submitted from host <hl-codon-09-02> by user <azyoud> in cluster <codon> at Wed Jun 15 20:38:28 2022
Job was executed on host(s) <4*hl-codon-28-02>, in queue <standard>, as user <azyoud> in cluster <codon> at Wed Jun 15 20:38:28 2022
</homes/azyoud> was used as the home directory.
</hps/software/users/cochrane/ena/azyoud/lineages/public_lineages_workflow/workflow> was used as the working directory.
Started at Wed Jun 15 20:38:28 2022
Terminated at Wed Jun 15 20:40:12 2022
Results reported at Wed Jun 15 20:40:12 2022

Your job looked like:

------------------------------------------------------------
# LSBATCH: User input
/hps/software/users/cochrane/ena/azyoud/lineages/public_lineages_workflow/workflow/.snakemake/tmp.i5mlcqut/snakejob.run_pangolin.232.sh
------------------------------------------------------------

Successfully completed.

Resource usage summary:

    CPU time :                                   118.67 sec.
    Max Memory :                                 1072 MB
    Average Memory :                             272.33 MB
    Total Requested Memory :                     2048.00 MB
    Delta Memory :                               976.00 MB
    Max Swap :                                   -
    Max Processes :                              8
    Max Threads :                                17
    Run time :                                   100 sec.
    Turnaround time :                            104 sec.

The output (if any) is above this job summary.



PS:

Read file <logs/cluster/run_pangolin/n=229/jobid232_49c61e79-45b7-4512-bae3-2ba9ff05ced2.err> for stderr output of this job.

