loading model 06/15/2022, 20:39:46
processing block of 1000 sequences 06/15/2022, 20:39:50
processing block of 1000 sequences 06/15/2022, 20:39:56
processing block of 381 sequences 06/15/2022, 20:40:01
complete 06/15/2022, 20:40:03
[32mOutput file written to: [0m/hps/nobackup/cochrane/ena/users/azyoud/lineages_workflow_output/public_consensus_workflow_output/pango/pango_lineages.408.csv
[32mAll dependencies satisfied.[0m
[32mThe query file is:[0m/hps/nobackup/cochrane/ena/users/azyoud/lineages_workflow_output/public_consensus_workflow_output/public_multifasta/multifasta_408.fasta
[32m** Running sequence QC **[0m
[32mNumber of sequences detected: [0m2518
[32mTotal passing QC: [0m2427
[32m
Data files found:[0m
Trained model:	/homes/azyoud/miniconda3/envs/pangolin/lib/python3.8/site-packages/pangoLEARN/data/decisionTree_v1.joblib
Header file:	/homes/azyoud/miniconda3/envs/pangolin/lib/python3.8/site-packages/pangoLEARN/data/decisionTreeHeaders_v1.joblib
Designated hash:	/homes/azyoud/miniconda3/envs/pangolin/lib/python3.8/site-packages/pangoLEARN/data/lineages.hash.csv

------------------------------------------------------------
Sender: LSF System <lsf@hl-codon-21-03>
Subject: Job 8177203: <run_pangolin.n=408> in cluster <codon> Done

Job <run_pangolin.n=408> was submitted from host <hl-codon-09-02> by user <azyoud> in cluster <codon> at Wed Jun 15 20:38:25 2022
Job was executed on host(s) <4*hl-codon-21-03>, in queue <standard>, as user <azyoud> in cluster <codon> at Wed Jun 15 20:38:25 2022
</homes/azyoud> was used as the home directory.
</hps/software/users/cochrane/ena/azyoud/lineages/public_lineages_workflow/workflow> was used as the working directory.
Started at Wed Jun 15 20:38:25 2022
Terminated at Wed Jun 15 20:40:07 2022
Results reported at Wed Jun 15 20:40:07 2022

Your job looked like:

------------------------------------------------------------
# LSBATCH: User input
/hps/software/users/cochrane/ena/azyoud/lineages/public_lineages_workflow/workflow/.snakemake/tmp.i5mlcqut/snakejob.run_pangolin.411.sh
------------------------------------------------------------

Successfully completed.

Resource usage summary:

    CPU time :                                   122.15 sec.
    Max Memory :                                 1002 MB
    Average Memory :                             237.22 MB
    Total Requested Memory :                     2048.00 MB
    Delta Memory :                               1046.00 MB
    Max Swap :                                   -
    Max Processes :                              9
    Max Threads :                                27
    Run time :                                   104 sec.
    Turnaround time :                            102 sec.

The output (if any) is above this job summary.



PS:

Read file <logs/cluster/run_pangolin/n=408/jobid411_144af8fc-1d92-4cfa-93b7-656f7821124f.err> for stderr output of this job.

