loading model 06/15/2022, 20:38:12
processing block of 1000 sequences 06/15/2022, 20:38:16
processing block of 1000 sequences 06/15/2022, 20:38:23
processing block of 492 sequences 06/15/2022, 20:38:28
complete 06/15/2022, 20:38:30
[32mOutput file written to: [0m/hps/nobackup/cochrane/ena/users/azyoud/lineages_workflow_output/public_consensus_workflow_output/pango/pango_lineages.33.csv
[32mAll dependencies satisfied.[0m
[32mThe query file is:[0m/hps/nobackup/cochrane/ena/users/azyoud/lineages_workflow_output/public_consensus_workflow_output/public_multifasta/multifasta_33.fasta
[32m** Running sequence QC **[0m
[32mNumber of sequences detected: [0m2518
[32mTotal passing QC: [0m2493
[32m
Data files found:[0m
Trained model:	/homes/azyoud/miniconda3/envs/pangolin/lib/python3.8/site-packages/pangoLEARN/data/decisionTree_v1.joblib
Header file:	/homes/azyoud/miniconda3/envs/pangolin/lib/python3.8/site-packages/pangoLEARN/data/decisionTreeHeaders_v1.joblib
Designated hash:	/homes/azyoud/miniconda3/envs/pangolin/lib/python3.8/site-packages/pangoLEARN/data/lineages.hash.csv

------------------------------------------------------------
Sender: LSF System <lsf@hl-codon-33-02>
Subject: Job 8176993: <run_pangolin.n=33> in cluster <codon> Done

Job <run_pangolin.n=33> was submitted from host <hl-codon-09-02> by user <azyoud> in cluster <codon> at Wed Jun 15 20:36:44 2022
Job was executed on host(s) <4*hl-codon-33-02>, in queue <standard>, as user <azyoud> in cluster <codon> at Wed Jun 15 20:36:46 2022
</homes/azyoud> was used as the home directory.
</hps/software/users/cochrane/ena/azyoud/lineages/public_lineages_workflow/workflow> was used as the working directory.
Started at Wed Jun 15 20:36:46 2022
Terminated at Wed Jun 15 20:38:36 2022
Results reported at Wed Jun 15 20:38:36 2022

Your job looked like:

------------------------------------------------------------
# LSBATCH: User input
/hps/software/users/cochrane/ena/azyoud/lineages/public_lineages_workflow/workflow/.snakemake/tmp.i5mlcqut/snakejob.run_pangolin.36.sh
------------------------------------------------------------

Successfully completed.

Resource usage summary:

    CPU time :                                   131.46 sec.
    Max Memory :                                 660 MB
    Average Memory :                             172.62 MB
    Total Requested Memory :                     2048.00 MB
    Delta Memory :                               1388.00 MB
    Max Swap :                                   -
    Max Processes :                              8
    Max Threads :                                27
    Run time :                                   109 sec.
    Turnaround time :                            112 sec.

The output (if any) is above this job summary.



PS:

Read file <logs/cluster/run_pangolin/n=33/jobid36_7bb53212-2e6f-4fea-8e62-e3d76b47359f.err> for stderr output of this job.

