loading model 06/15/2022, 20:37:23
processing block of 1000 sequences 06/15/2022, 20:37:26
processing block of 1000 sequences 06/15/2022, 20:37:32
processing block of 441 sequences 06/15/2022, 20:37:37
complete 06/15/2022, 20:37:38
[32mOutput file written to: [0m/hps/nobackup/cochrane/ena/users/azyoud/lineages_workflow_output/public_consensus_workflow_output/pango/pango_lineages.313.csv
[32mAll dependencies satisfied.[0m
[32mThe query file is:[0m/hps/nobackup/cochrane/ena/users/azyoud/lineages_workflow_output/public_consensus_workflow_output/public_multifasta/multifasta_313.fasta
[32m** Running sequence QC **[0m
[32mNumber of sequences detected: [0m2518
[32mTotal passing QC: [0m2445
[32m
Data files found:[0m
Trained model:	/homes/azyoud/miniconda3/envs/pangolin/lib/python3.8/site-packages/pangoLEARN/data/decisionTree_v1.joblib
Header file:	/homes/azyoud/miniconda3/envs/pangolin/lib/python3.8/site-packages/pangoLEARN/data/decisionTreeHeaders_v1.joblib
Designated hash:	/homes/azyoud/miniconda3/envs/pangolin/lib/python3.8/site-packages/pangoLEARN/data/lineages.hash.csv

------------------------------------------------------------
Sender: LSF System <lsf@hl-codon-24-03>
Subject: Job 8176947: <run_pangolin.n=313> in cluster <codon> Done

Job <run_pangolin.n=313> was submitted from host <hl-codon-09-02> by user <azyoud> in cluster <codon> at Wed Jun 15 20:36:04 2022
Job was executed on host(s) <4*hl-codon-24-03>, in queue <standard>, as user <azyoud> in cluster <codon> at Wed Jun 15 20:36:10 2022
</homes/azyoud> was used as the home directory.
</hps/software/users/cochrane/ena/azyoud/lineages/public_lineages_workflow/workflow> was used as the working directory.
Started at Wed Jun 15 20:36:10 2022
Terminated at Wed Jun 15 20:37:44 2022
Results reported at Wed Jun 15 20:37:44 2022

Your job looked like:

------------------------------------------------------------
# LSBATCH: User input
/hps/software/users/cochrane/ena/azyoud/lineages/public_lineages_workflow/workflow/.snakemake/tmp.i5mlcqut/snakejob.run_pangolin.316.sh
------------------------------------------------------------

Successfully completed.

Resource usage summary:

    CPU time :                                   114.61 sec.
    Max Memory :                                 1059 MB
    Average Memory :                             205.57 MB
    Total Requested Memory :                     2048.00 MB
    Delta Memory :                               989.00 MB
    Max Swap :                                   -
    Max Processes :                              8
    Max Threads :                                26
    Run time :                                   94 sec.
    Turnaround time :                            100 sec.

The output (if any) is above this job summary.



PS:

Read file <logs/cluster/run_pangolin/n=313/jobid316_5105398e-2f1c-443a-ae4b-afff2ccd6102.err> for stderr output of this job.

