loading model 06/15/2022, 20:32:47
processing block of 1000 sequences 06/15/2022, 20:33:06
processing block of 1000 sequences 06/15/2022, 20:33:19
processing block of 496 sequences 06/15/2022, 20:33:28
complete 06/15/2022, 20:33:30
[32mOutput file written to: [0m/hps/nobackup/cochrane/ena/users/azyoud/lineages_workflow_output/public_consensus_workflow_output/pango/pango_lineages.39.csv
[32mAll dependencies satisfied.[0m
[32mThe query file is:[0m/hps/nobackup/cochrane/ena/users/azyoud/lineages_workflow_output/public_consensus_workflow_output/public_multifasta/multifasta_39.fasta
[32m** Running sequence QC **[0m
[32mNumber of sequences detected: [0m2518
[32mTotal passing QC: [0m2496
[32m
Data files found:[0m
Trained model:	/homes/azyoud/miniconda3/envs/pangolin/lib/python3.8/site-packages/pangoLEARN/data/decisionTree_v1.joblib
Header file:	/homes/azyoud/miniconda3/envs/pangolin/lib/python3.8/site-packages/pangoLEARN/data/decisionTreeHeaders_v1.joblib
Designated hash:	/homes/azyoud/miniconda3/envs/pangolin/lib/python3.8/site-packages/pangoLEARN/data/lineages.hash.csv

------------------------------------------------------------
Sender: LSF System <lsf@hl-codon-32-03>
Subject: Job 8176470: <run_pangolin.n=39> in cluster <codon> Done

Job <run_pangolin.n=39> was submitted from host <hl-codon-09-02> by user <azyoud> in cluster <codon> at Wed Jun 15 20:30:59 2022
Job was executed on host(s) <4*hl-codon-32-03>, in queue <standard>, as user <azyoud> in cluster <codon> at Wed Jun 15 20:30:59 2022
</homes/azyoud> was used as the home directory.
</hps/software/users/cochrane/ena/azyoud/lineages/public_lineages_workflow/workflow> was used as the working directory.
Started at Wed Jun 15 20:30:59 2022
Terminated at Wed Jun 15 20:33:37 2022
Results reported at Wed Jun 15 20:33:37 2022

Your job looked like:

------------------------------------------------------------
# LSBATCH: User input
/hps/software/users/cochrane/ena/azyoud/lineages/public_lineages_workflow/workflow/.snakemake/tmp.i5mlcqut/snakejob.run_pangolin.42.sh
------------------------------------------------------------

Successfully completed.

Resource usage summary:

    CPU time :                                   173.94 sec.
    Max Memory :                                 845 MB
    Average Memory :                             211.69 MB
    Total Requested Memory :                     2048.00 MB
    Delta Memory :                               1203.00 MB
    Max Swap :                                   -
    Max Processes :                              8
    Max Threads :                                17
    Run time :                                   157 sec.
    Turnaround time :                            158 sec.

The output (if any) is above this job summary.



PS:

Read file <logs/cluster/run_pangolin/n=39/jobid42_cb7e6fd6-8dbb-4167-989a-47c5b6675cf6.err> for stderr output of this job.

