[32m****
Query sequences collapsed from [0m3265[32m to [0m3231[32m unique sequences.[0m
[32m****
Running sequence QC[0m
[32mTotal passing QC: [0m3184
[32m****
[0m39[32m sequences assigned via designations.[0m
Using UShER as inference engine.
[32m****
Pangolin running in usher mode.
****[0m
[32mMaximum ambiguity allowed is 0.3.
****[0m
[32mQuery file:	[0m/hps/nobackup/cochrane/ena/users/azyoud/lineages_workflow_output/public_consensus_workflow_output/public_multifasta/multifasta_356.fasta
[32m****
Data files found:[0m
usher_pb:	/nfs/production/cochrane/ena/users/azyoud/miniconda/envs/pangolin/lib/python3.8/site-packages/pangolin_data/data/lineageTree.pb
[32m****[0m
[32m****
Output file written to: [0m/hps/nobackup/cochrane/ena/users/azyoud/lineages_workflow_output/public_consensus_workflow_output/pango/pango_lineages.356.csv

------------------------------------------------------------
Sender: LSF System <lsf@hl-codon-44-03>
Subject: Job 4788258: <run_pangolin.n=356> in cluster <codon> Done

Job <run_pangolin.n=356> was submitted from host <hl-codon-28-03> by user <azyoud> in cluster <codon> at Tue Aug  2 01:02:26 2022
Job was executed on host(s) <4*hl-codon-44-03>, in queue <standard>, as user <azyoud> in cluster <codon> at Tue Aug  2 01:02:28 2022
</homes/azyoud> was used as the home directory.
</hps/software/users/cochrane/ena/azyoud/lineages/public_lineages_workflow/workflow> was used as the working directory.
Started at Tue Aug  2 01:02:28 2022
Terminated at Tue Aug  2 01:19:17 2022
Results reported at Tue Aug  2 01:19:17 2022

Your job looked like:

------------------------------------------------------------
# LSBATCH: User input
/hps/software/users/cochrane/ena/azyoud/lineages/public_lineages_workflow/workflow/.snakemake/tmp.wcma87gc/snakejob.run_pangolin.360.sh
------------------------------------------------------------

Successfully completed.

Resource usage summary:

    CPU time :                                   3596.37 sec.
    Max Memory :                                 1003 MB
    Average Memory :                             226.01 MB
    Total Requested Memory :                     2048.00 MB
    Delta Memory :                               1045.00 MB
    Max Swap :                                   -
    Max Processes :                              9
    Max Threads :                                29
    Run time :                                   1010 sec.
    Turnaround time :                            1011 sec.

The output (if any) is above this job summary.



PS:

Read file <logs/cluster/run_pangolin/n=356/jobid360_d8c9dbef-31da-49e3-8c62-4d91f93e38bf.err> for stderr output of this job.

