[32m****
Query sequences collapsed from [0m3277[32m to [0m3154[32m unique sequences.[0m
[32m****
Running sequence QC[0m
[32mTotal passing QC: [0m3105
[32m****
[0m41[32m sequences assigned via designations.[0m
Using UShER as inference engine.
[32m****
Pangolin running in usher mode.
****[0m
[32mMaximum ambiguity allowed is 0.3.
****[0m
[32mQuery file:	[0m/hps/nobackup/cochrane/ena/users/azyoud/lineages_workflow_output/public_consensus_workflow_output/public_multifasta/multifasta_394.fasta
[32m****
Data files found:[0m
usher_pb:	/nfs/production/cochrane/ena/users/azyoud/miniconda/envs/pangolin/lib/python3.8/site-packages/pangolin_data/data/lineageTree.pb
[32m****[0m
[32m****
Output file written to: [0m/hps/nobackup/cochrane/ena/users/azyoud/lineages_workflow_output/public_consensus_workflow_output/pango/pango_lineages.394.csv

------------------------------------------------------------
Sender: LSF System <lsf@hl-codon-37-01>
Subject: Job 4788397: <run_pangolin.n=394> in cluster <codon> Done

Job <run_pangolin.n=394> was submitted from host <hl-codon-28-03> by user <azyoud> in cluster <codon> at Tue Aug  2 01:02:53 2022
Job was executed on host(s) <4*hl-codon-37-01>, in queue <standard>, as user <azyoud> in cluster <codon> at Tue Aug  2 01:02:54 2022
</homes/azyoud> was used as the home directory.
</hps/software/users/cochrane/ena/azyoud/lineages/public_lineages_workflow/workflow> was used as the working directory.
Started at Tue Aug  2 01:02:54 2022
Terminated at Tue Aug  2 01:29:38 2022
Results reported at Tue Aug  2 01:29:38 2022

Your job looked like:

------------------------------------------------------------
# LSBATCH: User input
/hps/software/users/cochrane/ena/azyoud/lineages/public_lineages_workflow/workflow/.snakemake/tmp.wcma87gc/snakejob.run_pangolin.398.sh
------------------------------------------------------------

Successfully completed.

Resource usage summary:

    CPU time :                                   5820.61 sec.
    Max Memory :                                 1332 MB
    Average Memory :                             218.32 MB
    Total Requested Memory :                     2048.00 MB
    Delta Memory :                               716.00 MB
    Max Swap :                                   -
    Max Processes :                              12
    Max Threads :                                32
    Run time :                                   1606 sec.
    Turnaround time :                            1605 sec.

The output (if any) is above this job summary.



PS:

Read file <logs/cluster/run_pangolin/n=394/jobid398_1db4df4c-8485-4dc3-9ed4-3c909e177fb7.err> for stderr output of this job.

