loading model 06/15/2022, 20:40:27
processing block of 1000 sequences 06/15/2022, 20:40:32
processing block of 1000 sequences 06/15/2022, 20:40:42
processing block of 310 sequences 06/15/2022, 20:40:48
complete 06/15/2022, 20:40:50
[32mOutput file written to: [0m/hps/nobackup/cochrane/ena/users/azyoud/lineages_workflow_output/public_consensus_workflow_output/pango/pango_lineages.82.csv
[32mAll dependencies satisfied.[0m
[32mThe query file is:[0m/hps/nobackup/cochrane/ena/users/azyoud/lineages_workflow_output/public_consensus_workflow_output/public_multifasta/multifasta_82.fasta
[32m** Running sequence QC **[0m
[32mNumber of sequences detected: [0m2518
[32mTotal passing QC: [0m2328
[32m
Data files found:[0m
Trained model:	/homes/azyoud/miniconda3/envs/pangolin/lib/python3.8/site-packages/pangoLEARN/data/decisionTree_v1.joblib
Header file:	/homes/azyoud/miniconda3/envs/pangolin/lib/python3.8/site-packages/pangoLEARN/data/decisionTreeHeaders_v1.joblib
Designated hash:	/homes/azyoud/miniconda3/envs/pangolin/lib/python3.8/site-packages/pangoLEARN/data/lineages.hash.csv

------------------------------------------------------------
Sender: LSF System <lsf@hl-codon-38-02>
Subject: Job 8177221: <run_pangolin.n=82> in cluster <codon> Done

Job <run_pangolin.n=82> was submitted from host <hl-codon-09-02> by user <azyoud> in cluster <codon> at Wed Jun 15 20:38:37 2022
Job was executed on host(s) <4*hl-codon-38-02>, in queue <standard>, as user <azyoud> in cluster <codon> at Wed Jun 15 20:38:38 2022
</homes/azyoud> was used as the home directory.
</hps/software/users/cochrane/ena/azyoud/lineages/public_lineages_workflow/workflow> was used as the working directory.
Started at Wed Jun 15 20:38:38 2022
Terminated at Wed Jun 15 20:40:56 2022
Results reported at Wed Jun 15 20:40:56 2022

Your job looked like:

------------------------------------------------------------
# LSBATCH: User input
/hps/software/users/cochrane/ena/azyoud/lineages/public_lineages_workflow/workflow/.snakemake/tmp.i5mlcqut/snakejob.run_pangolin.85.sh
------------------------------------------------------------

Successfully completed.

Resource usage summary:

    CPU time :                                   161.26 sec.
    Max Memory :                                 825 MB
    Average Memory :                             244.45 MB
    Total Requested Memory :                     2048.00 MB
    Delta Memory :                               1223.00 MB
    Max Swap :                                   -
    Max Processes :                              8
    Max Threads :                                17
    Run time :                                   137 sec.
    Turnaround time :                            139 sec.

The output (if any) is above this job summary.



PS:

Read file <logs/cluster/run_pangolin/n=82/jobid85_0df0dfc3-7f1e-41ea-adad-6be2f54124aa.err> for stderr output of this job.

