[32m****
Pangolin running in usher mode.
****[0m
[32mMaximum ambiguity allowed is 0.3.
****[0m
[32mQuery file:	[0m/hps/nobackup/cochrane/ena/users/azyoud/lineages_workflow_output/public_consensus_workflow_output/public_multifasta/multifasta_301.fasta
[32m****
Data files found:[0m
usher_pb:	/nfs/production/cochrane/ena/users/azyoud/miniconda/envs/pangolin/lib/python3.8/site-packages/pangolin_data/data/lineageTree.pb
[32m****[0m

------------------------------------------------------------
Sender: LSF System <lsf@hl-codon-132-01>
Subject: Job 4788506: <run_pangolin.n=301> in cluster <codon> Exited

Job <run_pangolin.n=301> was submitted from host <hl-codon-28-03> by user <azyoud> in cluster <codon> at Tue Aug  2 01:03:22 2022
Job was executed on host(s) <4*hl-codon-132-01>, in queue <standard>, as user <azyoud> in cluster <codon> at Tue Aug  2 01:03:23 2022
</homes/azyoud> was used as the home directory.
</hps/software/users/cochrane/ena/azyoud/lineages/public_lineages_workflow/workflow> was used as the working directory.
Started at Tue Aug  2 01:03:23 2022
Terminated at Tue Aug  2 01:04:02 2022
Results reported at Tue Aug  2 01:04:02 2022

Your job looked like:

------------------------------------------------------------
# LSBATCH: User input
/hps/software/users/cochrane/ena/azyoud/lineages/public_lineages_workflow/workflow/.snakemake/tmp.wcma87gc/snakejob.run_pangolin.305.sh
------------------------------------------------------------

TERM_MEMLIMIT: job killed after reaching LSF memory usage limit.
Exited with exit code 1.

Resource usage summary:

    CPU time :                                   127.47 sec.
    Max Memory :                                 3236 MB
    Average Memory :                             1025.80 MB
    Total Requested Memory :                     2048.00 MB
    Delta Memory :                               -1188.00 MB
    Max Swap :                                   -
    Max Processes :                              9
    Max Threads :                                18
    Run time :                                   36 sec.
    Turnaround time :                            40 sec.

The output (if any) is above this job summary.



PS:

Read file <logs/cluster/run_pangolin/n=301/jobid305_99398389-f831-4af3-906a-59f29ab10495.err> for stderr output of this job.

