Building DAG of jobs...
Using shell: /usr/local/bin/bash
Provided cluster nodes: 500
Job stats:
job                    count    min threads    max threads
-------------------  -------  -------------  -------------
all                        1              1              1
concat_csv                 1              1              1
create_multifasta          1              1              1
fetch_private_fasta        1              1              1
run_pangolin             500              4              4
total                    504              1              4

Select jobs to execute...

[Mon May 16 13:39:05 2022]
rule fetch_private_fasta:
    input: /hps/nobackup/cochrane/ena/users/azyoud/lineages_workflow_output/run_pangolin.txt
    output: /hps/nobackup/cochrane/ena/users/azyoud/lineages_workflow_output/private_consensus/end.txt
    jobid: 4
    resources: tmpdir=/tmp

Submitted job 4 with external jobid '1109562 logs/cluster/fetch_private_fasta/unique/jobid4_9d0d9082-ed31-4cb0-8482-0ccb8c073267.out'.
[Mon May 16 14:12:22 2022]
Error in rule fetch_private_fasta:
    jobid: 4
    output: /hps/nobackup/cochrane/ena/users/azyoud/lineages_workflow_output/private_consensus/end.txt
    shell:
        python3 /hps/software/users/cochrane/ena/azyoud/lineages/lineages_workflow/workflow/scripts/private_fasta_fetching.py -o /hps/nobackup/cochrane/ena/users/azyoud/lineages_workflow_output/private_consensus
        (one of the commands exited with non-zero exit code; note that snakemake uses bash strict mode!)
    cluster_jobid: 1109562 logs/cluster/fetch_private_fasta/unique/jobid4_9d0d9082-ed31-4cb0-8482-0ccb8c073267.out

Error executing rule fetch_private_fasta on cluster (jobid: 4, external: 1109562 logs/cluster/fetch_private_fasta/unique/jobid4_9d0d9082-ed31-4cb0-8482-0ccb8c073267.out, jobscript: /hps/software/users/cochrane/ena/azyoud/lineages/lineages_workflow/workflow/.snakemake/tmp.l4ip1894/snakejob.fetch_private_fasta.4.sh). For error details see the cluster log and the log files of the involved rule(s).
Shutting down, this might take some time.
Exiting because a job execution failed. Look above for error message
Complete log: /hps/software/users/cochrane/ena/azyoud/lineages/lineages_workflow/workflow/.snakemake/log/2022-05-16T133815.749714.snakemake.log
