Building DAG of jobs...
Using shell: /usr/local/bin/bash
Provided cluster nodes: 500
Job stats:
job                    count    min threads    max threads
-------------------  -------  -------------  -------------
all                        1              1              1
concat_csv                 1              1              1
create_multifasta          1              1              1
fetch_private_fasta        1              1              1
run_pangolin               1              4              4
total                      5              1              4

Select jobs to execute...

[Thu May 12 15:37:45 2022]
rule fetch_private_fasta:
    input: /hps/nobackup/cochrane/ena/users/azyoud/lineages_workflow_output/run_pangolin.txt
    output: /hps/nobackup/cochrane/ena/users/azyoud/lineages_workflow_output/private_consensus/end.txt
    jobid: 4
    resources: tmpdir=/tmp

Submitted job 4 with external jobid '126192 logs/cluster/fetch_private_fasta/unique/jobid4_c45c5e9a-1bd9-45fc-93d3-96efd2455499.out'.
[Thu May 12 20:57:29 2022]
Finished job 4.
1 of 5 steps (20%) done
Select jobs to execute...

[Thu May 12 20:57:29 2022]
rule create_multifasta:
    input: /hps/nobackup/cochrane/ena/users/azyoud/lineages_workflow_output/private_consensus/end.txt
    output: /hps/nobackup/cochrane/ena/users/azyoud/lineages_workflow_output/private_multifasta/end.txt
    jobid: 3
    resources: tmpdir=/tmp

Submitted job 3 with external jobid '156120 logs/cluster/create_multifasta/unique/jobid3_d27468df-e541-4a84-b78c-711057e1a179.out'.
[Thu May 12 20:58:06 2022]
Finished job 3.
2 of 5 steps (40%) done
Select jobs to execute...

[Thu May 12 20:58:06 2022]
rule run_pangolin:
    input: /hps/nobackup/cochrane/ena/users/azyoud/lineages_workflow_output/private_multifasta/end.txt
    output: /hps/nobackup/cochrane/ena/users/azyoud/lineages_workflow_output/pango
    jobid: 2
    threads: 4
    resources: tmpdir=/tmp, mem_mb=2048

Submitted job 2 with external jobid '156147 logs/cluster/run_pangolin/unique/jobid2_3ff45046-64f1-4090-8c2a-efc0b87099d4.out'.
[Thu May 12 20:58:18 2022]
Error in rule run_pangolin:
    jobid: 2
    output: /hps/nobackup/cochrane/ena/users/azyoud/lineages_workflow_output/pango
    shell:
        python3 /hps/software/users/cochrane/ena/azyoud/lineages/lineages_workflow/workflow/scripts/pangolin.py -f /hps/nobackup/cochrane/ena/users/azyoud/lineages_workflow_output/private_multifasta/end.txt -o /hps/nobackup/cochrane/ena/users/azyoud/lineages_workflow_output/pango
        (one of the commands exited with non-zero exit code; note that snakemake uses bash strict mode!)
    cluster_jobid: 156147 logs/cluster/run_pangolin/unique/jobid2_3ff45046-64f1-4090-8c2a-efc0b87099d4.out

Error executing rule run_pangolin on cluster (jobid: 2, external: 156147 logs/cluster/run_pangolin/unique/jobid2_3ff45046-64f1-4090-8c2a-efc0b87099d4.out, jobscript: /hps/software/users/cochrane/ena/azyoud/lineages/lineages_workflow/workflow/.snakemake/tmp.2dnvd2u1/snakejob.run_pangolin.2.sh). For error details see the cluster log and the log files of the involved rule(s).
Shutting down, this might take some time.
Exiting because a job execution failed. Look above for error message
Complete log: /hps/software/users/cochrane/ena/azyoud/lineages/lineages_workflow/workflow/.snakemake/log/2022-05-12T153745.711012.snakemake.log
