Building DAG of jobs...
Using shell: /usr/local/bin/bash
Provided cluster nodes: 500
Job stats:
job           count    min threads    max threads
----------  -------  -------------  -------------
all               1              1              1
concat_csv        1              1              1
total             2              1              1

Select jobs to execute...

[Wed May 11 14:19:40 2022]
rule concat_csv:
    input: /hps/nobackup/cochrane/ena/users/azyoud/lineages_workflow_output/pango
    output: /hps/nobackup/cochrane/ena/users/azyoud/lineages_workflow_output/pango_lineages.csv
    jobid: 1
    resources: tmpdir=/tmp

Submitted job 1 with external jobid '9825055 logs/cluster/concat_csv/unique/jobid1_bab5fc23-722d-4efc-ad42-e51fa8721a54.out'.
Waiting at most 60 seconds for missing files.
[Wed May 11 14:20:11 2022]
Finished job 1.
1 of 2 steps (50%) done
Select jobs to execute...

[Wed May 11 14:20:11 2022]
localrule all:
    input: /hps/nobackup/cochrane/ena/users/azyoud/lineages_workflow_output/pango_lineages.csv
    jobid: 0
    resources: tmpdir=/tmp

[Wed May 11 14:20:11 2022]
Finished job 0.
2 of 2 steps (100%) done
Complete log: /hps/software/users/cochrane/ena/azyoud/lineages/lineages_workflow/workflow/.snakemake/log/2022-05-11T141940.212563.snakemake.log
