Building DAG of jobs...
Using shell: /usr/local/bin/bash
Provided cores: 1 (use --cores to define parallelism)
Rules claiming more threads will be scaled down.
Job stats:
job                    count    min threads    max threads
-------------------  -------  -------------  -------------
fetch_private_fasta        1              1              1
total                      1              1              1

Select jobs to execute...

[Fri Apr 29 16:04:58 2022]
rule fetch_private_fasta:
    input: /hps/nobackup/cochrane/ena/users/azyoud/lineages_workflow_output/run_pangolin.txt
    output: /hps/nobackup/cochrane/ena/users/azyoud/lineages_workflow_output/private_consensus
    jobid: 0
    resources: tmpdir=/tmp

Skipped removing non-empty directory /hps/nobackup/cochrane/ena/users/azyoud/lineages_workflow_output/private_consensus
ImproperOutputException in line 1 of /hps/software/users/cochrane/ena/azyoud/lineages/lineages_workflow/workflow/rules/fetch_private_fasta.smk:
Outputs of incorrect type (directories when expecting files or vice versa). Output directories must be flagged with directory(). for rule fetch_private_fasta:
/hps/nobackup/cochrane/ena/users/azyoud/lineages_workflow_output/private_consensus
Removing output files of failed job fetch_private_fasta since they might be corrupted:
/hps/nobackup/cochrane/ena/users/azyoud/lineages_workflow_output/private_consensus
Skipped removing non-empty directory /hps/nobackup/cochrane/ena/users/azyoud/lineages_workflow_output/private_consensus
Shutting down, this might take some time.
Exiting because a job execution failed. Look above for error message
Complete log: /hps/software/users/cochrane/ena/azyoud/lineages/lineages_workflow/workflow/.snakemake/log/2022-04-29T160457.675872.snakemake.log
