Building DAG of jobs...
Using shell: /usr/local/bin/bash
Provided cluster nodes: 500
Job stats:
job                    count    min threads    max threads
-------------------  -------  -------------  -------------
all                        1              1              1
concat_csv                 1              1              1
create_multifasta          1              1              1
fetch_private_fasta        1              1              1
run_pangolin               1              4              4
total                      5              1              4

Select jobs to execute...
Skipped removing non-empty directory /hps/nobackup/cochrane/ena/users/azyoud/lineages_workflow_output/private_consensus

[Fri Apr 29 15:22:25 2022]
rule fetch_private_fasta:
    input: /hps/nobackup/cochrane/ena/users/azyoud/lineages_workflow_output/run_pangolin.txt
    output: /hps/nobackup/cochrane/ena/users/azyoud/lineages_workflow_output/private_consensus
    jobid: 4
    resources: tmpdir=/tmp

Submitted job 4 with external jobid '6717872 logs/cluster/fetch_private_fasta/unique/jobid4_00afa503-c547-42bc-972d-c2b8ce23dd66.out'.
Terminating processes on user request, this might take some time.
Will exit after finishing currently running jobs.
Complete log: /hps/software/users/cochrane/ena/azyoud/lineages/lineages_workflow/workflow/.snakemake/log/2022-04-29T152224.954573.snakemake.log
