Building DAG of jobs...
Using shell: /usr/local/bin/bash
Provided cluster nodes: 500
Job stats:
job                    count    min threads    max threads
-------------------  -------  -------------  -------------
all                        1              1              1
concat_csv                 1              1              1
create_multifasta          1              1              1
fetch_private_fasta        1              1              1
run_pangolin               1              4              4
total                      5              1              4

Select jobs to execute...
Skipped removing non-empty directory /hps/nobackup/cochrane/ena/users/azyoud/lineages_workflow_output/private_consensus

[Fri Apr 29 15:13:56 2022]
rule fetch_private_fasta:
    input: /hps/nobackup/cochrane/ena/users/azyoud/lineages_workflow_output/run_pangolin.txt
    output: /hps/nobackup/cochrane/ena/users/azyoud/lineages_workflow_output/private_consensus
    jobid: 4
    resources: tmpdir=/tmp

Submitted job 4 with external jobid '6716950 logs/cluster/fetch_private_fasta/unique/jobid4_1e9037ed-20f1-4ede-9976-8f432069e8a2.out'.
[Fri Apr 29 15:14:07 2022]
Error in rule fetch_private_fasta:
    jobid: 4
    output: /hps/nobackup/cochrane/ena/users/azyoud/lineages_workflow_output/private_consensus
    shell:
        python3 /hps/software/users/cochrane/ena/azyoud/lineages/lineages_workflow/workflow/scripts/private_fasta_fetching.py -o /hps/nobackup/cochrane/ena/users/azyoud/lineages_workflow_output/private_consensus
        (one of the commands exited with non-zero exit code; note that snakemake uses bash strict mode!)
    cluster_jobid: 6716950 logs/cluster/fetch_private_fasta/unique/jobid4_1e9037ed-20f1-4ede-9976-8f432069e8a2.out

Error executing rule fetch_private_fasta on cluster (jobid: 4, external: 6716950 logs/cluster/fetch_private_fasta/unique/jobid4_1e9037ed-20f1-4ede-9976-8f432069e8a2.out, jobscript: /hps/software/users/cochrane/ena/azyoud/lineages/lineages_workflow/workflow/.snakemake/tmp.k2vcuqgc/snakejob.fetch_private_fasta.4.sh). For error details see the cluster log and the log files of the involved rule(s).
Removing output files of failed job fetch_private_fasta since they might be corrupted:
/hps/nobackup/cochrane/ena/users/azyoud/lineages_workflow_output/private_consensus
Skipped removing non-empty directory /hps/nobackup/cochrane/ena/users/azyoud/lineages_workflow_output/private_consensus
Shutting down, this might take some time.
Exiting because a job execution failed. Look above for error message
Complete log: /hps/software/users/cochrane/ena/azyoud/lineages/lineages_workflow/workflow/.snakemake/log/2022-04-29T151356.310167.snakemake.log
