Building DAG of jobs...
Using shell: /usr/local/bin/bash
Provided cluster nodes: 500
Job stats:
job                    count    min threads    max threads
-------------------  -------  -------------  -------------
all                        1              1              1
concat_csv                 1              1              1
create_multifasta          1              1              1
fetch_private_fasta        1              1              1
run_pangolin               1              4              4
total                      5              1              4

Select jobs to execute...

[Tue May 10 14:02:29 2022]
rule fetch_private_fasta:
    input: /hps/nobackup/cochrane/ena/users/azyoud/lineages_workflow_output/run_pangolin.txt
    output: /hps/nobackup/cochrane/ena/users/azyoud/lineages_workflow_output/private_consensus/end.txt
    jobid: 4
    resources: tmpdir=/tmp

Submitted job 4 with external jobid '9639778 logs/cluster/fetch_private_fasta/unique/jobid4_d216196d-179e-414f-b591-e7d45bf13864.out'.
[Tue May 10 20:28:24 2022]
Finished job 4.
1 of 5 steps (20%) done
Select jobs to execute...

[Tue May 10 20:28:27 2022]
rule create_multifasta:
    input: /hps/nobackup/cochrane/ena/users/azyoud/lineages_workflow_output/private_consensus/end.txt
    output: /hps/nobackup/cochrane/ena/users/azyoud/lineages_workflow_output/private_multifasta
    jobid: 3
    resources: tmpdir=/tmp

Submitted job 3 with external jobid '9684815 logs/cluster/create_multifasta/unique/jobid3_8faea496-86ca-4d41-9dd3-508684cf4557.out'.
Waiting at most 60 seconds for missing files.
[Tue May 10 20:29:27 2022]
Finished job 3.
2 of 5 steps (40%) done
Select jobs to execute...

[Tue May 10 20:29:29 2022]
rule run_pangolin:
    input: /hps/nobackup/cochrane/ena/users/azyoud/lineages_workflow_output/private_multifasta
    output: /hps/nobackup/cochrane/ena/users/azyoud/lineages_workflow_output/pango
    jobid: 2
    threads: 4
    resources: tmpdir=/tmp, mem_mb=2048

Submitted job 2 with external jobid '9684867 logs/cluster/run_pangolin/unique/jobid2_3d36e6f9-4009-4b09-aad9-0b54f9448293.out'.
[Tue May 10 21:59:11 2022]
Finished job 2.
3 of 5 steps (60%) done
Select jobs to execute...

[Tue May 10 21:59:11 2022]
rule concat_csv:
    input: /hps/nobackup/cochrane/ena/users/azyoud/lineages_workflow_output/pango
    output: /hps/nobackup/cochrane/ena/users/azyoud/lineages_workflow_output/pango_lineages.csv
    jobid: 1
    resources: tmpdir=/tmp

Submitted job 1 with external jobid '9690496 logs/cluster/concat_csv/unique/jobid1_a9d007a6-0467-467a-83da-cda0297b56f1.out'.
Waiting at most 60 seconds for missing files.
[Tue May 10 21:59:41 2022]
Finished job 1.
4 of 5 steps (80%) done
Select jobs to execute...

[Tue May 10 21:59:41 2022]
localrule all:
    input: /hps/nobackup/cochrane/ena/users/azyoud/lineages_workflow_output/pango_lineages.csv
    jobid: 0
    resources: tmpdir=/tmp

[Tue May 10 21:59:41 2022]
Finished job 0.
5 of 5 steps (100%) done
Complete log: /hps/software/users/cochrane/ena/azyoud/lineages/lineages_workflow/workflow/.snakemake/log/2022-05-10T140228.822145.snakemake.log
