Building DAG of jobs...
Using shell: /usr/local/bin/bash
Provided cores: 1 (use --cores to define parallelism)
Rules claiming more threads will be scaled down.
Job stats:
job                    count    min threads    max threads
-------------------  -------  -------------  -------------
fetch_private_fasta        1              1              1
total                      1              1              1

Select jobs to execute...

[Fri Apr 29 15:53:38 2022]
rule fetch_private_fasta:
    input: /hps/nobackup/cochrane/ena/users/azyoud/lineages_workflow_output/run_pangolin.txt
    output: /hps/nobackup/cochrane/ena/users/azyoud/lineages_workflow_output/private_consensus
    jobid: 0
    resources: tmpdir=/tmp

Skipped removing non-empty directory /hps/nobackup/cochrane/ena/users/azyoud/lineages_workflow_output/private_consensus
Terminating processes on user request, this might take some time.
[Fri Apr 29 15:55:42 2022]
Error in rule fetch_private_fasta:
    jobid: 0
    output: /hps/nobackup/cochrane/ena/users/azyoud/lineages_workflow_output/private_consensus
    shell:
        python3 /hps/software/users/cochrane/ena/azyoud/lineages/lineages_workflow/workflow/scripts/private_fasta_fetching.py -o /hps/nobackup/cochrane/ena/users/azyoud/lineages_workflow_output/private_consensus
        (one of the commands exited with non-zero exit code; note that snakemake uses bash strict mode!)

Removing output files of failed job fetch_private_fasta since they might be corrupted:
/hps/nobackup/cochrane/ena/users/azyoud/lineages_workflow_output/private_consensus
Skipped removing non-empty directory /hps/nobackup/cochrane/ena/users/azyoud/lineages_workflow_output/private_consensus
Complete log: /hps/software/users/cochrane/ena/azyoud/lineages/lineages_workflow/workflow/.snakemake/log/2022-04-29T155337.762581.snakemake.log
