Building DAG of jobs...
Using shell: /usr/local/bin/bash
Provided cluster nodes: 500
Job stats:
job                   count    min threads    max threads
------------------  -------  -------------  -------------
all                       1              1              1
concat_csv                1              1              1
create_multifasta         1              1              1
fetch_public_fasta        1              1              1
run_pangolin            500              4              4
total                   504              1              4

Select jobs to execute...

[Wed Jun  1 16:34:58 2022]
rule fetch_public_fasta:
    input: /hps/nobackup/cochrane/ena/users/azyoud/lineages_workflow_output/public_consensus_workflow_output/run_public_pangolin.txt
    output: /hps/nobackup/cochrane/ena/users/azyoud/lineages_workflow_output/public_consensus_workflow_output/public_consensus/end.txt
    jobid: 4
    resources: tmpdir=/tmp, mem_mb=2048

Submitted job 4 with external jobid '4347333 logs/cluster/fetch_public_fasta/unique/jobid4_e08704a7-06dd-4de4-9e28-a11fb1e13539.out'.
[Wed Jun  1 16:35:23 2022]
Error in rule fetch_public_fasta:
    jobid: 4
    output: /hps/nobackup/cochrane/ena/users/azyoud/lineages_workflow_output/public_consensus_workflow_output/public_consensus/end.txt
    shell:
        python3 /hps/software/users/cochrane/ena/azyoud/lineages/public_lineages_workflow/workflow/scripts/public_consensus_fetch.py -o /hps/nobackup/cochrane/ena/users/azyoud/lineages_workflow_output/public_consensus_workflow_output/public_consensus
        (one of the commands exited with non-zero exit code; note that snakemake uses bash strict mode!)
    cluster_jobid: 4347333 logs/cluster/fetch_public_fasta/unique/jobid4_e08704a7-06dd-4de4-9e28-a11fb1e13539.out

Error executing rule fetch_public_fasta on cluster (jobid: 4, external: 4347333 logs/cluster/fetch_public_fasta/unique/jobid4_e08704a7-06dd-4de4-9e28-a11fb1e13539.out, jobscript: /hps/software/users/cochrane/ena/azyoud/lineages/public_lineages_workflow/workflow/.snakemake/tmp.tazvjboh/snakejob.fetch_public_fasta.4.sh). For error details see the cluster log and the log files of the involved rule(s).
Trying to restart job 4.
Select jobs to execute...

[Wed Jun  1 16:35:23 2022]
rule fetch_public_fasta:
    input: /hps/nobackup/cochrane/ena/users/azyoud/lineages_workflow_output/public_consensus_workflow_output/run_public_pangolin.txt
    output: /hps/nobackup/cochrane/ena/users/azyoud/lineages_workflow_output/public_consensus_workflow_output/public_consensus/end.txt
    jobid: 4
    resources: tmpdir=/tmp, mem_mb=2048

Submitted job 4 with external jobid '4347366 logs/cluster/fetch_public_fasta/unique/jobid4_5b984d2b-c31d-475a-8550-555fbbaf6f65.out'.
[Wed Jun  1 16:35:48 2022]
Error in rule fetch_public_fasta:
    jobid: 4
    output: /hps/nobackup/cochrane/ena/users/azyoud/lineages_workflow_output/public_consensus_workflow_output/public_consensus/end.txt
    shell:
        python3 /hps/software/users/cochrane/ena/azyoud/lineages/public_lineages_workflow/workflow/scripts/public_consensus_fetch.py -o /hps/nobackup/cochrane/ena/users/azyoud/lineages_workflow_output/public_consensus_workflow_output/public_consensus
        (one of the commands exited with non-zero exit code; note that snakemake uses bash strict mode!)
    cluster_jobid: 4347366 logs/cluster/fetch_public_fasta/unique/jobid4_5b984d2b-c31d-475a-8550-555fbbaf6f65.out

Error executing rule fetch_public_fasta on cluster (jobid: 4, external: 4347366 logs/cluster/fetch_public_fasta/unique/jobid4_5b984d2b-c31d-475a-8550-555fbbaf6f65.out, jobscript: /hps/software/users/cochrane/ena/azyoud/lineages/public_lineages_workflow/workflow/.snakemake/tmp.tazvjboh/snakejob.fetch_public_fasta.4.sh). For error details see the cluster log and the log files of the involved rule(s).
Trying to restart job 4.
Select jobs to execute...

[Wed Jun  1 16:35:48 2022]
rule fetch_public_fasta:
    input: /hps/nobackup/cochrane/ena/users/azyoud/lineages_workflow_output/public_consensus_workflow_output/run_public_pangolin.txt
    output: /hps/nobackup/cochrane/ena/users/azyoud/lineages_workflow_output/public_consensus_workflow_output/public_consensus/end.txt
    jobid: 4
    resources: tmpdir=/tmp, mem_mb=2048

Submitted job 4 with external jobid '4347408 logs/cluster/fetch_public_fasta/unique/jobid4_2ab84c54-6d23-40d0-9781-24b8b38009c0.out'.
[Wed Jun  1 16:36:01 2022]
Error in rule fetch_public_fasta:
    jobid: 4
    output: /hps/nobackup/cochrane/ena/users/azyoud/lineages_workflow_output/public_consensus_workflow_output/public_consensus/end.txt
    shell:
        python3 /hps/software/users/cochrane/ena/azyoud/lineages/public_lineages_workflow/workflow/scripts/public_consensus_fetch.py -o /hps/nobackup/cochrane/ena/users/azyoud/lineages_workflow_output/public_consensus_workflow_output/public_consensus
        (one of the commands exited with non-zero exit code; note that snakemake uses bash strict mode!)
    cluster_jobid: 4347408 logs/cluster/fetch_public_fasta/unique/jobid4_2ab84c54-6d23-40d0-9781-24b8b38009c0.out

Error executing rule fetch_public_fasta on cluster (jobid: 4, external: 4347408 logs/cluster/fetch_public_fasta/unique/jobid4_2ab84c54-6d23-40d0-9781-24b8b38009c0.out, jobscript: /hps/software/users/cochrane/ena/azyoud/lineages/public_lineages_workflow/workflow/.snakemake/tmp.tazvjboh/snakejob.fetch_public_fasta.4.sh). For error details see the cluster log and the log files of the involved rule(s).
Trying to restart job 4.
Select jobs to execute...

[Wed Jun  1 16:36:01 2022]
rule fetch_public_fasta:
    input: /hps/nobackup/cochrane/ena/users/azyoud/lineages_workflow_output/public_consensus_workflow_output/run_public_pangolin.txt
    output: /hps/nobackup/cochrane/ena/users/azyoud/lineages_workflow_output/public_consensus_workflow_output/public_consensus/end.txt
    jobid: 4
    resources: tmpdir=/tmp, mem_mb=2048

Submitted job 4 with external jobid '4347434 logs/cluster/fetch_public_fasta/unique/jobid4_8efde675-47c5-4050-b62e-6465ac160f3e.out'.
[Wed Jun  1 16:36:26 2022]
Error in rule fetch_public_fasta:
    jobid: 4
    output: /hps/nobackup/cochrane/ena/users/azyoud/lineages_workflow_output/public_consensus_workflow_output/public_consensus/end.txt
    shell:
        python3 /hps/software/users/cochrane/ena/azyoud/lineages/public_lineages_workflow/workflow/scripts/public_consensus_fetch.py -o /hps/nobackup/cochrane/ena/users/azyoud/lineages_workflow_output/public_consensus_workflow_output/public_consensus
        (one of the commands exited with non-zero exit code; note that snakemake uses bash strict mode!)
    cluster_jobid: 4347434 logs/cluster/fetch_public_fasta/unique/jobid4_8efde675-47c5-4050-b62e-6465ac160f3e.out

Error executing rule fetch_public_fasta on cluster (jobid: 4, external: 4347434 logs/cluster/fetch_public_fasta/unique/jobid4_8efde675-47c5-4050-b62e-6465ac160f3e.out, jobscript: /hps/software/users/cochrane/ena/azyoud/lineages/public_lineages_workflow/workflow/.snakemake/tmp.tazvjboh/snakejob.fetch_public_fasta.4.sh). For error details see the cluster log and the log files of the involved rule(s).
Shutting down, this might take some time.
Exiting because a job execution failed. Look above for error message
Complete log: /hps/software/users/cochrane/ena/azyoud/lineages/public_lineages_workflow/workflow/.snakemake/log/2022-06-01T163457.461293.snakemake.log
