Building DAG of jobs...
Using shell: /usr/local/bin/bash
Provided cores: 16
Rules claiming more threads will be scaled down.
Job stats:
job             count    min threads    max threads
------------  -------  -------------  -------------
all                 1              1              1
concat_csv          1              1              1
run_pangolin        1              4              4
total               3              1              4

Select jobs to execute...

[Wed Apr 20 10:00:47 2022]
rule run_pangolin:
    input: /hps/software/users/cochrane/ena/azyoud/lineages/private_multifasta
    output: /hps/software/users/cochrane/ena/azyoud/lineages/pango
    jobid: 2
    threads: 4
    resources: tmpdir=/tmp, mem_mb=2048

Terminating processes on user request, this might take some time.
[Wed Apr 20 11:10:12 2022]
Error in rule run_pangolin:
    jobid: 2
    output: /hps/software/users/cochrane/ena/azyoud/lineages/pango
    shell:
        python3 /hps/software/users/cochrane/ena/azyoud/lineages/lineages_workflow/scripts/pangolin.py -f /hps/software/users/cochrane/ena/azyoud/lineages/private_multifasta -o /hps/software/users/cochrane/ena/azyoud/lineages/pango
        (one of the commands exited with non-zero exit code; note that snakemake uses bash strict mode!)

Removing output files of failed job run_pangolin since they might be corrupted:
/hps/software/users/cochrane/ena/azyoud/lineages/pango
Complete log: /hps/software/users/cochrane/ena/azyoud/lineages/lineages_workflow/workflow/.snakemake/log/2022-04-20T100047.688322.snakemake.log
