Building DAG of jobs...
Using shell: /usr/local/bin/bash
Provided cluster nodes: 500
Job stats:
job             count    min threads    max threads
------------  -------  -------------  -------------
all                 1              1              1
concat_csv          1              1              1
run_pangolin       18              4              4
total              20              1              4

Select jobs to execute...

[Mon May 23 17:14:55 2022]
rule run_pangolin:
    input: /hps/nobackup/cochrane/ena/users/azyoud/lineages_workflow_output/private_multifasta/multifasta_397.fasta
    output: /hps/nobackup/cochrane/ena/users/azyoud/lineages_workflow_output/pango/pango_lineages.397.csv
    jobid: 400
    wildcards: n=397
    threads: 4
    resources: tmpdir=/tmp, mem_mb=2048

Submitted job 400 with external jobid '2598908 logs/cluster/run_pangolin/n=397/jobid400_11a77058-e7dc-4b39-87c7-7042a1a8630d.out'.

[Mon May 23 17:14:56 2022]
rule run_pangolin:
    input: /hps/nobackup/cochrane/ena/users/azyoud/lineages_workflow_output/private_multifasta/multifasta_150.fasta
    output: /hps/nobackup/cochrane/ena/users/azyoud/lineages_workflow_output/pango/pango_lineages.150.csv
    jobid: 153
    wildcards: n=150
    threads: 4
    resources: tmpdir=/tmp, mem_mb=2048

Submitted job 153 with external jobid '2598909 logs/cluster/run_pangolin/n=150/jobid153_acb9b9fe-8e00-4275-889f-680fea5ef0b1.out'.

[Mon May 23 17:14:57 2022]
rule run_pangolin:
    input: /hps/nobackup/cochrane/ena/users/azyoud/lineages_workflow_output/private_multifasta/multifasta_292.fasta
    output: /hps/nobackup/cochrane/ena/users/azyoud/lineages_workflow_output/pango/pango_lineages.292.csv
    jobid: 295
    wildcards: n=292
    threads: 4
    resources: tmpdir=/tmp, mem_mb=2048

Submitted job 295 with external jobid '2598911 logs/cluster/run_pangolin/n=292/jobid295_6db68430-8ef8-4a4b-b3f3-59db7a52b3c1.out'.

[Mon May 23 17:14:58 2022]
rule run_pangolin:
    input: /hps/nobackup/cochrane/ena/users/azyoud/lineages_workflow_output/private_multifasta/multifasta_157.fasta
    output: /hps/nobackup/cochrane/ena/users/azyoud/lineages_workflow_output/pango/pango_lineages.157.csv
    jobid: 160
    wildcards: n=157
    threads: 4
    resources: tmpdir=/tmp, mem_mb=2048

Submitted job 160 with external jobid '2598912 logs/cluster/run_pangolin/n=157/jobid160_47a40bab-7146-4c9d-b936-9160586db62a.out'.

[Mon May 23 17:14:59 2022]
rule run_pangolin:
    input: /hps/nobackup/cochrane/ena/users/azyoud/lineages_workflow_output/private_multifasta/multifasta_322.fasta
    output: /hps/nobackup/cochrane/ena/users/azyoud/lineages_workflow_output/pango/pango_lineages.322.csv
    jobid: 325
    wildcards: n=322
    threads: 4
    resources: tmpdir=/tmp, mem_mb=2048

Submitted job 325 with external jobid '2598913 logs/cluster/run_pangolin/n=322/jobid325_dea3f7dc-6dcf-4595-b002-fd4a7f2f396c.out'.

[Mon May 23 17:15:00 2022]
rule run_pangolin:
    input: /hps/nobackup/cochrane/ena/users/azyoud/lineages_workflow_output/private_multifasta/multifasta_62.fasta
    output: /hps/nobackup/cochrane/ena/users/azyoud/lineages_workflow_output/pango/pango_lineages.62.csv
    jobid: 65
    wildcards: n=62
    threads: 4
    resources: tmpdir=/tmp, mem_mb=2048

Submitted job 65 with external jobid '2598917 logs/cluster/run_pangolin/n=62/jobid65_378d7730-894f-414c-99d1-da98ce5c35d1.out'.

[Mon May 23 17:15:00 2022]
rule run_pangolin:
    input: /hps/nobackup/cochrane/ena/users/azyoud/lineages_workflow_output/private_multifasta/multifasta_204.fasta
    output: /hps/nobackup/cochrane/ena/users/azyoud/lineages_workflow_output/pango/pango_lineages.204.csv
    jobid: 207
    wildcards: n=204
    threads: 4
    resources: tmpdir=/tmp, mem_mb=2048

Submitted job 207 with external jobid '2598920 logs/cluster/run_pangolin/n=204/jobid207_04ea6b7a-5a0a-4897-8017-b56b87f14a4b.out'.

[Mon May 23 17:15:01 2022]
rule run_pangolin:
    input: /hps/nobackup/cochrane/ena/users/azyoud/lineages_workflow_output/private_multifasta/multifasta_369.fasta
    output: /hps/nobackup/cochrane/ena/users/azyoud/lineages_workflow_output/pango/pango_lineages.369.csv
    jobid: 372
    wildcards: n=369
    threads: 4
    resources: tmpdir=/tmp, mem_mb=2048

Submitted job 372 with external jobid '2598921 logs/cluster/run_pangolin/n=369/jobid372_06128007-d4ab-4208-b4ab-a168d2b8875a.out'.

[Mon May 23 17:15:03 2022]
rule run_pangolin:
    input: /hps/nobackup/cochrane/ena/users/azyoud/lineages_workflow_output/private_multifasta/multifasta_236.fasta
    output: /hps/nobackup/cochrane/ena/users/azyoud/lineages_workflow_output/pango/pango_lineages.236.csv
    jobid: 239
    wildcards: n=236
    threads: 4
    resources: tmpdir=/tmp, mem_mb=2048

Submitted job 239 with external jobid '2598925 logs/cluster/run_pangolin/n=236/jobid239_d6b3b873-d26c-4545-8e3d-6ac9656ee337.out'.

[Mon May 23 17:15:04 2022]
rule run_pangolin:
    input: /hps/nobackup/cochrane/ena/users/azyoud/lineages_workflow_output/private_multifasta/multifasta_371.fasta
    output: /hps/nobackup/cochrane/ena/users/azyoud/lineages_workflow_output/pango/pango_lineages.371.csv
    jobid: 374
    wildcards: n=371
    threads: 4
    resources: tmpdir=/tmp, mem_mb=2048

Submitted job 374 with external jobid '2598926 logs/cluster/run_pangolin/n=371/jobid374_807d3965-1851-4c2b-a420-77703e82c419.out'.

[Mon May 23 17:15:06 2022]
rule run_pangolin:
    input: /hps/nobackup/cochrane/ena/users/azyoud/lineages_workflow_output/private_multifasta/multifasta_431.fasta
    output: /hps/nobackup/cochrane/ena/users/azyoud/lineages_workflow_output/pango/pango_lineages.431.csv
    jobid: 434
    wildcards: n=431
    threads: 4
    resources: tmpdir=/tmp, mem_mb=2048

Submitted job 434 with external jobid '2598930 logs/cluster/run_pangolin/n=431/jobid434_0ab91d9a-d261-44bf-bcd1-e3a9960de52d.out'.

[Mon May 23 17:15:06 2022]
rule run_pangolin:
    input: /hps/nobackup/cochrane/ena/users/azyoud/lineages_workflow_output/private_multifasta/multifasta_433.fasta
    output: /hps/nobackup/cochrane/ena/users/azyoud/lineages_workflow_output/pango/pango_lineages.433.csv
    jobid: 436
    wildcards: n=433
    threads: 4
    resources: tmpdir=/tmp, mem_mb=2048

Submitted job 436 with external jobid '2598932 logs/cluster/run_pangolin/n=433/jobid436_de10aa90-5b28-4dd5-99be-ee08794b28d6.out'.

[Mon May 23 17:15:09 2022]
rule run_pangolin:
    input: /hps/nobackup/cochrane/ena/users/azyoud/lineages_workflow_output/private_multifasta/multifasta_53.fasta
    output: /hps/nobackup/cochrane/ena/users/azyoud/lineages_workflow_output/pango/pango_lineages.53.csv
    jobid: 56
    wildcards: n=53
    threads: 4
    resources: tmpdir=/tmp, mem_mb=2048

Submitted job 56 with external jobid '2598935 logs/cluster/run_pangolin/n=53/jobid56_2309e05f-156b-409e-9b8a-cd3098c2d113.out'.

[Mon May 23 17:15:11 2022]
rule run_pangolin:
    input: /hps/nobackup/cochrane/ena/users/azyoud/lineages_workflow_output/private_multifasta/multifasta_158.fasta
    output: /hps/nobackup/cochrane/ena/users/azyoud/lineages_workflow_output/pango/pango_lineages.158.csv
    jobid: 161
    wildcards: n=158
    threads: 4
    resources: tmpdir=/tmp, mem_mb=2048

Submitted job 161 with external jobid '2598937 logs/cluster/run_pangolin/n=158/jobid161_a12b9d19-1aed-44d0-bd89-52ec9275a146.out'.

[Mon May 23 17:15:14 2022]
rule run_pangolin:
    input: /hps/nobackup/cochrane/ena/users/azyoud/lineages_workflow_output/private_multifasta/multifasta_226.fasta
    output: /hps/nobackup/cochrane/ena/users/azyoud/lineages_workflow_output/pango/pango_lineages.226.csv
    jobid: 229
    wildcards: n=226
    threads: 4
    resources: tmpdir=/tmp, mem_mb=2048

Submitted job 229 with external jobid '2598942 logs/cluster/run_pangolin/n=226/jobid229_f0763c7f-ddd3-419a-9fea-2276dc839c4d.out'.

[Mon May 23 17:15:18 2022]
rule run_pangolin:
    input: /hps/nobackup/cochrane/ena/users/azyoud/lineages_workflow_output/private_multifasta/multifasta_205.fasta
    output: /hps/nobackup/cochrane/ena/users/azyoud/lineages_workflow_output/pango/pango_lineages.205.csv
    jobid: 208
    wildcards: n=205
    threads: 4
    resources: tmpdir=/tmp, mem_mb=2048

Submitted job 208 with external jobid '2598944 logs/cluster/run_pangolin/n=205/jobid208_06bd1e4e-1380-476d-81c5-6cea54614230.out'.

[Mon May 23 17:15:21 2022]
rule run_pangolin:
    input: /hps/nobackup/cochrane/ena/users/azyoud/lineages_workflow_output/private_multifasta/multifasta_303.fasta
    output: /hps/nobackup/cochrane/ena/users/azyoud/lineages_workflow_output/pango/pango_lineages.303.csv
    jobid: 306
    wildcards: n=303
    threads: 4
    resources: tmpdir=/tmp, mem_mb=2048

Submitted job 306 with external jobid '2598947 logs/cluster/run_pangolin/n=303/jobid306_672bc71a-0320-453a-b170-c279e0059153.out'.

[Mon May 23 17:15:22 2022]
rule run_pangolin:
    input: /hps/nobackup/cochrane/ena/users/azyoud/lineages_workflow_output/private_multifasta/multifasta_471.fasta
    output: /hps/nobackup/cochrane/ena/users/azyoud/lineages_workflow_output/pango/pango_lineages.471.csv
    jobid: 474
    wildcards: n=471
    threads: 4
    resources: tmpdir=/tmp, mem_mb=2048

Submitted job 474 with external jobid '2598948 logs/cluster/run_pangolin/n=471/jobid474_73a9c4e9-6131-4427-a20a-c2ecf46b3660.out'.
[Mon May 23 17:15:42 2022]
Finished job 436.
1 of 20 steps (5%) done
[Mon May 23 17:15:48 2022]
Finished job 400.
2 of 20 steps (10%) done
[Mon May 23 17:15:49 2022]
Finished job 153.
3 of 20 steps (15%) done
[Mon May 23 17:15:49 2022]
Finished job 295.
4 of 20 steps (20%) done
[Mon May 23 17:15:52 2022]
Finished job 160.
5 of 20 steps (25%) done
[Mon May 23 17:15:54 2022]
Finished job 325.
6 of 20 steps (30%) done
[Mon May 23 17:15:56 2022]
Finished job 65.
7 of 20 steps (35%) done
[Mon May 23 17:15:58 2022]
Finished job 207.
8 of 20 steps (40%) done
[Mon May 23 17:16:01 2022]
Finished job 372.
9 of 20 steps (45%) done
[Mon May 23 17:16:08 2022]
Finished job 474.
10 of 20 steps (50%) done
[Mon May 23 17:16:20 2022]
Finished job 374.
11 of 20 steps (55%) done
[Mon May 23 17:16:20 2022]
Finished job 434.
12 of 20 steps (60%) done
[Mon May 23 17:16:23 2022]
Finished job 56.
13 of 20 steps (65%) done
[Mon May 23 17:16:26 2022]
Finished job 161.
14 of 20 steps (70%) done
[Mon May 23 17:16:28 2022]
Finished job 229.
15 of 20 steps (75%) done
[Mon May 23 17:16:31 2022]
Finished job 208.
16 of 20 steps (80%) done
[Mon May 23 17:16:32 2022]
Finished job 306.
17 of 20 steps (85%) done
[Mon May 23 17:16:44 2022]
Finished job 239.
18 of 20 steps (90%) done
Select jobs to execute...

[Mon May 23 17:16:45 2022]
rule concat_csv:
    input: /hps/nobackup/cochrane/ena/users/azyoud/lineages_workflow_output/pango/pango_lineages.1.csv, /hps/nobackup/cochrane/ena/users/azyoud/lineages_workflow_output/pango/pango_lineages.2.csv, /hps/nobackup/cochrane/ena/users/azyoud/lineages_workflow_output/pango/pango_lineages.3.csv, /hps/nobackup/cochrane/ena/users/azyoud/lineages_workflow_output/pango/pango_lineages.4.csv, /hps/nobackup/cochrane/ena/users/azyoud/lineages_workflow_output/pango/pango_lineages.5.csv, /hps/nobackup/cochrane/ena/users/azyoud/lineages_workflow_output/pango/pango_lineages.6.csv, /hps/nobackup/cochrane/ena/users/azyoud/lineages_workflow_output/pango/pango_lineages.7.csv, /hps/nobackup/cochrane/ena/users/azyoud/lineages_workflow_output/pango/pango_lineages.8.csv, /hps/nobackup/cochrane/ena/users/azyoud/lineages_workflow_output/pango/pango_lineages.9.csv, /hps/nobackup/cochrane/ena/users/azyoud/lineages_workflow_output/pango/pango_lineages.10.csv, /hps/nobackup/cochrane/ena/users/azyoud/lineages_workflow_output/pango/pango_lineages.11.csv, /hps/nobackup/cochrane/ena/users/azyoud/lineages_workflow_output/pango/pango_lineages.12.csv, /hps/nobackup/cochrane/ena/users/azyoud/lineages_workflow_output/pango/pango_lineages.13.csv, /hps/nobackup/cochrane/ena/users/azyoud/lineages_workflow_output/pango/pango_lineages.14.csv, /hps/nobackup/cochrane/ena/users/azyoud/lineages_workflow_output/pango/pango_lineages.15.csv, /hps/nobackup/cochrane/ena/users/azyoud/lineages_workflow_output/pango/pango_lineages.16.csv, /hps/nobackup/cochrane/ena/users/azyoud/lineages_workflow_output/pango/pango_lineages.17.csv, /hps/nobackup/cochrane/ena/users/azyoud/lineages_workflow_output/pango/pango_lineages.18.csv, /hps/nobackup/cochrane/ena/users/azyoud/lineages_workflow_output/pango/pango_lineages.19.csv, /hps/nobackup/cochrane/ena/users/azyoud/lineages_workflow_output/pango/pango_lineages.20.csv, /hps/nobackup/cochrane/ena/users/azyoud/lineages_workflow_output/pango/pango_lineages.21.csv, /hps/nobackup/cochrane/ena/users/azyoud/lineages_workflow_output/pango/pango_lineages.22.csv, /hps/nobackup/cochrane/ena/users/azyoud/lineages_workflow_output/pango/pango_lineages.23.csv, /hps/nobackup/cochrane/ena/users/azyoud/lineages_workflow_output/pango/pango_lineages.24.csv, /hps/nobackup/cochrane/ena/users/azyoud/lineages_workflow_output/pango/pango_lineages.25.csv, /hps/nobackup/cochrane/ena/users/azyoud/lineages_workflow_output/pango/pango_lineages.26.csv, /hps/nobackup/cochrane/ena/users/azyoud/lineages_workflow_output/pango/pango_lineages.27.csv, /hps/nobackup/cochrane/ena/users/azyoud/lineages_workflow_output/pango/pango_lineages.28.csv, /hps/nobackup/cochrane/ena/users/azyoud/lineages_workflow_output/pango/pango_lineages.29.csv, /hps/nobackup/cochrane/ena/users/azyoud/lineages_workflow_output/pango/pango_lineages.30.csv, /hps/nobackup/cochrane/ena/users/azyoud/lineages_workflow_output/pango/pango_lineages.31.csv, /hps/nobackup/cochrane/ena/users/azyoud/lineages_workflow_output/pango/pango_lineages.32.csv, /hps/nobackup/cochrane/ena/users/azyoud/lineages_workflow_output/pango/pango_lineages.33.csv, /hps/nobackup/cochrane/ena/users/azyoud/lineages_workflow_output/pango/pango_lineages.34.csv, /hps/nobackup/cochrane/ena/users/azyoud/lineages_workflow_output/pango/pango_lineages.35.csv, /hps/nobackup/cochrane/ena/users/azyoud/lineages_workflow_output/pango/pango_lineages.36.csv, /hps/nobackup/cochrane/ena/users/azyoud/lineages_workflow_output/pango/pango_lineages.37.csv, /hps/nobackup/cochrane/ena/users/azyoud/lineages_workflow_output/pango/pango_lineages.38.csv, /hps/nobackup/cochrane/ena/users/azyoud/lineages_workflow_output/pango/pango_lineages.39.csv, /hps/nobackup/cochrane/ena/users/azyoud/lineages_workflow_output/pango/pango_lineages.40.csv, /hps/nobackup/cochrane/ena/users/azyoud/lineages_workflow_output/pango/pango_lineages.41.csv, /hps/nobackup/cochrane/ena/users/azyoud/lineages_workflow_output/pango/pango_lineages.42.csv, /hps/nobackup/cochrane/ena/users/azyoud/lineages_workflow_output/pango/pango_lineages.43.csv, /hps/nobackup/cochrane/ena/users/azyoud/lineages_workflow_output/pango/pango_lineages.44.csv, /hps/nobackup/cochrane/ena/users/azyoud/lineages_workflow_output/pango/pango_lineages.45.csv, /hps/nobackup/cochrane/ena/users/azyoud/lineages_workflow_output/pango/pango_lineages.46.csv, /hps/nobackup/cochrane/ena/users/azyoud/lineages_workflow_output/pango/pango_lineages.47.csv, /hps/nobackup/cochrane/ena/users/azyoud/lineages_workflow_output/pango/pango_lineages.48.csv, /hps/nobackup/cochrane/ena/users/azyoud/lineages_workflow_output/pango/pango_lineages.49.csv, /hps/nobackup/cochrane/ena/users/azyoud/lineages_workflow_output/pango/pango_lineages.50.csv, /hps/nobackup/cochrane/ena/users/azyoud/lineages_workflow_output/pango/pango_lineages.51.csv, /hps/nobackup/cochrane/ena/users/azyoud/lineages_workflow_output/pango/pango_lineages.52.csv, /hps/nobackup/cochrane/ena/users/azyoud/lineages_workflow_output/pango/pango_lineages.53.csv, /hps/nobackup/cochrane/ena/users/azyoud/lineages_workflow_output/pango/pango_lineages.54.csv, /hps/nobackup/cochrane/ena/users/azyoud/lineages_workflow_output/pango/pango_lineages.55.csv, /hps/nobackup/cochrane/ena/users/azyoud/lineages_workflow_output/pango/pango_lineages.56.csv, /hps/nobackup/cochrane/ena/users/azyoud/lineages_workflow_output/pango/pango_lineages.57.csv, /hps/nobackup/cochrane/ena/users/azyoud/lineages_workflow_output/pango/pango_lineages.58.csv, /hps/nobackup/cochrane/ena/users/azyoud/lineages_workflow_output/pango/pango_lineages.59.csv, /hps/nobackup/cochrane/ena/users/azyoud/lineages_workflow_output/pango/pango_lineages.60.csv, /hps/nobackup/cochrane/ena/users/azyoud/lineages_workflow_output/pango/pango_lineages.61.csv, /hps/nobackup/cochrane/ena/users/azyoud/lineages_workflow_output/pango/pango_lineages.62.csv, /hps/nobackup/cochrane/ena/users/azyoud/lineages_workflow_output/pango/pango_lineages.63.csv, /hps/nobackup/cochrane/ena/users/azyoud/lineages_workflow_output/pango/pango_lineages.64.csv, /hps/nobackup/cochrane/ena/users/azyoud/lineages_workflow_output/pango/pango_lineages.65.csv, /hps/nobackup/cochrane/ena/users/azyoud/lineages_workflow_output/pango/pango_lineages.66.csv, /hps/nobackup/cochrane/ena/users/azyoud/lineages_workflow_output/pango/pango_lineages.67.csv, /hps/nobackup/cochrane/ena/users/azyoud/lineages_workflow_output/pango/pango_lineages.68.csv, /hps/nobackup/cochrane/ena/users/azyoud/lineages_workflow_output/pango/pango_lineages.69.csv, /hps/nobackup/cochrane/ena/users/azyoud/lineages_workflow_output/pango/pango_lineages.70.csv, /hps/nobackup/cochrane/ena/users/azyoud/lineages_workflow_output/pango/pango_lineages.71.csv, /hps/nobackup/cochrane/ena/users/azyoud/lineages_workflow_output/pango/pango_lineages.72.csv, /hps/nobackup/cochrane/ena/users/azyoud/lineages_workflow_output/pango/pango_lineages.73.csv, /hps/nobackup/cochrane/ena/users/azyoud/lineages_workflow_output/pango/pango_lineages.74.csv, /hps/nobackup/cochrane/ena/users/azyoud/lineages_workflow_output/pango/pango_lineages.75.csv, /hps/nobackup/cochrane/ena/users/azyoud/lineages_workflow_output/pango/pango_lineages.76.csv, /hps/nobackup/cochrane/ena/users/azyoud/lineages_workflow_output/pango/pango_lineages.77.csv, /hps/nobackup/cochrane/ena/users/azyoud/lineages_workflow_output/pango/pango_lineages.78.csv, /hps/nobackup/cochrane/ena/users/azyoud/lineages_workflow_output/pango/pango_lineages.79.csv, /hps/nobackup/cochrane/ena/users/azyoud/lineages_workflow_output/pango/pango_lineages.80.csv, /hps/nobackup/cochrane/ena/users/azyoud/lineages_workflow_output/pango/pango_lineages.81.csv, /hps/nobackup/cochrane/ena/users/azyoud/lineages_workflow_output/pango/pango_lineages.82.csv, /hps/nobackup/cochrane/ena/users/azyoud/lineages_workflow_output/pango/pango_lineages.83.csv, /hps/nobackup/cochrane/ena/users/azyoud/lineages_workflow_output/pango/pango_lineages.84.csv, /hps/nobackup/cochrane/ena/users/azyoud/lineages_workflow_output/pango/pango_lineages.85.csv, /hps/nobackup/cochrane/ena/users/azyoud/lineages_workflow_output/pango/pango_lineages.86.csv, /hps/nobackup/cochrane/ena/users/azyoud/lineages_workflow_output/pango/pango_lineages.87.csv, /hps/nobackup/cochrane/ena/users/azyoud/lineages_workflow_output/pango/pango_lineages.88.csv, /hps/nobackup/cochrane/ena/users/azyoud/lineages_workflow_output/pango/pango_lineages.89.csv, /hps/nobackup/cochrane/ena/users/azyoud/lineages_workflow_output/pango/pango_lineages.90.csv, /hps/nobackup/cochrane/ena/users/azyoud/lineages_workflow_output/pango/pango_lineages.91.csv, /hps/nobackup/cochrane/ena/users/azyoud/lineages_workflow_output/pango/pango_lineages.92.csv, /hps/nobackup/cochrane/ena/users/azyoud/lineages_workflow_output/pango/pango_lineages.93.csv, /hps/nobackup/cochrane/ena/users/azyoud/lineages_workflow_output/pango/pango_lineages.94.csv, /hps/nobackup/cochrane/ena/users/azyoud/lineages_workflow_output/pango/pango_lineages.95.csv, /hps/nobackup/cochrane/ena/users/azyoud/lineages_workflow_output/pango/pango_lineages.96.csv, /hps/nobackup/cochrane/ena/users/azyoud/lineages_workflow_output/pango/pango_lineages.97.csv, /hps/nobackup/cochrane/ena/users/azyoud/lineages_workflow_output/pango/pango_lineages.98.csv, /hps/nobackup/cochrane/ena/users/azyoud/lineages_workflow_output/pango/pango_lineages.99.csv, /hps/nobackup/cochrane/ena/users/azyoud/lineages_workflow_output/pango/pango_lineages.100.csv, /hps/nobackup/cochrane/ena/users/azyoud/lineages_workflow_output/pango/pango_lineages.101.csv, /hps/nobackup/cochrane/ena/users/azyoud/lineages_workflow_output/pango/pango_lineages.102.csv, /hps/nobackup/cochrane/ena/users/azyoud/lineages_workflow_output/pango/pango_lineages.103.csv, /hps/nobackup/cochrane/ena/users/azyoud/lineages_workflow_output/pango/pango_lineages.104.csv, /hps/nobackup/cochrane/ena/users/azyoud/lineages_workflow_output/pango/pango_lineages.105.csv, /hps/nobackup/cochrane/ena/users/azyoud/lineages_workflow_output/pango/pango_lineages.106.csv, /hps/nobackup/cochrane/ena/users/azyoud/lineages_workflow_output/pango/pango_lineages.107.csv, /hps/nobackup/cochrane/ena/users/azyoud/lineages_workflow_output/pango/pango_lineages.108.csv, /hps/nobackup/cochrane/ena/users/azyoud/lineages_workflow_output/pango/pango_lineages.109.csv, /hps/nobackup/cochrane/ena/users/azyoud/lineages_workflow_output/pango/pango_lineages.110.csv, /hps/nobackup/cochrane/ena/users/azyoud/lineages_workflow_output/pango/pango_lineages.111.csv, /hps/nobackup/cochrane/ena/users/azyoud/lineages_workflow_output/pango/pango_lineages.112.csv, /hps/nobackup/cochrane/ena/users/azyoud/lineages_workflow_output/pango/pango_lineages.113.csv, /hps/nobackup/cochrane/ena/users/azyoud/lineages_workflow_output/pango/pango_lineages.114.csv, /hps/nobackup/cochrane/ena/users/azyoud/lineages_workflow_output/pango/pango_lineages.115.csv, /hps/nobackup/cochrane/ena/users/azyoud/lineages_workflow_output/pango/pango_lineages.116.csv, /hps/nobackup/cochrane/ena/users/azyoud/lineages_workflow_output/pango/pango_lineages.117.csv, /hps/nobackup/cochrane/ena/users/azyoud/lineages_workflow_output/pango/pango_lineages.118.csv, /hps/nobackup/cochrane/ena/users/azyoud/lineages_workflow_output/pango/pango_lineages.119.csv, /hps/nobackup/cochrane/ena/users/azyoud/lineages_workflow_output/pango/pango_lineages.120.csv, /hps/nobackup/cochrane/ena/users/azyoud/lineages_workflow_output/pango/pango_lineages.121.csv, /hps/nobackup/cochrane/ena/users/azyoud/lineages_workflow_output/pango/pango_lineages.122.csv, /hps/nobackup/cochrane/ena/users/azyoud/lineages_workflow_output/pango/pango_lineages.123.csv, /hps/nobackup/cochrane/ena/users/azyoud/lineages_workflow_output/pango/pango_lineages.124.csv, /hps/nobackup/cochrane/ena/users/azyoud/lineages_workflow_output/pango/pango_lineages.125.csv, /hps/nobackup/cochrane/ena/users/azyoud/lineages_workflow_output/pango/pango_lineages.126.csv, /hps/nobackup/cochrane/ena/users/azyoud/lineages_workflow_output/pango/pango_lineages.127.csv, /hps/nobackup/cochrane/ena/users/azyoud/lineages_workflow_output/pango/pango_lineages.128.csv, /hps/nobackup/cochrane/ena/users/azyoud/lineages_workflow_output/pango/pango_lineages.129.csv, /hps/nobackup/cochrane/ena/users/azyoud/lineages_workflow_output/pango/pango_lineages.130.csv, /hps/nobackup/cochrane/ena/users/azyoud/lineages_workflow_output/pango/pango_lineages.131.csv, /hps/nobackup/cochrane/ena/users/azyoud/lineages_workflow_output/pango/pango_lineages.132.csv, /hps/nobackup/cochrane/ena/users/azyoud/lineages_workflow_output/pango/pango_lineages.133.csv, /hps/nobackup/cochrane/ena/users/azyoud/lineages_workflow_output/pango/pango_lineages.134.csv, /hps/nobackup/cochrane/ena/users/azyoud/lineages_workflow_output/pango/pango_lineages.135.csv, /hps/nobackup/cochrane/ena/users/azyoud/lineages_workflow_output/pango/pango_lineages.136.csv, /hps/nobackup/cochrane/ena/users/azyoud/lineages_workflow_output/pango/pango_lineages.137.csv, /hps/nobackup/cochrane/ena/users/azyoud/lineages_workflow_output/pango/pango_lineages.138.csv, /hps/nobackup/cochrane/ena/users/azyoud/lineages_workflow_output/pango/pango_lineages.139.csv, /hps/nobackup/cochrane/ena/users/azyoud/lineages_workflow_output/pango/pango_lineages.140.csv, /hps/nobackup/cochrane/ena/users/azyoud/lineages_workflow_output/pango/pango_lineages.141.csv, /hps/nobackup/cochrane/ena/users/azyoud/lineages_workflow_output/pango/pango_lineages.142.csv, /hps/nobackup/cochrane/ena/users/azyoud/lineages_workflow_output/pango/pango_lineages.143.csv, /hps/nobackup/cochrane/ena/users/azyoud/lineages_workflow_output/pango/pango_lineages.144.csv, /hps/nobackup/cochrane/ena/users/azyoud/lineages_workflow_output/pango/pango_lineages.145.csv, /hps/nobackup/cochrane/ena/users/azyoud/lineages_workflow_output/pango/pango_lineages.146.csv, /hps/nobackup/cochrane/ena/users/azyoud/lineages_workflow_output/pango/pango_lineages.147.csv, /hps/nobackup/cochrane/ena/users/azyoud/lineages_workflow_output/pango/pango_lineages.148.csv, /hps/nobackup/cochrane/ena/users/azyoud/lineages_workflow_output/pango/pango_lineages.149.csv, /hps/nobackup/cochrane/ena/users/azyoud/lineages_workflow_output/pango/pango_lineages.150.csv, /hps/nobackup/cochrane/ena/users/azyoud/lineages_workflow_output/pango/pango_lineages.151.csv, /hps/nobackup/cochrane/ena/users/azyoud/lineages_workflow_output/pango/pango_lineages.152.csv, /hps/nobackup/cochrane/ena/users/azyoud/lineages_workflow_output/pango/pango_lineages.153.csv, /hps/nobackup/cochrane/ena/users/azyoud/lineages_workflow_output/pango/pango_lineages.154.csv, /hps/nobackup/cochrane/ena/users/azyoud/lineages_workflow_output/pango/pango_lineages.155.csv, /hps/nobackup/cochrane/ena/users/azyoud/lineages_workflow_output/pango/pango_lineages.156.csv, /hps/nobackup/cochrane/ena/users/azyoud/lineages_workflow_output/pango/pango_lineages.157.csv, /hps/nobackup/cochrane/ena/users/azyoud/lineages_workflow_output/pango/pango_lineages.158.csv, /hps/nobackup/cochrane/ena/users/azyoud/lineages_workflow_output/pango/pango_lineages.159.csv, /hps/nobackup/cochrane/ena/users/azyoud/lineages_workflow_output/pango/pango_lineages.160.csv, /hps/nobackup/cochrane/ena/users/azyoud/lineages_workflow_output/pango/pango_lineages.161.csv, /hps/nobackup/cochrane/ena/users/azyoud/lineages_workflow_output/pango/pango_lineages.162.csv, /hps/nobackup/cochrane/ena/users/azyoud/lineages_workflow_output/pango/pango_lineages.163.csv, /hps/nobackup/cochrane/ena/users/azyoud/lineages_workflow_output/pango/pango_lineages.164.csv, /hps/nobackup/cochrane/ena/users/azyoud/lineages_workflow_output/pango/pango_lineages.165.csv, /hps/nobackup/cochrane/ena/users/azyoud/lineages_workflow_output/pango/pango_lineages.166.csv, /hps/nobackup/cochrane/ena/users/azyoud/lineages_workflow_output/pango/pango_lineages.167.csv, /hps/nobackup/cochrane/ena/users/azyoud/lineages_workflow_output/pango/pango_lineages.168.csv, /hps/nobackup/cochrane/ena/users/azyoud/lineages_workflow_output/pango/pango_lineages.169.csv, /hps/nobackup/cochrane/ena/users/azyoud/lineages_workflow_output/pango/pango_lineages.170.csv, /hps/nobackup/cochrane/ena/users/azyoud/lineages_workflow_output/pango/pango_lineages.171.csv, /hps/nobackup/cochrane/ena/users/azyoud/lineages_workflow_output/pango/pango_lineages.172.csv, /hps/nobackup/cochrane/ena/users/azyoud/lineages_workflow_output/pango/pango_lineages.173.csv, /hps/nobackup/cochrane/ena/users/azyoud/lineages_workflow_output/pango/pango_lineages.174.csv, /hps/nobackup/cochrane/ena/users/azyoud/lineages_workflow_output/pango/pango_lineages.175.csv, /hps/nobackup/cochrane/ena/users/azyoud/lineages_workflow_output/pango/pango_lineages.176.csv, /hps/nobackup/cochrane/ena/users/azyoud/lineages_workflow_output/pango/pango_lineages.177.csv, /hps/nobackup/cochrane/ena/users/azyoud/lineages_workflow_output/pango/pango_lineages.178.csv, /hps/nobackup/cochrane/ena/users/azyoud/lineages_workflow_output/pango/pango_lineages.179.csv, /hps/nobackup/cochrane/ena/users/azyoud/lineages_workflow_output/pango/pango_lineages.180.csv, /hps/nobackup/cochrane/ena/users/azyoud/lineages_workflow_output/pango/pango_lineages.181.csv, /hps/nobackup/cochrane/ena/users/azyoud/lineages_workflow_output/pango/pango_lineages.182.csv, /hps/nobackup/cochrane/ena/users/azyoud/lineages_workflow_output/pango/pango_lineages.183.csv, /hps/nobackup/cochrane/ena/users/azyoud/lineages_workflow_output/pango/pango_lineages.184.csv, /hps/nobackup/cochrane/ena/users/azyoud/lineages_workflow_output/pango/pango_lineages.185.csv, /hps/nobackup/cochrane/ena/users/azyoud/lineages_workflow_output/pango/pango_lineages.186.csv, /hps/nobackup/cochrane/ena/users/azyoud/lineages_workflow_output/pango/pango_lineages.187.csv, /hps/nobackup/cochrane/ena/users/azyoud/lineages_workflow_output/pango/pango_lineages.188.csv, /hps/nobackup/cochrane/ena/users/azyoud/lineages_workflow_output/pango/pango_lineages.189.csv, /hps/nobackup/cochrane/ena/users/azyoud/lineages_workflow_output/pango/pango_lineages.190.csv, /hps/nobackup/cochrane/ena/users/azyoud/lineages_workflow_output/pango/pango_lineages.191.csv, /hps/nobackup/cochrane/ena/users/azyoud/lineages_workflow_output/pango/pango_lineages.192.csv, /hps/nobackup/cochrane/ena/users/azyoud/lineages_workflow_output/pango/pango_lineages.193.csv, /hps/nobackup/cochrane/ena/users/azyoud/lineages_workflow_output/pango/pango_lineages.194.csv, /hps/nobackup/cochrane/ena/users/azyoud/lineages_workflow_output/pango/pango_lineages.195.csv, /hps/nobackup/cochrane/ena/users/azyoud/lineages_workflow_output/pango/pango_lineages.196.csv, /hps/nobackup/cochrane/ena/users/azyoud/lineages_workflow_output/pango/pango_lineages.197.csv, /hps/nobackup/cochrane/ena/users/azyoud/lineages_workflow_output/pango/pango_lineages.198.csv, /hps/nobackup/cochrane/ena/users/azyoud/lineages_workflow_output/pango/pango_lineages.199.csv, /hps/nobackup/cochrane/ena/users/azyoud/lineages_workflow_output/pango/pango_lineages.200.csv, /hps/nobackup/cochrane/ena/users/azyoud/lineages_workflow_output/pango/pango_lineages.201.csv, /hps/nobackup/cochrane/ena/users/azyoud/lineages_workflow_output/pango/pango_lineages.202.csv, /hps/nobackup/cochrane/ena/users/azyoud/lineages_workflow_output/pango/pango_lineages.203.csv, /hps/nobackup/cochrane/ena/users/azyoud/lineages_workflow_output/pango/pango_lineages.204.csv, /hps/nobackup/cochrane/ena/users/azyoud/lineages_workflow_output/pango/pango_lineages.205.csv, /hps/nobackup/cochrane/ena/users/azyoud/lineages_workflow_output/pango/pango_lineages.206.csv, /hps/nobackup/cochrane/ena/users/azyoud/lineages_workflow_output/pango/pango_lineages.207.csv, /hps/nobackup/cochrane/ena/users/azyoud/lineages_workflow_output/pango/pango_lineages.208.csv, /hps/nobackup/cochrane/ena/users/azyoud/lineages_workflow_output/pango/pango_lineages.209.csv, /hps/nobackup/cochrane/ena/users/azyoud/lineages_workflow_output/pango/pango_lineages.210.csv, /hps/nobackup/cochrane/ena/users/azyoud/lineages_workflow_output/pango/pango_lineages.211.csv, /hps/nobackup/cochrane/ena/users/azyoud/lineages_workflow_output/pango/pango_lineages.212.csv, /hps/nobackup/cochrane/ena/users/azyoud/lineages_workflow_output/pango/pango_lineages.213.csv, /hps/nobackup/cochrane/ena/users/azyoud/lineages_workflow_output/pango/pango_lineages.214.csv, /hps/nobackup/cochrane/ena/users/azyoud/lineages_workflow_output/pango/pango_lineages.215.csv, /hps/nobackup/cochrane/ena/users/azyoud/lineages_workflow_output/pango/pango_lineages.216.csv, /hps/nobackup/cochrane/ena/users/azyoud/lineages_workflow_output/pango/pango_lineages.217.csv, /hps/nobackup/cochrane/ena/users/azyoud/lineages_workflow_output/pango/pango_lineages.218.csv, /hps/nobackup/cochrane/ena/users/azyoud/lineages_workflow_output/pango/pango_lineages.219.csv, /hps/nobackup/cochrane/ena/users/azyoud/lineages_workflow_output/pango/pango_lineages.220.csv, /hps/nobackup/cochrane/ena/users/azyoud/lineages_workflow_output/pango/pango_lineages.221.csv, /hps/nobackup/cochrane/ena/users/azyoud/lineages_workflow_output/pango/pango_lineages.222.csv, /hps/nobackup/cochrane/ena/users/azyoud/lineages_workflow_output/pango/pango_lineages.223.csv, /hps/nobackup/cochrane/ena/users/azyoud/lineages_workflow_output/pango/pango_lineages.224.csv, /hps/nobackup/cochrane/ena/users/azyoud/lineages_workflow_output/pango/pango_lineages.225.csv, /hps/nobackup/cochrane/ena/users/azyoud/lineages_workflow_output/pango/pango_lineages.226.csv, /hps/nobackup/cochrane/ena/users/azyoud/lineages_workflow_output/pango/pango_lineages.227.csv, /hps/nobackup/cochrane/ena/users/azyoud/lineages_workflow_output/pango/pango_lineages.228.csv, /hps/nobackup/cochrane/ena/users/azyoud/lineages_workflow_output/pango/pango_lineages.229.csv, /hps/nobackup/cochrane/ena/users/azyoud/lineages_workflow_output/pango/pango_lineages.230.csv, /hps/nobackup/cochrane/ena/users/azyoud/lineages_workflow_output/pango/pango_lineages.231.csv, /hps/nobackup/cochrane/ena/users/azyoud/lineages_workflow_output/pango/pango_lineages.232.csv, /hps/nobackup/cochrane/ena/users/azyoud/lineages_workflow_output/pango/pango_lineages.233.csv, /hps/nobackup/cochrane/ena/users/azyoud/lineages_workflow_output/pango/pango_lineages.234.csv, /hps/nobackup/cochrane/ena/users/azyoud/lineages_workflow_output/pango/pango_lineages.235.csv, /hps/nobackup/cochrane/ena/users/azyoud/lineages_workflow_output/pango/pango_lineages.236.csv, /hps/nobackup/cochrane/ena/users/azyoud/lineages_workflow_output/pango/pango_lineages.237.csv, /hps/nobackup/cochrane/ena/users/azyoud/lineages_workflow_output/pango/pango_lineages.238.csv, /hps/nobackup/cochrane/ena/users/azyoud/lineages_workflow_output/pango/pango_lineages.239.csv, /hps/nobackup/cochrane/ena/users/azyoud/lineages_workflow_output/pango/pango_lineages.240.csv, /hps/nobackup/cochrane/ena/users/azyoud/lineages_workflow_output/pango/pango_lineages.241.csv, /hps/nobackup/cochrane/ena/users/azyoud/lineages_workflow_output/pango/pango_lineages.242.csv, /hps/nobackup/cochrane/ena/users/azyoud/lineages_workflow_output/pango/pango_lineages.243.csv, /hps/nobackup/cochrane/ena/users/azyoud/lineages_workflow_output/pango/pango_lineages.244.csv, /hps/nobackup/cochrane/ena/users/azyoud/lineages_workflow_output/pango/pango_lineages.245.csv, /hps/nobackup/cochrane/ena/users/azyoud/lineages_workflow_output/pango/pango_lineages.246.csv, /hps/nobackup/cochrane/ena/users/azyoud/lineages_workflow_output/pango/pango_lineages.247.csv, /hps/nobackup/cochrane/ena/users/azyoud/lineages_workflow_output/pango/pango_lineages.248.csv, /hps/nobackup/cochrane/ena/users/azyoud/lineages_workflow_output/pango/pango_lineages.249.csv, /hps/nobackup/cochrane/ena/users/azyoud/lineages_workflow_output/pango/pango_lineages.250.csv, /hps/nobackup/cochrane/ena/users/azyoud/lineages_workflow_output/pango/pango_lineages.251.csv, /hps/nobackup/cochrane/ena/users/azyoud/lineages_workflow_output/pango/pango_lineages.252.csv, /hps/nobackup/cochrane/ena/users/azyoud/lineages_workflow_output/pango/pango_lineages.253.csv, /hps/nobackup/cochrane/ena/users/azyoud/lineages_workflow_output/pango/pango_lineages.254.csv, /hps/nobackup/cochrane/ena/users/azyoud/lineages_workflow_output/pango/pango_lineages.255.csv, /hps/nobackup/cochrane/ena/users/azyoud/lineages_workflow_output/pango/pango_lineages.256.csv, /hps/nobackup/cochrane/ena/users/azyoud/lineages_workflow_output/pango/pango_lineages.257.csv, /hps/nobackup/cochrane/ena/users/azyoud/lineages_workflow_output/pango/pango_lineages.258.csv, /hps/nobackup/cochrane/ena/users/azyoud/lineages_workflow_output/pango/pango_lineages.259.csv, /hps/nobackup/cochrane/ena/users/azyoud/lineages_workflow_output/pango/pango_lineages.260.csv, /hps/nobackup/cochrane/ena/users/azyoud/lineages_workflow_output/pango/pango_lineages.261.csv, /hps/nobackup/cochrane/ena/users/azyoud/lineages_workflow_output/pango/pango_lineages.262.csv, /hps/nobackup/cochrane/ena/users/azyoud/lineages_workflow_output/pango/pango_lineages.263.csv, /hps/nobackup/cochrane/ena/users/azyoud/lineages_workflow_output/pango/pango_lineages.264.csv, /hps/nobackup/cochrane/ena/users/azyoud/lineages_workflow_output/pango/pango_lineages.265.csv, /hps/nobackup/cochrane/ena/users/azyoud/lineages_workflow_output/pango/pango_lineages.266.csv, /hps/nobackup/cochrane/ena/users/azyoud/lineages_workflow_output/pango/pango_lineages.267.csv, /hps/nobackup/cochrane/ena/users/azyoud/lineages_workflow_output/pango/pango_lineages.268.csv, /hps/nobackup/cochrane/ena/users/azyoud/lineages_workflow_output/pango/pango_lineages.269.csv, /hps/nobackup/cochrane/ena/users/azyoud/lineages_workflow_output/pango/pango_lineages.270.csv, /hps/nobackup/cochrane/ena/users/azyoud/lineages_workflow_output/pango/pango_lineages.271.csv, /hps/nobackup/cochrane/ena/users/azyoud/lineages_workflow_output/pango/pango_lineages.272.csv, /hps/nobackup/cochrane/ena/users/azyoud/lineages_workflow_output/pango/pango_lineages.273.csv, /hps/nobackup/cochrane/ena/users/azyoud/lineages_workflow_output/pango/pango_lineages.274.csv, /hps/nobackup/cochrane/ena/users/azyoud/lineages_workflow_output/pango/pango_lineages.275.csv, /hps/nobackup/cochrane/ena/users/azyoud/lineages_workflow_output/pango/pango_lineages.276.csv, /hps/nobackup/cochrane/ena/users/azyoud/lineages_workflow_output/pango/pango_lineages.277.csv, /hps/nobackup/cochrane/ena/users/azyoud/lineages_workflow_output/pango/pango_lineages.278.csv, /hps/nobackup/cochrane/ena/users/azyoud/lineages_workflow_output/pango/pango_lineages.279.csv, /hps/nobackup/cochrane/ena/users/azyoud/lineages_workflow_output/pango/pango_lineages.280.csv, /hps/nobackup/cochrane/ena/users/azyoud/lineages_workflow_output/pango/pango_lineages.281.csv, /hps/nobackup/cochrane/ena/users/azyoud/lineages_workflow_output/pango/pango_lineages.282.csv, /hps/nobackup/cochrane/ena/users/azyoud/lineages_workflow_output/pango/pango_lineages.283.csv, /hps/nobackup/cochrane/ena/users/azyoud/lineages_workflow_output/pango/pango_lineages.284.csv, /hps/nobackup/cochrane/ena/users/azyoud/lineages_workflow_output/pango/pango_lineages.285.csv, /hps/nobackup/cochrane/ena/users/azyoud/lineages_workflow_output/pango/pango_lineages.286.csv, /hps/nobackup/cochrane/ena/users/azyoud/lineages_workflow_output/pango/pango_lineages.287.csv, /hps/nobackup/cochrane/ena/users/azyoud/lineages_workflow_output/pango/pango_lineages.288.csv, /hps/nobackup/cochrane/ena/users/azyoud/lineages_workflow_output/pango/pango_lineages.289.csv, /hps/nobackup/cochrane/ena/users/azyoud/lineages_workflow_output/pango/pango_lineages.290.csv, /hps/nobackup/cochrane/ena/users/azyoud/lineages_workflow_output/pango/pango_lineages.291.csv, /hps/nobackup/cochrane/ena/users/azyoud/lineages_workflow_output/pango/pango_lineages.292.csv, /hps/nobackup/cochrane/ena/users/azyoud/lineages_workflow_output/pango/pango_lineages.293.csv, /hps/nobackup/cochrane/ena/users/azyoud/lineages_workflow_output/pango/pango_lineages.294.csv, /hps/nobackup/cochrane/ena/users/azyoud/lineages_workflow_output/pango/pango_lineages.295.csv, /hps/nobackup/cochrane/ena/users/azyoud/lineages_workflow_output/pango/pango_lineages.296.csv, /hps/nobackup/cochrane/ena/users/azyoud/lineages_workflow_output/pango/pango_lineages.297.csv, /hps/nobackup/cochrane/ena/users/azyoud/lineages_workflow_output/pango/pango_lineages.298.csv, /hps/nobackup/cochrane/ena/users/azyoud/lineages_workflow_output/pango/pango_lineages.299.csv, /hps/nobackup/cochrane/ena/users/azyoud/lineages_workflow_output/pango/pango_lineages.300.csv, /hps/nobackup/cochrane/ena/users/azyoud/lineages_workflow_output/pango/pango_lineages.301.csv, /hps/nobackup/cochrane/ena/users/azyoud/lineages_workflow_output/pango/pango_lineages.302.csv, /hps/nobackup/cochrane/ena/users/azyoud/lineages_workflow_output/pango/pango_lineages.303.csv, /hps/nobackup/cochrane/ena/users/azyoud/lineages_workflow_output/pango/pango_lineages.304.csv, /hps/nobackup/cochrane/ena/users/azyoud/lineages_workflow_output/pango/pango_lineages.305.csv, /hps/nobackup/cochrane/ena/users/azyoud/lineages_workflow_output/pango/pango_lineages.306.csv, /hps/nobackup/cochrane/ena/users/azyoud/lineages_workflow_output/pango/pango_lineages.307.csv, /hps/nobackup/cochrane/ena/users/azyoud/lineages_workflow_output/pango/pango_lineages.308.csv, /hps/nobackup/cochrane/ena/users/azyoud/lineages_workflow_output/pango/pango_lineages.309.csv, /hps/nobackup/cochrane/ena/users/azyoud/lineages_workflow_output/pango/pango_lineages.310.csv, /hps/nobackup/cochrane/ena/users/azyoud/lineages_workflow_output/pango/pango_lineages.311.csv, /hps/nobackup/cochrane/ena/users/azyoud/lineages_workflow_output/pango/pango_lineages.312.csv, /hps/nobackup/cochrane/ena/users/azyoud/lineages_workflow_output/pango/pango_lineages.313.csv, /hps/nobackup/cochrane/ena/users/azyoud/lineages_workflow_output/pango/pango_lineages.314.csv, /hps/nobackup/cochrane/ena/users/azyoud/lineages_workflow_output/pango/pango_lineages.315.csv, /hps/nobackup/cochrane/ena/users/azyoud/lineages_workflow_output/pango/pango_lineages.316.csv, /hps/nobackup/cochrane/ena/users/azyoud/lineages_workflow_output/pango/pango_lineages.317.csv, /hps/nobackup/cochrane/ena/users/azyoud/lineages_workflow_output/pango/pango_lineages.318.csv, /hps/nobackup/cochrane/ena/users/azyoud/lineages_workflow_output/pango/pango_lineages.319.csv, /hps/nobackup/cochrane/ena/users/azyoud/lineages_workflow_output/pango/pango_lineages.320.csv, /hps/nobackup/cochrane/ena/users/azyoud/lineages_workflow_output/pango/pango_lineages.321.csv, /hps/nobackup/cochrane/ena/users/azyoud/lineages_workflow_output/pango/pango_lineages.322.csv, /hps/nobackup/cochrane/ena/users/azyoud/lineages_workflow_output/pango/pango_lineages.323.csv, /hps/nobackup/cochrane/ena/users/azyoud/lineages_workflow_output/pango/pango_lineages.324.csv, /hps/nobackup/cochrane/ena/users/azyoud/lineages_workflow_output/pango/pango_lineages.325.csv, /hps/nobackup/cochrane/ena/users/azyoud/lineages_workflow_output/pango/pango_lineages.326.csv, /hps/nobackup/cochrane/ena/users/azyoud/lineages_workflow_output/pango/pango_lineages.327.csv, /hps/nobackup/cochrane/ena/users/azyoud/lineages_workflow_output/pango/pango_lineages.328.csv, /hps/nobackup/cochrane/ena/users/azyoud/lineages_workflow_output/pango/pango_lineages.329.csv, /hps/nobackup/cochrane/ena/users/azyoud/lineages_workflow_output/pango/pango_lineages.330.csv, /hps/nobackup/cochrane/ena/users/azyoud/lineages_workflow_output/pango/pango_lineages.331.csv, /hps/nobackup/cochrane/ena/users/azyoud/lineages_workflow_output/pango/pango_lineages.332.csv, /hps/nobackup/cochrane/ena/users/azyoud/lineages_workflow_output/pango/pango_lineages.333.csv, /hps/nobackup/cochrane/ena/users/azyoud/lineages_workflow_output/pango/pango_lineages.334.csv, /hps/nobackup/cochrane/ena/users/azyoud/lineages_workflow_output/pango/pango_lineages.335.csv, /hps/nobackup/cochrane/ena/users/azyoud/lineages_workflow_output/pango/pango_lineages.336.csv, /hps/nobackup/cochrane/ena/users/azyoud/lineages_workflow_output/pango/pango_lineages.337.csv, /hps/nobackup/cochrane/ena/users/azyoud/lineages_workflow_output/pango/pango_lineages.338.csv, /hps/nobackup/cochrane/ena/users/azyoud/lineages_workflow_output/pango/pango_lineages.339.csv, /hps/nobackup/cochrane/ena/users/azyoud/lineages_workflow_output/pango/pango_lineages.340.csv, /hps/nobackup/cochrane/ena/users/azyoud/lineages_workflow_output/pango/pango_lineages.341.csv, /hps/nobackup/cochrane/ena/users/azyoud/lineages_workflow_output/pango/pango_lineages.342.csv, /hps/nobackup/cochrane/ena/users/azyoud/lineages_workflow_output/pango/pango_lineages.343.csv, /hps/nobackup/cochrane/ena/users/azyoud/lineages_workflow_output/pango/pango_lineages.344.csv, /hps/nobackup/cochrane/ena/users/azyoud/lineages_workflow_output/pango/pango_lineages.345.csv, /hps/nobackup/cochrane/ena/users/azyoud/lineages_workflow_output/pango/pango_lineages.346.csv, /hps/nobackup/cochrane/ena/users/azyoud/lineages_workflow_output/pango/pango_lineages.347.csv, /hps/nobackup/cochrane/ena/users/azyoud/lineages_workflow_output/pango/pango_lineages.348.csv, /hps/nobackup/cochrane/ena/users/azyoud/lineages_workflow_output/pango/pango_lineages.349.csv, /hps/nobackup/cochrane/ena/users/azyoud/lineages_workflow_output/pango/pango_lineages.350.csv, /hps/nobackup/cochrane/ena/users/azyoud/lineages_workflow_output/pango/pango_lineages.351.csv, /hps/nobackup/cochrane/ena/users/azyoud/lineages_workflow_output/pango/pango_lineages.352.csv, /hps/nobackup/cochrane/ena/users/azyoud/lineages_workflow_output/pango/pango_lineages.353.csv, /hps/nobackup/cochrane/ena/users/azyoud/lineages_workflow_output/pango/pango_lineages.354.csv, /hps/nobackup/cochrane/ena/users/azyoud/lineages_workflow_output/pango/pango_lineages.355.csv, /hps/nobackup/cochrane/ena/users/azyoud/lineages_workflow_output/pango/pango_lineages.356.csv, /hps/nobackup/cochrane/ena/users/azyoud/lineages_workflow_output/pango/pango_lineages.357.csv, /hps/nobackup/cochrane/ena/users/azyoud/lineages_workflow_output/pango/pango_lineages.358.csv, /hps/nobackup/cochrane/ena/users/azyoud/lineages_workflow_output/pango/pango_lineages.359.csv, /hps/nobackup/cochrane/ena/users/azyoud/lineages_workflow_output/pango/pango_lineages.360.csv, /hps/nobackup/cochrane/ena/users/azyoud/lineages_workflow_output/pango/pango_lineages.361.csv, /hps/nobackup/cochrane/ena/users/azyoud/lineages_workflow_output/pango/pango_lineages.362.csv, /hps/nobackup/cochrane/ena/users/azyoud/lineages_workflow_output/pango/pango_lineages.363.csv, /hps/nobackup/cochrane/ena/users/azyoud/lineages_workflow_output/pango/pango_lineages.364.csv, /hps/nobackup/cochrane/ena/users/azyoud/lineages_workflow_output/pango/pango_lineages.365.csv, /hps/nobackup/cochrane/ena/users/azyoud/lineages_workflow_output/pango/pango_lineages.366.csv, /hps/nobackup/cochrane/ena/users/azyoud/lineages_workflow_output/pango/pango_lineages.367.csv, /hps/nobackup/cochrane/ena/users/azyoud/lineages_workflow_output/pango/pango_lineages.368.csv, /hps/nobackup/cochrane/ena/users/azyoud/lineages_workflow_output/pango/pango_lineages.369.csv, /hps/nobackup/cochrane/ena/users/azyoud/lineages_workflow_output/pango/pango_lineages.370.csv, /hps/nobackup/cochrane/ena/users/azyoud/lineages_workflow_output/pango/pango_lineages.371.csv, /hps/nobackup/cochrane/ena/users/azyoud/lineages_workflow_output/pango/pango_lineages.372.csv, /hps/nobackup/cochrane/ena/users/azyoud/lineages_workflow_output/pango/pango_lineages.373.csv, /hps/nobackup/cochrane/ena/users/azyoud/lineages_workflow_output/pango/pango_lineages.374.csv, /hps/nobackup/cochrane/ena/users/azyoud/lineages_workflow_output/pango/pango_lineages.375.csv, /hps/nobackup/cochrane/ena/users/azyoud/lineages_workflow_output/pango/pango_lineages.376.csv, /hps/nobackup/cochrane/ena/users/azyoud/lineages_workflow_output/pango/pango_lineages.377.csv, /hps/nobackup/cochrane/ena/users/azyoud/lineages_workflow_output/pango/pango_lineages.378.csv, /hps/nobackup/cochrane/ena/users/azyoud/lineages_workflow_output/pango/pango_lineages.379.csv, /hps/nobackup/cochrane/ena/users/azyoud/lineages_workflow_output/pango/pango_lineages.380.csv, /hps/nobackup/cochrane/ena/users/azyoud/lineages_workflow_output/pango/pango_lineages.381.csv, /hps/nobackup/cochrane/ena/users/azyoud/lineages_workflow_output/pango/pango_lineages.382.csv, /hps/nobackup/cochrane/ena/users/azyoud/lineages_workflow_output/pango/pango_lineages.383.csv, /hps/nobackup/cochrane/ena/users/azyoud/lineages_workflow_output/pango/pango_lineages.384.csv, /hps/nobackup/cochrane/ena/users/azyoud/lineages_workflow_output/pango/pango_lineages.385.csv, /hps/nobackup/cochrane/ena/users/azyoud/lineages_workflow_output/pango/pango_lineages.386.csv, /hps/nobackup/cochrane/ena/users/azyoud/lineages_workflow_output/pango/pango_lineages.387.csv, /hps/nobackup/cochrane/ena/users/azyoud/lineages_workflow_output/pango/pango_lineages.388.csv, /hps/nobackup/cochrane/ena/users/azyoud/lineages_workflow_output/pango/pango_lineages.389.csv, /hps/nobackup/cochrane/ena/users/azyoud/lineages_workflow_output/pango/pango_lineages.390.csv, /hps/nobackup/cochrane/ena/users/azyoud/lineages_workflow_output/pango/pango_lineages.391.csv, /hps/nobackup/cochrane/ena/users/azyoud/lineages_workflow_output/pango/pango_lineages.392.csv, /hps/nobackup/cochrane/ena/users/azyoud/lineages_workflow_output/pango/pango_lineages.393.csv, /hps/nobackup/cochrane/ena/users/azyoud/lineages_workflow_output/pango/pango_lineages.394.csv, /hps/nobackup/cochrane/ena/users/azyoud/lineages_workflow_output/pango/pango_lineages.395.csv, /hps/nobackup/cochrane/ena/users/azyoud/lineages_workflow_output/pango/pango_lineages.396.csv, /hps/nobackup/cochrane/ena/users/azyoud/lineages_workflow_output/pango/pango_lineages.397.csv, /hps/nobackup/cochrane/ena/users/azyoud/lineages_workflow_output/pango/pango_lineages.398.csv, /hps/nobackup/cochrane/ena/users/azyoud/lineages_workflow_output/pango/pango_lineages.399.csv, /hps/nobackup/cochrane/ena/users/azyoud/lineages_workflow_output/pango/pango_lineages.400.csv, /hps/nobackup/cochrane/ena/users/azyoud/lineages_workflow_output/pango/pango_lineages.401.csv, /hps/nobackup/cochrane/ena/users/azyoud/lineages_workflow_output/pango/pango_lineages.402.csv, /hps/nobackup/cochrane/ena/users/azyoud/lineages_workflow_output/pango/pango_lineages.403.csv, /hps/nobackup/cochrane/ena/users/azyoud/lineages_workflow_output/pango/pango_lineages.404.csv, /hps/nobackup/cochrane/ena/users/azyoud/lineages_workflow_output/pango/pango_lineages.405.csv, /hps/nobackup/cochrane/ena/users/azyoud/lineages_workflow_output/pango/pango_lineages.406.csv, /hps/nobackup/cochrane/ena/users/azyoud/lineages_workflow_output/pango/pango_lineages.407.csv, /hps/nobackup/cochrane/ena/users/azyoud/lineages_workflow_output/pango/pango_lineages.408.csv, /hps/nobackup/cochrane/ena/users/azyoud/lineages_workflow_output/pango/pango_lineages.409.csv, /hps/nobackup/cochrane/ena/users/azyoud/lineages_workflow_output/pango/pango_lineages.410.csv, /hps/nobackup/cochrane/ena/users/azyoud/lineages_workflow_output/pango/pango_lineages.411.csv, /hps/nobackup/cochrane/ena/users/azyoud/lineages_workflow_output/pango/pango_lineages.412.csv, /hps/nobackup/cochrane/ena/users/azyoud/lineages_workflow_output/pango/pango_lineages.413.csv, /hps/nobackup/cochrane/ena/users/azyoud/lineages_workflow_output/pango/pango_lineages.414.csv, /hps/nobackup/cochrane/ena/users/azyoud/lineages_workflow_output/pango/pango_lineages.415.csv, /hps/nobackup/cochrane/ena/users/azyoud/lineages_workflow_output/pango/pango_lineages.416.csv, /hps/nobackup/cochrane/ena/users/azyoud/lineages_workflow_output/pango/pango_lineages.417.csv, /hps/nobackup/cochrane/ena/users/azyoud/lineages_workflow_output/pango/pango_lineages.418.csv, /hps/nobackup/cochrane/ena/users/azyoud/lineages_workflow_output/pango/pango_lineages.419.csv, /hps/nobackup/cochrane/ena/users/azyoud/lineages_workflow_output/pango/pango_lineages.420.csv, /hps/nobackup/cochrane/ena/users/azyoud/lineages_workflow_output/pango/pango_lineages.421.csv, /hps/nobackup/cochrane/ena/users/azyoud/lineages_workflow_output/pango/pango_lineages.422.csv, /hps/nobackup/cochrane/ena/users/azyoud/lineages_workflow_output/pango/pango_lineages.423.csv, /hps/nobackup/cochrane/ena/users/azyoud/lineages_workflow_output/pango/pango_lineages.424.csv, /hps/nobackup/cochrane/ena/users/azyoud/lineages_workflow_output/pango/pango_lineages.425.csv, /hps/nobackup/cochrane/ena/users/azyoud/lineages_workflow_output/pango/pango_lineages.426.csv, /hps/nobackup/cochrane/ena/users/azyoud/lineages_workflow_output/pango/pango_lineages.427.csv, /hps/nobackup/cochrane/ena/users/azyoud/lineages_workflow_output/pango/pango_lineages.428.csv, /hps/nobackup/cochrane/ena/users/azyoud/lineages_workflow_output/pango/pango_lineages.429.csv, /hps/nobackup/cochrane/ena/users/azyoud/lineages_workflow_output/pango/pango_lineages.430.csv, /hps/nobackup/cochrane/ena/users/azyoud/lineages_workflow_output/pango/pango_lineages.431.csv, /hps/nobackup/cochrane/ena/users/azyoud/lineages_workflow_output/pango/pango_lineages.432.csv, /hps/nobackup/cochrane/ena/users/azyoud/lineages_workflow_output/pango/pango_lineages.433.csv, /hps/nobackup/cochrane/ena/users/azyoud/lineages_workflow_output/pango/pango_lineages.434.csv, /hps/nobackup/cochrane/ena/users/azyoud/lineages_workflow_output/pango/pango_lineages.435.csv, /hps/nobackup/cochrane/ena/users/azyoud/lineages_workflow_output/pango/pango_lineages.436.csv, /hps/nobackup/cochrane/ena/users/azyoud/lineages_workflow_output/pango/pango_lineages.437.csv, /hps/nobackup/cochrane/ena/users/azyoud/lineages_workflow_output/pango/pango_lineages.438.csv, /hps/nobackup/cochrane/ena/users/azyoud/lineages_workflow_output/pango/pango_lineages.439.csv, /hps/nobackup/cochrane/ena/users/azyoud/lineages_workflow_output/pango/pango_lineages.440.csv, /hps/nobackup/cochrane/ena/users/azyoud/lineages_workflow_output/pango/pango_lineages.441.csv, /hps/nobackup/cochrane/ena/users/azyoud/lineages_workflow_output/pango/pango_lineages.442.csv, /hps/nobackup/cochrane/ena/users/azyoud/lineages_workflow_output/pango/pango_lineages.443.csv, /hps/nobackup/cochrane/ena/users/azyoud/lineages_workflow_output/pango/pango_lineages.444.csv, /hps/nobackup/cochrane/ena/users/azyoud/lineages_workflow_output/pango/pango_lineages.445.csv, /hps/nobackup/cochrane/ena/users/azyoud/lineages_workflow_output/pango/pango_lineages.446.csv, /hps/nobackup/cochrane/ena/users/azyoud/lineages_workflow_output/pango/pango_lineages.447.csv, /hps/nobackup/cochrane/ena/users/azyoud/lineages_workflow_output/pango/pango_lineages.448.csv, /hps/nobackup/cochrane/ena/users/azyoud/lineages_workflow_output/pango/pango_lineages.449.csv, /hps/nobackup/cochrane/ena/users/azyoud/lineages_workflow_output/pango/pango_lineages.450.csv, /hps/nobackup/cochrane/ena/users/azyoud/lineages_workflow_output/pango/pango_lineages.451.csv, /hps/nobackup/cochrane/ena/users/azyoud/lineages_workflow_output/pango/pango_lineages.452.csv, /hps/nobackup/cochrane/ena/users/azyoud/lineages_workflow_output/pango/pango_lineages.453.csv, /hps/nobackup/cochrane/ena/users/azyoud/lineages_workflow_output/pango/pango_lineages.454.csv, /hps/nobackup/cochrane/ena/users/azyoud/lineages_workflow_output/pango/pango_lineages.455.csv, /hps/nobackup/cochrane/ena/users/azyoud/lineages_workflow_output/pango/pango_lineages.456.csv, /hps/nobackup/cochrane/ena/users/azyoud/lineages_workflow_output/pango/pango_lineages.457.csv, /hps/nobackup/cochrane/ena/users/azyoud/lineages_workflow_output/pango/pango_lineages.458.csv, /hps/nobackup/cochrane/ena/users/azyoud/lineages_workflow_output/pango/pango_lineages.459.csv, /hps/nobackup/cochrane/ena/users/azyoud/lineages_workflow_output/pango/pango_lineages.460.csv, /hps/nobackup/cochrane/ena/users/azyoud/lineages_workflow_output/pango/pango_lineages.461.csv, /hps/nobackup/cochrane/ena/users/azyoud/lineages_workflow_output/pango/pango_lineages.462.csv, /hps/nobackup/cochrane/ena/users/azyoud/lineages_workflow_output/pango/pango_lineages.463.csv, /hps/nobackup/cochrane/ena/users/azyoud/lineages_workflow_output/pango/pango_lineages.464.csv, /hps/nobackup/cochrane/ena/users/azyoud/lineages_workflow_output/pango/pango_lineages.465.csv, /hps/nobackup/cochrane/ena/users/azyoud/lineages_workflow_output/pango/pango_lineages.466.csv, /hps/nobackup/cochrane/ena/users/azyoud/lineages_workflow_output/pango/pango_lineages.467.csv, /hps/nobackup/cochrane/ena/users/azyoud/lineages_workflow_output/pango/pango_lineages.468.csv, /hps/nobackup/cochrane/ena/users/azyoud/lineages_workflow_output/pango/pango_lineages.469.csv, /hps/nobackup/cochrane/ena/users/azyoud/lineages_workflow_output/pango/pango_lineages.470.csv, /hps/nobackup/cochrane/ena/users/azyoud/lineages_workflow_output/pango/pango_lineages.471.csv, /hps/nobackup/cochrane/ena/users/azyoud/lineages_workflow_output/pango/pango_lineages.472.csv, /hps/nobackup/cochrane/ena/users/azyoud/lineages_workflow_output/pango/pango_lineages.473.csv, /hps/nobackup/cochrane/ena/users/azyoud/lineages_workflow_output/pango/pango_lineages.474.csv, /hps/nobackup/cochrane/ena/users/azyoud/lineages_workflow_output/pango/pango_lineages.475.csv, /hps/nobackup/cochrane/ena/users/azyoud/lineages_workflow_output/pango/pango_lineages.476.csv, /hps/nobackup/cochrane/ena/users/azyoud/lineages_workflow_output/pango/pango_lineages.477.csv, /hps/nobackup/cochrane/ena/users/azyoud/lineages_workflow_output/pango/pango_lineages.478.csv, /hps/nobackup/cochrane/ena/users/azyoud/lineages_workflow_output/pango/pango_lineages.479.csv, /hps/nobackup/cochrane/ena/users/azyoud/lineages_workflow_output/pango/pango_lineages.480.csv, /hps/nobackup/cochrane/ena/users/azyoud/lineages_workflow_output/pango/pango_lineages.481.csv, /hps/nobackup/cochrane/ena/users/azyoud/lineages_workflow_output/pango/pango_lineages.482.csv, /hps/nobackup/cochrane/ena/users/azyoud/lineages_workflow_output/pango/pango_lineages.483.csv, /hps/nobackup/cochrane/ena/users/azyoud/lineages_workflow_output/pango/pango_lineages.484.csv, /hps/nobackup/cochrane/ena/users/azyoud/lineages_workflow_output/pango/pango_lineages.485.csv, /hps/nobackup/cochrane/ena/users/azyoud/lineages_workflow_output/pango/pango_lineages.486.csv, /hps/nobackup/cochrane/ena/users/azyoud/lineages_workflow_output/pango/pango_lineages.487.csv, /hps/nobackup/cochrane/ena/users/azyoud/lineages_workflow_output/pango/pango_lineages.488.csv, /hps/nobackup/cochrane/ena/users/azyoud/lineages_workflow_output/pango/pango_lineages.489.csv, /hps/nobackup/cochrane/ena/users/azyoud/lineages_workflow_output/pango/pango_lineages.490.csv, /hps/nobackup/cochrane/ena/users/azyoud/lineages_workflow_output/pango/pango_lineages.491.csv, /hps/nobackup/cochrane/ena/users/azyoud/lineages_workflow_output/pango/pango_lineages.492.csv, /hps/nobackup/cochrane/ena/users/azyoud/lineages_workflow_output/pango/pango_lineages.493.csv, /hps/nobackup/cochrane/ena/users/azyoud/lineages_workflow_output/pango/pango_lineages.494.csv, /hps/nobackup/cochrane/ena/users/azyoud/lineages_workflow_output/pango/pango_lineages.495.csv, /hps/nobackup/cochrane/ena/users/azyoud/lineages_workflow_output/pango/pango_lineages.496.csv, /hps/nobackup/cochrane/ena/users/azyoud/lineages_workflow_output/pango/pango_lineages.497.csv, /hps/nobackup/cochrane/ena/users/azyoud/lineages_workflow_output/pango/pango_lineages.498.csv, /hps/nobackup/cochrane/ena/users/azyoud/lineages_workflow_output/pango/pango_lineages.499.csv, /hps/nobackup/cochrane/ena/users/azyoud/lineages_workflow_output/pango/pango_lineages.500.csv
    output: /hps/nobackup/cochrane/ena/users/azyoud/lineages_workflow_output/pango_lineages.csv
    jobid: 1
    resources: tmpdir=/tmp

Submitted job 1 with external jobid '2599037 logs/cluster/concat_csv/unique/jobid1_3d7bdb69-3d5a-4b1a-bd31-e5832e07b97c.out'.
Waiting at most 60 seconds for missing files.
[Mon May 23 17:17:23 2022]
Finished job 1.
19 of 20 steps (95%) done
Select jobs to execute...

[Mon May 23 17:17:23 2022]
localrule all:
    input: /hps/nobackup/cochrane/ena/users/azyoud/lineages_workflow_output/pango_lineages.csv
    jobid: 0
    resources: tmpdir=/tmp

[Mon May 23 17:17:23 2022]
Finished job 0.
20 of 20 steps (100%) done
Complete log: /hps/software/users/cochrane/ena/azyoud/lineages/lineages_workflow/workflow/.snakemake/log/2022-05-23T171449.344786.snakemake.log
