Building DAG of jobs...
Using shell: /usr/local/bin/bash
Provided cores: 1 (use --cores to define parallelism)
Rules claiming more threads will be scaled down.
Job stats:
job             count    min threads    max threads
------------  -------  -------------  -------------
all                 1              1              1
concat_csv          1              1              1
run_pangolin        1              1              1
total               3              1              1

Select jobs to execute...

[Wed Apr 20 13:13:15 2022]
rule run_pangolin:
    input: /hps/software/users/cochrane/ena/azyoud/lineages/private_multifasta
    output: /hps/software/users/cochrane/ena/azyoud/lineages/pango
    jobid: 2
    resources: tmpdir=/tmp, mem_mb=2048

[Wed Apr 20 15:20:23 2022]
Finished job 2.
1 of 3 steps (33%) done
Select jobs to execute...

[Wed Apr 20 15:20:23 2022]
rule concat_csv:
    input: /hps/software/users/cochrane/ena/azyoud/lineages/pango
    output: /hps/software/users/cochrane/ena/azyoud/lineages/concat_pangolin.csv
    jobid: 1
    resources: tmpdir=/tmp

Waiting at most 5 seconds for missing files.
MissingOutputException in line 1 of /hps/software/users/cochrane/ena/azyoud/lineages/lineages_workflow/workflow/rules/concat_csv.smk:
Job Missing files after 5 seconds:
/hps/software/users/cochrane/ena/azyoud/lineages/concat_pangolin.csv
This might be due to filesystem latency. If that is the case, consider to increase the wait time with --latency-wait.
Job id: 1 completed successfully, but some output files are missing. 1
Shutting down, this might take some time.
Exiting because a job execution failed. Look above for error message
Complete log: /hps/software/users/cochrane/ena/azyoud/lineages/lineages_workflow/workflow/.snakemake/log/2022-04-20T131314.689897.snakemake.log
