Building DAG of jobs...
Using shell: /usr/local/bin/bash
Provided cores: 1 (use --cores to define parallelism)
Rules claiming more threads will be scaled down.
Job stats:
job             count    min threads    max threads
------------  -------  -------------  -------------
all                 1              1              1
concat_csv          1              1              1
run_pangolin        1              1              1
total               3              1              1

Select jobs to execute...

[Wed Apr 20 01:22:20 2022]
rule run_pangolin:
    input: /hps/software/users/cochrane/ena/azyoud/lineages/private_multifasta
    output: /hps/software/users/cochrane/ena/azyoud/lineages/pango
    jobid: 2
    resources: tmpdir=/tmp, mem_mb=2048

ImproperOutputException in line 1 of /hps/software/users/cochrane/ena/azyoud/lineages/lineages_workflow/workflow/rules/run_pangolin.smk:
Outputs of incorrect type (directories when expecting files or vice versa). Output directories must be flagged with directory(). for rule run_pangolin:
/hps/software/users/cochrane/ena/azyoud/lineages/pango
Removing output files of failed job run_pangolin since they might be corrupted:
/hps/software/users/cochrane/ena/azyoud/lineages/pango
Skipped removing non-empty directory /hps/software/users/cochrane/ena/azyoud/lineages/pango
Shutting down, this might take some time.
Exiting because a job execution failed. Look above for error message
Complete log: /hps/software/users/cochrane/ena/azyoud/lineages/lineages_workflow/workflow/.snakemake/log/2022-04-20T012220.387934.snakemake.log
