Building DAG of jobs...
Using shell: /usr/local/bin/bash
Provided cluster nodes: 500
Job stats:
job           count    min threads    max threads
----------  -------  -------------  -------------
all               1              1              1
concat_csv        1              1              1
total             2              1              1

Select jobs to execute...

[Thu May 12 14:15:36 2022]
rule concat_csv:
    input: /hps/nobackup/cochrane/ena/users/azyoud/lineages_workflow_output/pango
    output: /hps/nobackup/cochrane/ena/users/azyoud/lineages_workflow_output/pango_lineages.csv
    jobid: 1
    resources: tmpdir=/tmp

Submitted job 1 with external jobid '117154 logs/cluster/concat_csv/unique/jobid1_e5fd438b-9cfa-48e6-8c3f-f9e4d822c236.out'.
Waiting at most 60 seconds for missing files.
[Thu May 12 14:16:07 2022]
Finished job 1.
1 of 2 steps (50%) done
Select jobs to execute...

[Thu May 12 14:16:07 2022]
localrule all:
    input: /hps/nobackup/cochrane/ena/users/azyoud/lineages_workflow_output/pango_lineages.csv
    jobid: 0
    resources: tmpdir=/tmp

[Thu May 12 14:16:07 2022]
Finished job 0.
2 of 2 steps (100%) done
Complete log: /hps/software/users/cochrane/ena/azyoud/lineages/lineages_workflow/workflow/.snakemake/log/2022-05-12T141536.380195.snakemake.log
