The flag 'directory' used in rule concat_csv is only valid for outputs, not inputs.
Building DAG of jobs...
Using shell: /usr/local/bin/bash
Provided cores: 1 (use --cores to define parallelism)
Rules claiming more threads will be scaled down.
Job stats:
job                    count    min threads    max threads
-------------------  -------  -------------  -------------
all                        1              1              1
concat_csv                 1              1              1
create_multifasta          1              1              1
fetch_private_fasta        1              1              1
run_pangolin               1              1              1
total                      5              1              1

Select jobs to execute...

[Wed Apr 27 10:52:07 2022]
rule fetch_private_fasta:
    output: private_consensus
    jobid: 4
    resources: tmpdir=/tmp

Terminating processes on user request, this might take some time.
[Wed Apr 27 10:52:30 2022]
Error in rule fetch_private_fasta:
    jobid: 4
    output: private_consensus
    shell:
        python3 scripts/private_fasta_fetching.py -o private_consensus
        (one of the commands exited with non-zero exit code; note that snakemake uses bash strict mode!)

Removing output files of failed job fetch_private_fasta since they might be corrupted:
private_consensus
Skipped removing non-empty directory private_consensus
Complete log: /hps/software/users/cochrane/ena/azyoud/lineages/lineages_workflow/workflow/.snakemake/log/2022-04-27T105207.058014.snakemake.log
