Building DAG of jobs...
Using shell: /usr/local/bin/bash
Provided cluster nodes: 500
Job stats:
job                    count    min threads    max threads
-------------------  -------  -------------  -------------
all                        1              1              1
concat_csv                 1              1              1
create_multifasta          1              1              1
fetch_private_fasta        1              1              1
run_pangolin               1              4              4
total                      5              1              4

Select jobs to execute...

[Fri May  6 15:00:35 2022]
rule fetch_private_fasta:
    input: /hps/nobackup/cochrane/ena/users/azyoud/lineages_workflow_output/run_pangolin.txt
    output: /hps/nobackup/cochrane/ena/users/azyoud/lineages_workflow_output/private_consensus
    jobid: 4
    resources: tmpdir=/tmp

Submitted job 4 with external jobid '8852329 logs/cluster/fetch_private_fasta/unique/jobid4_c0188c12-94e0-4777-b418-33596b6fdd6b.out'.
[Sat May  7 10:09:32 2022]
Finished job 4.
1 of 5 steps (20%) done
Select jobs to execute...

[Sat May  7 10:09:32 2022]
rule create_multifasta:
    input: /hps/nobackup/cochrane/ena/users/azyoud/lineages_workflow_output/private_consensus
    output: /hps/nobackup/cochrane/ena/users/azyoud/lineages_workflow_output/private_multifasta
    jobid: 3
    resources: tmpdir=/tmp

Submitted job 3 with external jobid '9047364 logs/cluster/create_multifasta/unique/jobid3_efb9c25e-937e-48a3-945b-f72f4e7dae18.out'.
[Sat May  7 10:10:08 2022]
Finished job 3.
2 of 5 steps (40%) done
Select jobs to execute...

[Sat May  7 10:10:08 2022]
rule run_pangolin:
    input: /hps/nobackup/cochrane/ena/users/azyoud/lineages_workflow_output/private_multifasta
    output: /hps/nobackup/cochrane/ena/users/azyoud/lineages_workflow_output/pango
    jobid: 2
    threads: 4
    resources: tmpdir=/tmp, mem_mb=2048

Submitted job 2 with external jobid '9047501 logs/cluster/run_pangolin/unique/jobid2_d70ca181-6523-4172-9953-b4c78fb75f81.out'.
[Sat May  7 11:47:36 2022]
Finished job 2.
3 of 5 steps (60%) done
Select jobs to execute...

[Sat May  7 11:47:36 2022]
rule concat_csv:
    input: /hps/nobackup/cochrane/ena/users/azyoud/lineages_workflow_output/pango
    output: /hps/nobackup/cochrane/ena/users/azyoud/lineages_workflow_output/pango_lineages.csv
    jobid: 1
    resources: tmpdir=/tmp

Submitted job 1 with external jobid '9060938 logs/cluster/concat_csv/unique/jobid1_d8617008-5ef5-41aa-919d-4ed18b8e2ede.out'.
Waiting at most 60 seconds for missing files.
[Sat May  7 11:48:06 2022]
Finished job 1.
4 of 5 steps (80%) done
Select jobs to execute...

[Sat May  7 11:48:06 2022]
localrule all:
    input: /hps/nobackup/cochrane/ena/users/azyoud/lineages_workflow_output/pango_lineages.csv
    jobid: 0
    resources: tmpdir=/tmp

[Sat May  7 11:48:06 2022]
Finished job 0.
5 of 5 steps (100%) done
Complete log: /hps/software/users/cochrane/ena/azyoud/lineages/lineages_workflow/workflow/.snakemake/log/2022-05-06T150034.857156.snakemake.log
