Building DAG of jobs...
Using shell: /usr/local/bin/bash
Provided cores: 1 (use --cores to define parallelism)
Rules claiming more threads will be scaled down.
Job stats:
job             count    min threads    max threads
------------  -------  -------------  -------------
all                 1              1              1
concat_csv          1              1              1
run_pangolin        1              1              1
total               3              1              1

Select jobs to execute...

[Tue Apr 19 17:04:11 2022]
rule run_pangolin:
    input: /hps/software/users/cochrane/ena/azyoud/lineages/private_multifasta
    output: /hps/software/users/cochrane/ena/azyoud/lineages/pango
    jobid: 2
    resources: tmpdir=/tmp, mem_mb=2048

Terminating processes on user request, this might take some time.
[Tue Apr 19 17:11:56 2022]
Error in rule run_pangolin:
    jobid: 2
    output: /hps/software/users/cochrane/ena/azyoud/lineages/pango
    shell:
        python /hps/software/users/cochrane/ena/azyoud/lineages/lineages_workflow/scripts/pangolin.py -f /hps/software/users/cochrane/ena/azyoud/lineages/private_multifasta -o /hps/software/users/cochrane/ena/azyoud/lineages/pango
        (one of the commands exited with non-zero exit code; note that snakemake uses bash strict mode!)

Removing output files of failed job run_pangolin since they might be corrupted:
/hps/software/users/cochrane/ena/azyoud/lineages/pango
Skipped removing non-empty directory /hps/software/users/cochrane/ena/azyoud/lineages/pango
Complete log: /hps/software/users/cochrane/ena/azyoud/lineages/lineages_workflow/workflow/.snakemake/log/2022-04-19T170410.993435.snakemake.log
