Building DAG of jobs...
Using shell: /usr/local/bin/bash
Provided cores: 1 (use --cores to define parallelism)
Rules claiming more threads will be scaled down.
Job stats:
job                  count    min threads    max threads
-----------------  -------  -------------  -------------
all                      1              1              1
concat_csv               1              1              1
create_multifasta        1              1              1
run_pangolin             1              1              1
total                    4              1              1

Select jobs to execute...

[Fri May  6 14:34:47 2022]
rule create_multifasta:
    input: /hps/nobackup/cochrane/ena/users/azyoud/lineages_workflow_output/private_consensus
    output: /hps/nobackup/cochrane/ena/users/azyoud/lineages_workflow_output/private_multifasta
    jobid: 3
    resources: tmpdir=/tmp

[Fri May  6 14:35:34 2022]
Finished job 3.
1 of 4 steps (25%) done
Select jobs to execute...

[Fri May  6 14:35:34 2022]
rule run_pangolin:
    input: /hps/nobackup/cochrane/ena/users/azyoud/lineages_workflow_output/private_multifasta
    output: /hps/nobackup/cochrane/ena/users/azyoud/lineages_workflow_output/pango
    jobid: 2
    resources: tmpdir=/tmp, mem_mb=2048

Terminating processes on user request, this might take some time.
[Fri May  6 14:37:55 2022]
Error in rule run_pangolin:
    jobid: 2
    output: /hps/nobackup/cochrane/ena/users/azyoud/lineages_workflow_output/pango
    shell:
        python3 /hps/software/users/cochrane/ena/azyoud/lineages/lineages_workflow/workflow/scripts/pangolin.py -f /hps/nobackup/cochrane/ena/users/azyoud/lineages_workflow_output/private_multifasta -o /hps/nobackup/cochrane/ena/users/azyoud/lineages_workflow_output/pango
        (one of the commands exited with non-zero exit code; note that snakemake uses bash strict mode!)

Removing output files of failed job run_pangolin since they might be corrupted:
/hps/nobackup/cochrane/ena/users/azyoud/lineages_workflow_output/pango
Complete log: /hps/software/users/cochrane/ena/azyoud/lineages/lineages_workflow/workflow/.snakemake/log/2022-05-06T143446.722706.snakemake.log
