Building DAG of jobs...
Using shell: /usr/local/bin/bash
Provided cluster nodes: 500
Job stats:
job                  count    min threads    max threads
-----------------  -------  -------------  -------------
all                      1              1              1
concat_csv               1              1              1
create_multifasta        1              1              1
run_pangolin             1              4              4
total                    4              1              4

Select jobs to execute...

[Fri Apr 29 14:59:26 2022]
rule create_multifasta:
    input: /hps/nobackup/cochrane/ena/users/azyoud/lineages_workflow_output/private_consensus
    output: /hps/nobackup/cochrane/ena/users/azyoud/lineages_workflow_output/private_multifasta
    jobid: 3
    resources: tmpdir=/tmp

Submitted job 3 with external jobid '6716510 logs/cluster/create_multifasta/unique/jobid3_d14b5b74-e5aa-456e-9f30-9c15810e0f9b.out'.
[Fri Apr 29 15:00:24 2022]
Finished job 3.
1 of 4 steps (25%) done
Select jobs to execute...

[Fri Apr 29 15:00:27 2022]
rule run_pangolin:
    input: /hps/nobackup/cochrane/ena/users/azyoud/lineages_workflow_output/private_multifasta
    output: /hps/nobackup/cochrane/ena/users/azyoud/lineages_workflow_output/pango
    jobid: 2
    threads: 4
    resources: tmpdir=/tmp, mem_mb=2048

Submitted job 2 with external jobid '6716547 logs/cluster/run_pangolin/unique/jobid2_23243c96-4527-4a88-9643-3532c1a5fce3.out'.
Terminating processes on user request, this might take some time.
Will exit after finishing currently running jobs.
Complete log: /hps/software/users/cochrane/ena/azyoud/lineages/lineages_workflow/workflow/.snakemake/log/2022-04-29T145924.453192.snakemake.log
