Building DAG of jobs...
Using shell: /usr/local/bin/bash
Provided cluster nodes: 500
Job stats:
job                    count    min threads    max threads
-------------------  -------  -------------  -------------
all                        1              1              1
concat_csv                 1              1              1
create_multifasta          1              1              1
fetch_private_fasta        1              1              1
run_pangolin               1              4              4
total                      5              1              4

Select jobs to execute...

[Wed Apr 27 14:34:06 2022]
rule fetch_private_fasta:
    output: /hps/nobackup/cochrane/ena/users/azyoud/lineages_workflow_output/private_consensus
    jobid: 4
    resources: tmpdir=/tmp

Submitted job 4 with external jobid '5901046 logs/cluster/fetch_private_fasta/unique/jobid4_10b0b555-51bc-457d-b785-2e9fba78da52.out'.
Terminating processes on user request, this might take some time.
Will exit after finishing currently running jobs.
Complete log: /hps/software/users/cochrane/ena/azyoud/lineages/lineages_workflow/workflow/.snakemake/log/2022-04-27T143406.093540.snakemake.log
