The flag 'directory' used in rule concat_csv is only valid for outputs, not inputs.
Building DAG of jobs...
Using shell: /usr/local/bin/bash
Provided cores: 1 (use --cores to define parallelism)
Rules claiming more threads will be scaled down.
Job stats:
job           count    min threads    max threads
----------  -------  -------------  -------------
all               1              1              1
concat_csv        1              1              1
total             2              1              1

Select jobs to execute...

[Wed Apr 20 15:51:49 2022]
rule concat_csv:
    input: /hps/software/users/cochrane/ena/azyoud/lineages/pango
    output: /hps/software/users/cochrane/ena/azyoud/lineages/concat_pangolin.csv
    jobid: 1
    resources: tmpdir=/tmp

[Wed Apr 20 15:51:52 2022]
Finished job 1.
1 of 2 steps (50%) done
Select jobs to execute...

[Wed Apr 20 15:51:52 2022]
localrule all:
    input: /hps/software/users/cochrane/ena/azyoud/lineages/concat_pangolin.csv
    jobid: 0
    resources: tmpdir=/tmp

[Wed Apr 20 15:51:52 2022]
Finished job 0.
2 of 2 steps (100%) done
Complete log: /hps/software/users/cochrane/ena/azyoud/lineages/lineages_workflow/workflow/.snakemake/log/2022-04-20T155149.282685.snakemake.log
