Building DAG of jobs...
Using shell: /usr/local/bin/bash
Provided cores: 1 (use --cores to define parallelism)
Rules claiming more threads will be scaled down.
Job stats:
job             count    min threads    max threads
------------  -------  -------------  -------------
run_pangolin        1              1              1
total               1              1              1

Select jobs to execute...

[Wed Apr 13 11:59:56 2022]
rule run_pangolin:
    input: /hps/software/users/cochrane/ena/azyoud/lineages/private_consensus/private_multifasta/multifasta_1.fasta
    output: /hps/software/users/cochrane/ena/azyoud/lineages/private_consensus/private_multifasta/pango/pango_lineages.1.csv
    jobid: 0
    wildcards: n=1
    resources: tmpdir=/tmp, mem_mb=2048

[Wed Apr 13 12:00:15 2022]
Finished job 0.
1 of 1 steps (100%) done
Complete log: /hps/software/users/cochrane/ena/azyoud/lineages/lineages_workflow/workflow/.snakemake/log/2022-04-13T115956.273276.snakemake.log
