The flag 'directory' used in rule concat_csv is only valid for outputs, not inputs.
Building DAG of jobs...
Using shell: /usr/local/bin/bash
Provided cores: 1 (use --cores to define parallelism)
Rules claiming more threads will be scaled down.
Job stats:
job                  count    min threads    max threads
-----------------  -------  -------------  -------------
all                      1              1              1
concat_csv               1              1              1
create_multifasta        1              1              1
run_pangolin             1              1              1
total                    4              1              1

Select jobs to execute...

[Wed Apr 27 10:52:33 2022]
rule create_multifasta:
    input: private_consensus
    output: private_multifasta
    jobid: 3
    resources: tmpdir=/tmp

[Wed Apr 27 10:52:34 2022]
Finished job 3.
1 of 4 steps (25%) done
Select jobs to execute...

[Wed Apr 27 10:52:34 2022]
rule run_pangolin:
    input: private_multifasta
    output: pango
    jobid: 2
    resources: tmpdir=/tmp, mem_mb=2048

[Wed Apr 27 10:55:13 2022]
Finished job 2.
2 of 4 steps (50%) done
Select jobs to execute...

[Wed Apr 27 10:55:13 2022]
rule concat_csv:
    input: pango
    output: pango_lineages.csv
    jobid: 1
    resources: tmpdir=/tmp

[Wed Apr 27 10:55:14 2022]
Finished job 1.
3 of 4 steps (75%) done
Select jobs to execute...

[Wed Apr 27 10:55:14 2022]
localrule all:
    input: pango_lineages.csv
    jobid: 0
    resources: tmpdir=/tmp

[Wed Apr 27 10:55:14 2022]
Finished job 0.
4 of 4 steps (100%) done
Complete log: /hps/software/users/cochrane/ena/azyoud/lineages/lineages_workflow/workflow/.snakemake/log/2022-04-27T105233.777391.snakemake.log
