Building DAG of jobs...
Using shell: /usr/local/bin/bash
Provided cluster nodes: 500
Job stats:
job             count    min threads    max threads
------------  -------  -------------  -------------
all                 1              1              1
concat_csv          1              1              1
run_pangolin        1              4              4
total               3              1              4

Select jobs to execute...

[Wed May 11 15:16:31 2022]
rule run_pangolin:
    input: /hps/nobackup/cochrane/ena/users/azyoud/lineages_workflow_output/private_multifasta
    output: /hps/nobackup/cochrane/ena/users/azyoud/lineages_workflow_output/pango
    jobid: 2
    threads: 4
    resources: tmpdir=/tmp, mem_mb=2048

Submitted job 2 with external jobid '9832500 logs/cluster/run_pangolin/unique/jobid2_3771a894-67fd-452e-b5d7-7118dc204916.out'.
[Wed May 11 17:06:24 2022]
Finished job 2.
1 of 3 steps (33%) done
Select jobs to execute...

[Wed May 11 17:06:24 2022]
rule concat_csv:
    input: /hps/nobackup/cochrane/ena/users/azyoud/lineages_workflow_output/pango
    output: /hps/nobackup/cochrane/ena/users/azyoud/lineages_workflow_output/pango_lineages.csv
    jobid: 1
    resources: tmpdir=/tmp

Submitted job 1 with external jobid '9867388 logs/cluster/concat_csv/unique/jobid1_62283690-fdc6-4652-89a1-dd5433442ab3.out'.
Waiting at most 60 seconds for missing files.
[Wed May 11 17:06:54 2022]
Finished job 1.
2 of 3 steps (67%) done
Select jobs to execute...

[Wed May 11 17:06:54 2022]
localrule all:
    input: /hps/nobackup/cochrane/ena/users/azyoud/lineages_workflow_output/pango_lineages.csv
    jobid: 0
    resources: tmpdir=/tmp

[Wed May 11 17:06:54 2022]
Finished job 0.
3 of 3 steps (100%) done
Complete log: /hps/software/users/cochrane/ena/azyoud/lineages/lineages_workflow/workflow/.snakemake/log/2022-05-11T151629.699724.snakemake.log
