Building DAG of jobs...
Using shell: /usr/local/bin/bash
Provided cluster nodes: 500
Job stats:
job             count    min threads    max threads
------------  -------  -------------  -------------
all                 1              1              1
concat_csv          1              1              1
run_pangolin        1              4              4
total               3              1              4

Select jobs to execute...

[Thu May 12 13:57:24 2022]
rule run_pangolin:
    input: /hps/nobackup/cochrane/ena/users/azyoud/lineages_workflow_output/private_multifasta
    output: /hps/nobackup/cochrane/ena/users/azyoud/lineages_workflow_output/pango
    jobid: 2
    threads: 4
    resources: tmpdir=/tmp, mem_mb=2048

Submitted job 2 with external jobid '113863 logs/cluster/run_pangolin/unique/jobid2_f308d661-125a-4729-a137-29b92b55673e.out'.
Terminating processes on user request, this might take some time.
Will exit after finishing currently running jobs.
Complete log: /hps/software/users/cochrane/ena/azyoud/lineages/lineages_workflow/workflow/.snakemake/log/2022-05-12T135722.357011.snakemake.log
