Building DAG of jobs...
Using shell: /usr/local/bin/bash
Provided cluster nodes: 500
Job stats:
job             count    min threads    max threads
------------  -------  -------------  -------------
all                 1              1              1
concat_csv          1              1              1
run_pangolin        1              4              4
total               3              1              4

Select jobs to execute...

[Thu May 12 14:13:14 2022]
rule run_pangolin:
    input: /hps/nobackup/cochrane/ena/users/azyoud/lineages_workflow_output/private_multifasta
    output: /hps/nobackup/cochrane/ena/users/azyoud/lineages_workflow_output/pango
    jobid: 2
    threads: 4
    resources: tmpdir=/tmp, mem_mb=2048

Submitted job 2 with external jobid '117015 logs/cluster/run_pangolin/unique/jobid2_10111f40-041b-483c-8eb2-8b6b4ce29713.out'.
Terminating processes on user request, this might take some time.
Will exit after finishing currently running jobs.
Complete log: /hps/software/users/cochrane/ena/azyoud/lineages/lineages_workflow/workflow/.snakemake/log/2022-05-12T141314.247247.snakemake.log
