
------------------------------------------------------------
Sender: LSF System <lsf@hl-codon-135-02>
Subject: Job 4804778: <run_pangolin.n=156> in cluster <codon> Exited

Job <run_pangolin.n=156> was submitted from host <hl-codon-28-03> by user <azyoud> in cluster <codon> at Tue Aug  2 02:01:07 2022
Job was executed on host(s) <4*hl-codon-135-02>, in queue <standard>, as user <azyoud> in cluster <codon> at Tue Aug  2 02:01:34 2022
</homes/azyoud> was used as the home directory.
</hps/software/users/cochrane/ena/azyoud/lineages/public_lineages_workflow/workflow> was used as the working directory.
Started at Tue Aug  2 02:01:34 2022
Terminated at Tue Aug  2 02:02:27 2022
Results reported at Tue Aug  2 02:02:27 2022

Your job looked like:

------------------------------------------------------------
# LSBATCH: User input
/hps/software/users/cochrane/ena/azyoud/lineages/public_lineages_workflow/workflow/.snakemake/tmp.wcma87gc/snakejob.run_pangolin.160.sh
------------------------------------------------------------

Exited with exit code 1.

Resource usage summary:

    CPU time :                                   0.41 sec.
    Max Memory :                                 -
    Average Memory :                             -
    Total Requested Memory :                     2048.00 MB
    Delta Memory :                               -
    Max Swap :                                   -
    Max Processes :                              1
    Max Threads :                                1
    Run time :                                   82 sec.
    Turnaround time :                            80 sec.

The output (if any) is above this job summary.



PS:

Read file <logs/cluster/run_pangolin/n=156/jobid160_e3ce701e-cccb-4f0e-a34e-db3c8704600e.err> for stderr output of this job.

