loading model 06/15/2022, 20:34:16
processing block of 1000 sequences 06/15/2022, 20:34:20
processing block of 1000 sequences 06/15/2022, 20:34:25
processing block of 517 sequences 06/15/2022, 20:34:30
complete 06/15/2022, 20:34:32
[32mOutput file written to: [0m/hps/nobackup/cochrane/ena/users/azyoud/lineages_workflow_output/public_consensus_workflow_output/pango/pango_lineages.12.csv
[32mAll dependencies satisfied.[0m
[32mThe query file is:[0m/hps/nobackup/cochrane/ena/users/azyoud/lineages_workflow_output/public_consensus_workflow_output/public_multifasta/multifasta_12.fasta
[32m** Running sequence QC **[0m
[32mNumber of sequences detected: [0m2518
[32mTotal passing QC: [0m2518
[32m
Data files found:[0m
Trained model:	/homes/azyoud/miniconda3/envs/pangolin/lib/python3.8/site-packages/pangoLEARN/data/decisionTree_v1.joblib
Header file:	/homes/azyoud/miniconda3/envs/pangolin/lib/python3.8/site-packages/pangoLEARN/data/decisionTreeHeaders_v1.joblib
Designated hash:	/homes/azyoud/miniconda3/envs/pangolin/lib/python3.8/site-packages/pangoLEARN/data/lineages.hash.csv

------------------------------------------------------------
Sender: LSF System <lsf@hl-codon-26-02>
Subject: Job 8176659: <run_pangolin.n=12> in cluster <codon> Done

Job <run_pangolin.n=12> was submitted from host <hl-codon-09-02> by user <azyoud> in cluster <codon> at Wed Jun 15 20:32:55 2022
Job was executed on host(s) <4*hl-codon-26-02>, in queue <standard>, as user <azyoud> in cluster <codon> at Wed Jun 15 20:32:56 2022
</homes/azyoud> was used as the home directory.
</hps/software/users/cochrane/ena/azyoud/lineages/public_lineages_workflow/workflow> was used as the working directory.
Started at Wed Jun 15 20:32:56 2022
Terminated at Wed Jun 15 20:34:38 2022
Results reported at Wed Jun 15 20:34:38 2022

Your job looked like:

------------------------------------------------------------
# LSBATCH: User input
/hps/software/users/cochrane/ena/azyoud/lineages/public_lineages_workflow/workflow/.snakemake/tmp.i5mlcqut/snakejob.run_pangolin.15.sh
------------------------------------------------------------

Successfully completed.

Resource usage summary:

    CPU time :                                   124.35 sec.
    Max Memory :                                 360 MB
    Average Memory :                             166.33 MB
    Total Requested Memory :                     2048.00 MB
    Delta Memory :                               1688.00 MB
    Max Swap :                                   -
    Max Processes :                              8
    Max Threads :                                17
    Run time :                                   101 sec.
    Turnaround time :                            103 sec.

The output (if any) is above this job summary.



PS:

Read file <logs/cluster/run_pangolin/n=12/jobid15_d9926e19-1aff-4481-934d-7c5e6dc74309.err> for stderr output of this job.

