loading model 06/15/2022, 20:34:29
processing block of 1000 sequences 06/15/2022, 20:34:33
processing block of 1000 sequences 06/15/2022, 20:34:41
processing block of 382 sequences 06/15/2022, 20:34:47
complete 06/15/2022, 20:34:49
[32mOutput file written to: [0m/hps/nobackup/cochrane/ena/users/azyoud/lineages_workflow_output/public_consensus_workflow_output/pango/pango_lineages.354.csv
[32mAll dependencies satisfied.[0m
[32mThe query file is:[0m/hps/nobackup/cochrane/ena/users/azyoud/lineages_workflow_output/public_consensus_workflow_output/public_multifasta/multifasta_354.fasta
[32m** Running sequence QC **[0m
[32mNumber of sequences detected: [0m2518
[32mTotal passing QC: [0m2425
[32m
Data files found:[0m
Trained model:	/homes/azyoud/miniconda3/envs/pangolin/lib/python3.8/site-packages/pangoLEARN/data/decisionTree_v1.joblib
Header file:	/homes/azyoud/miniconda3/envs/pangolin/lib/python3.8/site-packages/pangoLEARN/data/decisionTreeHeaders_v1.joblib
Designated hash:	/homes/azyoud/miniconda3/envs/pangolin/lib/python3.8/site-packages/pangoLEARN/data/lineages.hash.csv

------------------------------------------------------------
Sender: LSF System <lsf@hl-codon-13-04>
Subject: Job 8176635: <run_pangolin.n=354> in cluster <codon> Done

Job <run_pangolin.n=354> was submitted from host <hl-codon-09-02> by user <azyoud> in cluster <codon> at Wed Jun 15 20:32:35 2022
Job was executed on host(s) <4*hl-codon-13-04>, in queue <standard>, as user <azyoud> in cluster <codon> at Wed Jun 15 20:32:36 2022
</homes/azyoud> was used as the home directory.
</hps/software/users/cochrane/ena/azyoud/lineages/public_lineages_workflow/workflow> was used as the working directory.
Started at Wed Jun 15 20:32:36 2022
Terminated at Wed Jun 15 20:34:56 2022
Results reported at Wed Jun 15 20:34:56 2022

Your job looked like:

------------------------------------------------------------
# LSBATCH: User input
/hps/software/users/cochrane/ena/azyoud/lineages/public_lineages_workflow/workflow/.snakemake/tmp.i5mlcqut/snakejob.run_pangolin.357.sh
------------------------------------------------------------

Successfully completed.

Resource usage summary:

    CPU time :                                   160.69 sec.
    Max Memory :                                 860 MB
    Average Memory :                             342.73 MB
    Total Requested Memory :                     2048.00 MB
    Delta Memory :                               1188.00 MB
    Max Swap :                                   -
    Max Processes :                              8
    Max Threads :                                17
    Run time :                                   140 sec.
    Turnaround time :                            141 sec.

The output (if any) is above this job summary.



PS:

Read file <logs/cluster/run_pangolin/n=354/jobid357_8f26d05d-efd6-43a3-a7af-20b9471a86e4.err> for stderr output of this job.

