loading model 06/15/2022, 20:40:32
processing block of 1000 sequences 06/15/2022, 20:40:37
processing block of 1000 sequences 06/15/2022, 20:40:45
processing block of 436 sequences 06/15/2022, 20:40:51
complete 06/15/2022, 20:40:53
[32mOutput file written to: [0m/hps/nobackup/cochrane/ena/users/azyoud/lineages_workflow_output/public_consensus_workflow_output/pango/pango_lineages.263.csv
[32mAll dependencies satisfied.[0m
[32mThe query file is:[0m/hps/nobackup/cochrane/ena/users/azyoud/lineages_workflow_output/public_consensus_workflow_output/public_multifasta/multifasta_263.fasta
[32m** Running sequence QC **[0m
[32mNumber of sequences detected: [0m2518
[32mTotal passing QC: [0m2473
[32m
Data files found:[0m
Trained model:	/homes/azyoud/miniconda3/envs/pangolin/lib/python3.8/site-packages/pangoLEARN/data/decisionTree_v1.joblib
Header file:	/homes/azyoud/miniconda3/envs/pangolin/lib/python3.8/site-packages/pangoLEARN/data/decisionTreeHeaders_v1.joblib
Designated hash:	/homes/azyoud/miniconda3/envs/pangolin/lib/python3.8/site-packages/pangoLEARN/data/lineages.hash.csv

------------------------------------------------------------
Sender: LSF System <lsf@hl-codon-44-04>
Subject: Job 8177240: <run_pangolin.n=263> in cluster <codon> Done

Job <run_pangolin.n=263> was submitted from host <hl-codon-09-02> by user <azyoud> in cluster <codon> at Wed Jun 15 20:38:51 2022
Job was executed on host(s) <4*hl-codon-44-04>, in queue <standard>, as user <azyoud> in cluster <codon> at Wed Jun 15 20:38:52 2022
</homes/azyoud> was used as the home directory.
</hps/software/users/cochrane/ena/azyoud/lineages/public_lineages_workflow/workflow> was used as the working directory.
Started at Wed Jun 15 20:38:52 2022
Terminated at Wed Jun 15 20:41:00 2022
Results reported at Wed Jun 15 20:41:00 2022

Your job looked like:

------------------------------------------------------------
# LSBATCH: User input
/hps/software/users/cochrane/ena/azyoud/lineages/public_lineages_workflow/workflow/.snakemake/tmp.i5mlcqut/snakejob.run_pangolin.266.sh
------------------------------------------------------------

Successfully completed.

Resource usage summary:

    CPU time :                                   148.85 sec.
    Max Memory :                                 814 MB
    Average Memory :                             210.36 MB
    Total Requested Memory :                     2048.00 MB
    Delta Memory :                               1234.00 MB
    Max Swap :                                   -
    Max Processes :                              8
    Max Threads :                                17
    Run time :                                   128 sec.
    Turnaround time :                            129 sec.

The output (if any) is above this job summary.



PS:

Read file <logs/cluster/run_pangolin/n=263/jobid266_d0cfd1e3-d3ef-4fde-a2c0-45c14f972905.err> for stderr output of this job.

