loading model 06/15/2022, 20:34:46
processing block of 1000 sequences 06/15/2022, 20:34:50
processing block of 1000 sequences 06/15/2022, 20:34:58
processing block of 320 sequences 06/15/2022, 20:35:04
complete 06/15/2022, 20:35:06
[32mOutput file written to: [0m/hps/nobackup/cochrane/ena/users/azyoud/lineages_workflow_output/public_consensus_workflow_output/pango/pango_lineages.174.csv
[32mAll dependencies satisfied.[0m
[32mThe query file is:[0m/hps/nobackup/cochrane/ena/users/azyoud/lineages_workflow_output/public_consensus_workflow_output/public_multifasta/multifasta_174.fasta
[32m** Running sequence QC **[0m
[32mNumber of sequences detected: [0m2518
[32mTotal passing QC: [0m2422
[32m
Data files found:[0m
Trained model:	/homes/azyoud/miniconda3/envs/pangolin/lib/python3.8/site-packages/pangoLEARN/data/decisionTree_v1.joblib
Header file:	/homes/azyoud/miniconda3/envs/pangolin/lib/python3.8/site-packages/pangoLEARN/data/decisionTreeHeaders_v1.joblib
Designated hash:	/homes/azyoud/miniconda3/envs/pangolin/lib/python3.8/site-packages/pangoLEARN/data/lineages.hash.csv

------------------------------------------------------------
Sender: LSF System <lsf@hl-codon-39-01>
Subject: Job 8176632: <run_pangolin.n=174> in cluster <codon> Done

Job <run_pangolin.n=174> was submitted from host <hl-codon-09-02> by user <azyoud> in cluster <codon> at Wed Jun 15 20:32:33 2022
Job was executed on host(s) <4*hl-codon-39-01>, in queue <standard>, as user <azyoud> in cluster <codon> at Wed Jun 15 20:32:35 2022
</homes/azyoud> was used as the home directory.
</hps/software/users/cochrane/ena/azyoud/lineages/public_lineages_workflow/workflow> was used as the working directory.
Started at Wed Jun 15 20:32:35 2022
Terminated at Wed Jun 15 20:35:14 2022
Results reported at Wed Jun 15 20:35:14 2022

Your job looked like:

------------------------------------------------------------
# LSBATCH: User input
/hps/software/users/cochrane/ena/azyoud/lineages/public_lineages_workflow/workflow/.snakemake/tmp.i5mlcqut/snakejob.run_pangolin.177.sh
------------------------------------------------------------

Successfully completed.

Resource usage summary:

    CPU time :                                   189.81 sec.
    Max Memory :                                 1106 MB
    Average Memory :                             245.50 MB
    Total Requested Memory :                     2048.00 MB
    Delta Memory :                               942.00 MB
    Max Swap :                                   -
    Max Processes :                              8
    Max Threads :                                21
    Run time :                                   159 sec.
    Turnaround time :                            161 sec.

The output (if any) is above this job summary.



PS:

Read file <logs/cluster/run_pangolin/n=174/jobid177_4d0d03ad-509a-4b03-a4b1-b9d268912927.err> for stderr output of this job.

