loading model 06/15/2022, 20:38:20
processing block of 1000 sequences 06/15/2022, 20:38:26
processing block of 682 sequences 06/15/2022, 20:38:34
complete 06/15/2022, 20:38:37
[32mOutput file written to: [0m/hps/nobackup/cochrane/ena/users/azyoud/lineages_workflow_output/public_consensus_workflow_output/pango/pango_lineages.377.csv
[32mAll dependencies satisfied.[0m
[32mThe query file is:[0m/hps/nobackup/cochrane/ena/users/azyoud/lineages_workflow_output/public_consensus_workflow_output/public_multifasta/multifasta_377.fasta
[32m** Running sequence QC **[0m
[32mNumber of sequences detected: [0m2518
[32mTotal passing QC: [0m2451
[32m
Data files found:[0m
Trained model:	/homes/azyoud/miniconda3/envs/pangolin/lib/python3.8/site-packages/pangoLEARN/data/decisionTree_v1.joblib
Header file:	/homes/azyoud/miniconda3/envs/pangolin/lib/python3.8/site-packages/pangoLEARN/data/decisionTreeHeaders_v1.joblib
Designated hash:	/homes/azyoud/miniconda3/envs/pangolin/lib/python3.8/site-packages/pangoLEARN/data/lineages.hash.csv

------------------------------------------------------------
Sender: LSF System <lsf@hl-codon-19-02>
Subject: Job 8176991: <run_pangolin.n=377> in cluster <codon> Done

Job <run_pangolin.n=377> was submitted from host <hl-codon-09-02> by user <azyoud> in cluster <codon> at Wed Jun 15 20:36:43 2022
Job was executed on host(s) <4*hl-codon-19-02>, in queue <standard>, as user <azyoud> in cluster <codon> at Wed Jun 15 20:36:44 2022
</homes/azyoud> was used as the home directory.
</hps/software/users/cochrane/ena/azyoud/lineages/public_lineages_workflow/workflow> was used as the working directory.
Started at Wed Jun 15 20:36:44 2022
Terminated at Wed Jun 15 20:38:44 2022
Results reported at Wed Jun 15 20:38:44 2022

Your job looked like:

------------------------------------------------------------
# LSBATCH: User input
/hps/software/users/cochrane/ena/azyoud/lineages/public_lineages_workflow/workflow/.snakemake/tmp.i5mlcqut/snakejob.run_pangolin.380.sh
------------------------------------------------------------

Successfully completed.

Resource usage summary:

    CPU time :                                   142.49 sec.
    Max Memory :                                 575 MB
    Average Memory :                             194.70 MB
    Total Requested Memory :                     2048.00 MB
    Delta Memory :                               1473.00 MB
    Max Swap :                                   -
    Max Processes :                              8
    Max Threads :                                17
    Run time :                                   121 sec.
    Turnaround time :                            121 sec.

The output (if any) is above this job summary.



PS:

Read file <logs/cluster/run_pangolin/n=377/jobid380_c5a1f3e9-3e67-4e3b-bb40-eb376ab18c94.err> for stderr output of this job.

