loading model 06/15/2022, 20:34:12
processing block of 1000 sequences 06/15/2022, 20:34:22
processing block of 1000 sequences 06/15/2022, 20:34:33
processing block of 313 sequences 06/15/2022, 20:34:43
complete 06/15/2022, 20:34:45
[32mOutput file written to: [0m/hps/nobackup/cochrane/ena/users/azyoud/lineages_workflow_output/public_consensus_workflow_output/pango/pango_lineages.233.csv
[32mAll dependencies satisfied.[0m
[32mThe query file is:[0m/hps/nobackup/cochrane/ena/users/azyoud/lineages_workflow_output/public_consensus_workflow_output/public_multifasta/multifasta_233.fasta
[32m** Running sequence QC **[0m
[32mNumber of sequences detected: [0m2518
[32mTotal passing QC: [0m2349
[32m
Data files found:[0m
Trained model:	/homes/azyoud/miniconda3/envs/pangolin/lib/python3.8/site-packages/pangoLEARN/data/decisionTree_v1.joblib
Header file:	/homes/azyoud/miniconda3/envs/pangolin/lib/python3.8/site-packages/pangoLEARN/data/decisionTreeHeaders_v1.joblib
Designated hash:	/homes/azyoud/miniconda3/envs/pangolin/lib/python3.8/site-packages/pangoLEARN/data/lineages.hash.csv

------------------------------------------------------------
Sender: LSF System <lsf@hl-codon-02-03>
Subject: Job 8176623: <run_pangolin.n=233> in cluster <codon> Done

Job <run_pangolin.n=233> was submitted from host <hl-codon-09-02> by user <azyoud> in cluster <codon> at Wed Jun 15 20:32:26 2022
Job was executed on host(s) <4*hl-codon-02-03>, in queue <standard>, as user <azyoud> in cluster <codon> at Wed Jun 15 20:32:27 2022
</homes/azyoud> was used as the home directory.
</hps/software/users/cochrane/ena/azyoud/lineages/public_lineages_workflow/workflow> was used as the working directory.
Started at Wed Jun 15 20:32:27 2022
Terminated at Wed Jun 15 20:34:51 2022
Results reported at Wed Jun 15 20:34:51 2022

Your job looked like:

------------------------------------------------------------
# LSBATCH: User input
/hps/software/users/cochrane/ena/azyoud/lineages/public_lineages_workflow/workflow/.snakemake/tmp.i5mlcqut/snakejob.run_pangolin.236.sh
------------------------------------------------------------

Successfully completed.

Resource usage summary:

    CPU time :                                   170.01 sec.
    Max Memory :                                 844 MB
    Average Memory :                             240.75 MB
    Total Requested Memory :                     2048.00 MB
    Delta Memory :                               1204.00 MB
    Max Swap :                                   -
    Max Processes :                              8
    Max Threads :                                17
    Run time :                                   144 sec.
    Turnaround time :                            145 sec.

The output (if any) is above this job summary.



PS:

Read file <logs/cluster/run_pangolin/n=233/jobid236_b75b4f4d-955c-4e59-b050-8607c9df9784.err> for stderr output of this job.

