loading model 06/15/2022, 20:38:12
processing block of 1000 sequences 06/15/2022, 20:38:16
processing block of 1000 sequences 06/15/2022, 20:38:21
processing block of 449 sequences 06/15/2022, 20:38:25
complete 06/15/2022, 20:38:27
[32mOutput file written to: [0m/hps/nobackup/cochrane/ena/users/azyoud/lineages_workflow_output/public_consensus_workflow_output/pango/pango_lineages.379.csv
[32mAll dependencies satisfied.[0m
[32mThe query file is:[0m/hps/nobackup/cochrane/ena/users/azyoud/lineages_workflow_output/public_consensus_workflow_output/public_multifasta/multifasta_379.fasta
[32m** Running sequence QC **[0m
[32mNumber of sequences detected: [0m2518
[32mTotal passing QC: [0m2464
[32m
Data files found:[0m
Trained model:	/homes/azyoud/miniconda3/envs/pangolin/lib/python3.8/site-packages/pangoLEARN/data/decisionTree_v1.joblib
Header file:	/homes/azyoud/miniconda3/envs/pangolin/lib/python3.8/site-packages/pangoLEARN/data/decisionTreeHeaders_v1.joblib
Designated hash:	/homes/azyoud/miniconda3/envs/pangolin/lib/python3.8/site-packages/pangoLEARN/data/lineages.hash.csv

------------------------------------------------------------
Sender: LSF System <lsf@hl-codon-16-02>
Subject: Job 8177009: <run_pangolin.n=379> in cluster <codon> Done

Job <run_pangolin.n=379> was submitted from host <hl-codon-09-02> by user <azyoud> in cluster <codon> at Wed Jun 15 20:36:56 2022
Job was executed on host(s) <4*hl-codon-16-02>, in queue <standard>, as user <azyoud> in cluster <codon> at Wed Jun 15 20:36:57 2022
</homes/azyoud> was used as the home directory.
</hps/software/users/cochrane/ena/azyoud/lineages/public_lineages_workflow/workflow> was used as the working directory.
Started at Wed Jun 15 20:36:57 2022
Terminated at Wed Jun 15 20:38:32 2022
Results reported at Wed Jun 15 20:38:32 2022

Your job looked like:

------------------------------------------------------------
# LSBATCH: User input
/hps/software/users/cochrane/ena/azyoud/lineages/public_lineages_workflow/workflow/.snakemake/tmp.i5mlcqut/snakejob.run_pangolin.382.sh
------------------------------------------------------------

Successfully completed.

Resource usage summary:

    CPU time :                                   122.74 sec.
    Max Memory :                                 1065 MB
    Average Memory :                             191.00 MB
    Total Requested Memory :                     2048.00 MB
    Delta Memory :                               983.00 MB
    Max Swap :                                   -
    Max Processes :                              8
    Max Threads :                                17
    Run time :                                   95 sec.
    Turnaround time :                            96 sec.

The output (if any) is above this job summary.



PS:

Read file <logs/cluster/run_pangolin/n=379/jobid382_6b2519de-b8fc-4b27-8787-fab9f49a4ed1.err> for stderr output of this job.

