loading model 06/15/2022, 20:37:54
processing block of 1000 sequences 06/15/2022, 20:37:58
processing block of 1000 sequences 06/15/2022, 20:38:05
processing block of 350 sequences 06/15/2022, 20:38:10
complete 06/15/2022, 20:38:11
[32mOutput file written to: [0m/hps/nobackup/cochrane/ena/users/azyoud/lineages_workflow_output/public_consensus_workflow_output/pango/pango_lineages.164.csv
[32mAll dependencies satisfied.[0m
[32mThe query file is:[0m/hps/nobackup/cochrane/ena/users/azyoud/lineages_workflow_output/public_consensus_workflow_output/public_multifasta/multifasta_164.fasta
[32m** Running sequence QC **[0m
[32mNumber of sequences detected: [0m2518
[32mTotal passing QC: [0m2353
[32m
Data files found:[0m
Trained model:	/homes/azyoud/miniconda3/envs/pangolin/lib/python3.8/site-packages/pangoLEARN/data/decisionTree_v1.joblib
Header file:	/homes/azyoud/miniconda3/envs/pangolin/lib/python3.8/site-packages/pangoLEARN/data/decisionTreeHeaders_v1.joblib
Designated hash:	/homes/azyoud/miniconda3/envs/pangolin/lib/python3.8/site-packages/pangoLEARN/data/lineages.hash.csv

------------------------------------------------------------
Sender: LSF System <lsf@hl-codon-49-04>
Subject: Job 8176960: <run_pangolin.n=164> in cluster <codon> Done

Job <run_pangolin.n=164> was submitted from host <hl-codon-09-02> by user <azyoud> in cluster <codon> at Wed Jun 15 20:36:21 2022
Job was executed on host(s) <4*hl-codon-49-04>, in queue <standard>, as user <azyoud> in cluster <codon> at Wed Jun 15 20:36:21 2022
</homes/azyoud> was used as the home directory.
</hps/software/users/cochrane/ena/azyoud/lineages/public_lineages_workflow/workflow> was used as the working directory.
Started at Wed Jun 15 20:36:21 2022
Terminated at Wed Jun 15 20:38:19 2022
Results reported at Wed Jun 15 20:38:19 2022

Your job looked like:

------------------------------------------------------------
# LSBATCH: User input
/hps/software/users/cochrane/ena/azyoud/lineages/public_lineages_workflow/workflow/.snakemake/tmp.i5mlcqut/snakejob.run_pangolin.167.sh
------------------------------------------------------------

Successfully completed.

Resource usage summary:

    CPU time :                                   139.98 sec.
    Max Memory :                                 835 MB
    Average Memory :                             136.11 MB
    Total Requested Memory :                     2048.00 MB
    Delta Memory :                               1213.00 MB
    Max Swap :                                   -
    Max Processes :                              8
    Max Threads :                                17
    Run time :                                   118 sec.
    Turnaround time :                            118 sec.

The output (if any) is above this job summary.



PS:

Read file <logs/cluster/run_pangolin/n=164/jobid167_0a409ad3-1e80-413a-9799-1742189c14f1.err> for stderr output of this job.

