loading model 06/15/2022, 20:36:17
processing block of 1000 sequences 06/15/2022, 20:36:21
processing block of 1000 sequences 06/15/2022, 20:36:27
processing block of 337 sequences 06/15/2022, 20:36:31
complete 06/15/2022, 20:36:32
[32mOutput file written to: [0m/hps/nobackup/cochrane/ena/users/azyoud/lineages_workflow_output/public_consensus_workflow_output/pango/pango_lineages.154.csv
[32mAll dependencies satisfied.[0m
[32mThe query file is:[0m/hps/nobackup/cochrane/ena/users/azyoud/lineages_workflow_output/public_consensus_workflow_output/public_multifasta/multifasta_154.fasta
[32m** Running sequence QC **[0m
[32mNumber of sequences detected: [0m2518
[32mTotal passing QC: [0m2347
[32m
Data files found:[0m
Trained model:	/homes/azyoud/miniconda3/envs/pangolin/lib/python3.8/site-packages/pangoLEARN/data/decisionTree_v1.joblib
Header file:	/homes/azyoud/miniconda3/envs/pangolin/lib/python3.8/site-packages/pangoLEARN/data/decisionTreeHeaders_v1.joblib
Designated hash:	/homes/azyoud/miniconda3/envs/pangolin/lib/python3.8/site-packages/pangoLEARN/data/lineages.hash.csv

------------------------------------------------------------
Sender: LSF System <lsf@hl-codon-46-03>
Subject: Job 8176813: <run_pangolin.n=154> in cluster <codon> Done

Job <run_pangolin.n=154> was submitted from host <hl-codon-09-02> by user <azyoud> in cluster <codon> at Wed Jun 15 20:34:19 2022
Job was executed on host(s) <4*hl-codon-46-03>, in queue <standard>, as user <azyoud> in cluster <codon> at Wed Jun 15 20:34:20 2022
</homes/azyoud> was used as the home directory.
</hps/software/users/cochrane/ena/azyoud/lineages/public_lineages_workflow/workflow> was used as the working directory.
Started at Wed Jun 15 20:34:20 2022
Terminated at Wed Jun 15 20:36:38 2022
Results reported at Wed Jun 15 20:36:38 2022

Your job looked like:

------------------------------------------------------------
# LSBATCH: User input
/hps/software/users/cochrane/ena/azyoud/lineages/public_lineages_workflow/workflow/.snakemake/tmp.i5mlcqut/snakejob.run_pangolin.157.sh
------------------------------------------------------------

Successfully completed.

Resource usage summary:

    CPU time :                                   158.20 sec.
    Max Memory :                                 1001 MB
    Average Memory :                             411.00 MB
    Total Requested Memory :                     2048.00 MB
    Delta Memory :                               1047.00 MB
    Max Swap :                                   -
    Max Processes :                              8
    Max Threads :                                17
    Run time :                                   138 sec.
    Turnaround time :                            139 sec.

The output (if any) is above this job summary.



PS:

Read file <logs/cluster/run_pangolin/n=154/jobid157_8cc85949-5b25-461a-9814-e3523de794f8.err> for stderr output of this job.

