[32m****
Query sequences collapsed from [0m3287[32m to [0m3270[32m unique sequences.[0m
[32m****
Running sequence QC[0m
[32mTotal passing QC: [0m3195
[32m****
[0m5[32m sequences assigned via designations.[0m
Using UShER as inference engine.
[32m****
Pangolin running in usher mode.
****[0m
[32mMaximum ambiguity allowed is 0.3.
****[0m
[32mQuery file:	[0m/hps/nobackup/cochrane/ena/users/azyoud/lineages_workflow_output/public_consensus_workflow_output/public_multifasta/multifasta_27.fasta
[32m****
Data files found:[0m
usher_pb:	/nfs/production/cochrane/ena/users/azyoud/miniconda/envs/pangolin/lib/python3.8/site-packages/pangolin_data/data/lineageTree.pb
[32m****[0m
[32m****
Output file written to: [0m/hps/nobackup/cochrane/ena/users/azyoud/lineages_workflow_output/public_consensus_workflow_output/pango/pango_lineages.27.csv

------------------------------------------------------------
Sender: LSF System <lsf@hl-codon-06-02>
Subject: Job 4788605: <run_pangolin.n=27> in cluster <codon> Done

Job <run_pangolin.n=27> was submitted from host <hl-codon-28-03> by user <azyoud> in cluster <codon> at Tue Aug  2 01:03:41 2022
Job was executed on host(s) <4*hl-codon-06-02>, in queue <standard>, as user <azyoud> in cluster <codon> at Tue Aug  2 01:03:45 2022
</homes/azyoud> was used as the home directory.
</hps/software/users/cochrane/ena/azyoud/lineages/public_lineages_workflow/workflow> was used as the working directory.
Started at Tue Aug  2 01:03:45 2022
Terminated at Tue Aug  2 01:36:52 2022
Results reported at Tue Aug  2 01:36:52 2022

Your job looked like:

------------------------------------------------------------
# LSBATCH: User input
/hps/software/users/cochrane/ena/azyoud/lineages/public_lineages_workflow/workflow/.snakemake/tmp.wcma87gc/snakejob.run_pangolin.31.sh
------------------------------------------------------------

Successfully completed.

Resource usage summary:

    CPU time :                                   7339.20 sec.
    Max Memory :                                 2564 MB
    Average Memory :                             257.57 MB
    Total Requested Memory :                     2048.00 MB
    Delta Memory :                               -516.00 MB
    Max Swap :                                   -
    Max Processes :                              9
    Max Threads :                                31
    Run time :                                   1990 sec.
    Turnaround time :                            1991 sec.

The output (if any) is above this job summary.



PS:

Read file <logs/cluster/run_pangolin/n=27/jobid31_f48fc69d-7b1e-4159-84b6-55d8168f6b53.err> for stderr output of this job.

