loading model 06/15/2022, 20:36:16
processing block of 1000 sequences 06/15/2022, 20:36:28
processing block of 1000 sequences 06/15/2022, 20:36:39
processing block of 461 sequences 06/15/2022, 20:36:46
complete 06/15/2022, 20:36:48
[32mOutput file written to: [0m/hps/nobackup/cochrane/ena/users/azyoud/lineages_workflow_output/public_consensus_workflow_output/pango/pango_lineages.454.csv
[32mAll dependencies satisfied.[0m
[32mThe query file is:[0m/hps/nobackup/cochrane/ena/users/azyoud/lineages_workflow_output/public_consensus_workflow_output/public_multifasta/multifasta_454.fasta
[32m** Running sequence QC **[0m
[32mNumber of sequences detected: [0m2518
[32mTotal passing QC: [0m2487
[32m
Data files found:[0m
Trained model:	/homes/azyoud/miniconda3/envs/pangolin/lib/python3.8/site-packages/pangoLEARN/data/decisionTree_v1.joblib
Header file:	/homes/azyoud/miniconda3/envs/pangolin/lib/python3.8/site-packages/pangoLEARN/data/decisionTreeHeaders_v1.joblib
Designated hash:	/homes/azyoud/miniconda3/envs/pangolin/lib/python3.8/site-packages/pangoLEARN/data/lineages.hash.csv

------------------------------------------------------------
Sender: LSF System <lsf@hl-codon-05-02>
Subject: Job 8176821: <run_pangolin.n=454> in cluster <codon> Done

Job <run_pangolin.n=454> was submitted from host <hl-codon-09-02> by user <azyoud> in cluster <codon> at Wed Jun 15 20:34:24 2022
Job was executed on host(s) <4*hl-codon-05-02>, in queue <standard>, as user <azyoud> in cluster <codon> at Wed Jun 15 20:34:25 2022
</homes/azyoud> was used as the home directory.
</hps/software/users/cochrane/ena/azyoud/lineages/public_lineages_workflow/workflow> was used as the working directory.
Started at Wed Jun 15 20:34:25 2022
Terminated at Wed Jun 15 20:36:56 2022
Results reported at Wed Jun 15 20:36:56 2022

Your job looked like:

------------------------------------------------------------
# LSBATCH: User input
/hps/software/users/cochrane/ena/azyoud/lineages/public_lineages_workflow/workflow/.snakemake/tmp.i5mlcqut/snakejob.run_pangolin.457.sh
------------------------------------------------------------

Successfully completed.

Resource usage summary:

    CPU time :                                   174.48 sec.
    Max Memory :                                 999 MB
    Average Memory :                             234.67 MB
    Total Requested Memory :                     2048.00 MB
    Delta Memory :                               1049.00 MB
    Max Swap :                                   -
    Max Processes :                              8
    Max Threads :                                17
    Run time :                                   151 sec.
    Turnaround time :                            152 sec.

The output (if any) is above this job summary.



PS:

Read file <logs/cluster/run_pangolin/n=454/jobid457_71bc174a-0bf5-44cd-beab-38e923c94b98.err> for stderr output of this job.

