loading model 06/15/2022, 20:38:32
processing block of 1000 sequences 06/15/2022, 20:38:37
processing block of 1000 sequences 06/15/2022, 20:38:46
processing block of 463 sequences 06/15/2022, 20:38:54
complete 06/15/2022, 20:38:57
[32mOutput file written to: [0m/hps/nobackup/cochrane/ena/users/azyoud/lineages_workflow_output/public_consensus_workflow_output/pango/pango_lineages.318.csv
[32mAll dependencies satisfied.[0m
[32mThe query file is:[0m/hps/nobackup/cochrane/ena/users/azyoud/lineages_workflow_output/public_consensus_workflow_output/public_multifasta/multifasta_318.fasta
[32m** Running sequence QC **[0m
[32mNumber of sequences detected: [0m2518
[32mTotal passing QC: [0m2469
[32m
Data files found:[0m
Trained model:	/homes/azyoud/miniconda3/envs/pangolin/lib/python3.8/site-packages/pangoLEARN/data/decisionTree_v1.joblib
Header file:	/homes/azyoud/miniconda3/envs/pangolin/lib/python3.8/site-packages/pangoLEARN/data/decisionTreeHeaders_v1.joblib
Designated hash:	/homes/azyoud/miniconda3/envs/pangolin/lib/python3.8/site-packages/pangoLEARN/data/lineages.hash.csv

------------------------------------------------------------
Sender: LSF System <lsf@hl-codon-05-02>
Subject: Job 8176997: <run_pangolin.n=318> in cluster <codon> Done

Job <run_pangolin.n=318> was submitted from host <hl-codon-09-02> by user <azyoud> in cluster <codon> at Wed Jun 15 20:36:48 2022
Job was executed on host(s) <4*hl-codon-05-02>, in queue <standard>, as user <azyoud> in cluster <codon> at Wed Jun 15 20:36:48 2022
</homes/azyoud> was used as the home directory.
</hps/software/users/cochrane/ena/azyoud/lineages/public_lineages_workflow/workflow> was used as the working directory.
Started at Wed Jun 15 20:36:48 2022
Terminated at Wed Jun 15 20:39:04 2022
Results reported at Wed Jun 15 20:39:04 2022

Your job looked like:

------------------------------------------------------------
# LSBATCH: User input
/hps/software/users/cochrane/ena/azyoud/lineages/public_lineages_workflow/workflow/.snakemake/tmp.i5mlcqut/snakejob.run_pangolin.321.sh
------------------------------------------------------------

Successfully completed.

Resource usage summary:

    CPU time :                                   159.79 sec.
    Max Memory :                                 998 MB
    Average Memory :                             188.56 MB
    Total Requested Memory :                     2048.00 MB
    Delta Memory :                               1050.00 MB
    Max Swap :                                   -
    Max Processes :                              8
    Max Threads :                                17
    Run time :                                   141 sec.
    Turnaround time :                            136 sec.

The output (if any) is above this job summary.



PS:

Read file <logs/cluster/run_pangolin/n=318/jobid321_c8f5c4ed-17b8-4764-b36b-f6922286da78.err> for stderr output of this job.

