loading model 06/15/2022, 20:37:28
processing block of 1000 sequences 06/15/2022, 20:37:33
processing block of 1000 sequences 06/15/2022, 20:37:40
processing block of 413 sequences 06/15/2022, 20:37:46
complete 06/15/2022, 20:37:48
[32mOutput file written to: [0m/hps/nobackup/cochrane/ena/users/azyoud/lineages_workflow_output/public_consensus_workflow_output/pango/pango_lineages.340.csv
[32mAll dependencies satisfied.[0m
[32mThe query file is:[0m/hps/nobackup/cochrane/ena/users/azyoud/lineages_workflow_output/public_consensus_workflow_output/public_multifasta/multifasta_340.fasta
[32m** Running sequence QC **[0m
[32mNumber of sequences detected: [0m2518
[32mTotal passing QC: [0m2437
[32m
Data files found:[0m
Trained model:	/homes/azyoud/miniconda3/envs/pangolin/lib/python3.8/site-packages/pangoLEARN/data/decisionTree_v1.joblib
Header file:	/homes/azyoud/miniconda3/envs/pangolin/lib/python3.8/site-packages/pangoLEARN/data/decisionTreeHeaders_v1.joblib
Designated hash:	/homes/azyoud/miniconda3/envs/pangolin/lib/python3.8/site-packages/pangoLEARN/data/lineages.hash.csv

------------------------------------------------------------
Sender: LSF System <lsf@hl-codon-16-04>
Subject: Job 8176928: <run_pangolin.n=340> in cluster <codon> Done

Job <run_pangolin.n=340> was submitted from host <hl-codon-09-02> by user <azyoud> in cluster <codon> at Wed Jun 15 20:35:48 2022
Job was executed on host(s) <4*hl-codon-16-04>, in queue <standard>, as user <azyoud> in cluster <codon> at Wed Jun 15 20:35:48 2022
</homes/azyoud> was used as the home directory.
</hps/software/users/cochrane/ena/azyoud/lineages/public_lineages_workflow/workflow> was used as the working directory.
Started at Wed Jun 15 20:35:48 2022
Terminated at Wed Jun 15 20:37:55 2022
Results reported at Wed Jun 15 20:37:55 2022

Your job looked like:

------------------------------------------------------------
# LSBATCH: User input
/hps/software/users/cochrane/ena/azyoud/lineages/public_lineages_workflow/workflow/.snakemake/tmp.i5mlcqut/snakejob.run_pangolin.343.sh
------------------------------------------------------------

Successfully completed.

Resource usage summary:

    CPU time :                                   147.69 sec.
    Max Memory :                                 998 MB
    Average Memory :                             401.11 MB
    Total Requested Memory :                     2048.00 MB
    Delta Memory :                               1050.00 MB
    Max Swap :                                   -
    Max Processes :                              8
    Max Threads :                                17
    Run time :                                   127 sec.
    Turnaround time :                            127 sec.

The output (if any) is above this job summary.



PS:

Read file <logs/cluster/run_pangolin/n=340/jobid343_bdc7cccf-60cd-4f80-b3a5-b26651472863.err> for stderr output of this job.

