[32m****
Query sequences collapsed from [0m3280[32m to [0m3274[32m unique sequences.[0m
[32m****
Running sequence QC[0m
[32mTotal passing QC: [0m3235
[32m****
[0m28[32m sequences assigned via designations.[0m
Using UShER as inference engine.
[32m****
Pangolin running in usher mode.
****[0m
[32mMaximum ambiguity allowed is 0.3.
****[0m
[32mQuery file:	[0m/hps/nobackup/cochrane/ena/users/azyoud/lineages_workflow_output/public_consensus_workflow_output/public_multifasta/multifasta_471.fasta
[32m****
Data files found:[0m
usher_pb:	/nfs/production/cochrane/ena/users/azyoud/miniconda/envs/pangolin/lib/python3.8/site-packages/pangolin_data/data/lineageTree.pb
[32m****[0m
[32m****
Output file written to: [0m/hps/nobackup/cochrane/ena/users/azyoud/lineages_workflow_output/public_consensus_workflow_output/pango/pango_lineages.471.csv

------------------------------------------------------------
Sender: LSF System <lsf@hl-codon-123-03>
Subject: Job 4788773: <run_pangolin.n=471> in cluster <codon> Done

Job <run_pangolin.n=471> was submitted from host <hl-codon-28-03> by user <azyoud> in cluster <codon> at Tue Aug  2 01:04:22 2022
Job was executed on host(s) <4*hl-codon-123-03>, in queue <standard>, as user <azyoud> in cluster <codon> at Tue Aug  2 01:04:23 2022
</homes/azyoud> was used as the home directory.
</hps/software/users/cochrane/ena/azyoud/lineages/public_lineages_workflow/workflow> was used as the working directory.
Started at Tue Aug  2 01:04:23 2022
Terminated at Tue Aug  2 01:31:33 2022
Results reported at Tue Aug  2 01:31:33 2022

Your job looked like:

------------------------------------------------------------
# LSBATCH: User input
/hps/software/users/cochrane/ena/azyoud/lineages/public_lineages_workflow/workflow/.snakemake/tmp.wcma87gc/snakejob.run_pangolin.475.sh
------------------------------------------------------------

Successfully completed.

Resource usage summary:

    CPU time :                                   5959.10 sec.
    Max Memory :                                 1138 MB
    Average Memory :                             224.65 MB
    Total Requested Memory :                     2048.00 MB
    Delta Memory :                               910.00 MB
    Max Swap :                                   -
    Max Processes :                              12
    Max Threads :                                32
    Run time :                                   1627 sec.
    Turnaround time :                            1631 sec.

The output (if any) is above this job summary.



PS:

Read file <logs/cluster/run_pangolin/n=471/jobid475_eb10d3f7-548b-4071-814a-16c71c18ce78.err> for stderr output of this job.

