loading model 06/15/2022, 20:37:32
processing block of 1000 sequences 06/15/2022, 20:37:49
processing block of 1000 sequences 06/15/2022, 20:38:01
processing block of 83 sequences 06/15/2022, 20:38:07
complete 06/15/2022, 20:38:08
[32mOutput file written to: [0m/hps/nobackup/cochrane/ena/users/azyoud/lineages_workflow_output/public_consensus_workflow_output/pango/pango_lineages.373.csv
[32mAll dependencies satisfied.[0m
[32mThe query file is:[0m/hps/nobackup/cochrane/ena/users/azyoud/lineages_workflow_output/public_consensus_workflow_output/public_multifasta/multifasta_373.fasta
[32m** Running sequence QC **[0m
[32mNumber of sequences detected: [0m2518
[32mTotal passing QC: [0m2400
[32m
Data files found:[0m
Trained model:	/homes/azyoud/miniconda3/envs/pangolin/lib/python3.8/site-packages/pangoLEARN/data/decisionTree_v1.joblib
Header file:	/homes/azyoud/miniconda3/envs/pangolin/lib/python3.8/site-packages/pangoLEARN/data/decisionTreeHeaders_v1.joblib
Designated hash:	/homes/azyoud/miniconda3/envs/pangolin/lib/python3.8/site-packages/pangoLEARN/data/lineages.hash.csv

------------------------------------------------------------
Sender: LSF System <lsf@hl-codon-28-02>
Subject: Job 8176956: <run_pangolin.n=373> in cluster <codon> Done

Job <run_pangolin.n=373> was submitted from host <hl-codon-09-02> by user <azyoud> in cluster <codon> at Wed Jun 15 20:36:18 2022
Job was executed on host(s) <4*hl-codon-28-02>, in queue <standard>, as user <azyoud> in cluster <codon> at Wed Jun 15 20:36:18 2022
</homes/azyoud> was used as the home directory.
</hps/software/users/cochrane/ena/azyoud/lineages/public_lineages_workflow/workflow> was used as the working directory.
Started at Wed Jun 15 20:36:18 2022
Terminated at Wed Jun 15 20:38:13 2022
Results reported at Wed Jun 15 20:38:13 2022

Your job looked like:

------------------------------------------------------------
# LSBATCH: User input
/hps/software/users/cochrane/ena/azyoud/lineages/public_lineages_workflow/workflow/.snakemake/tmp.i5mlcqut/snakejob.run_pangolin.376.sh
------------------------------------------------------------

Successfully completed.

Resource usage summary:

    CPU time :                                   135.48 sec.
    Max Memory :                                 1061 MB
    Average Memory :                             230.10 MB
    Total Requested Memory :                     2048.00 MB
    Delta Memory :                               987.00 MB
    Max Swap :                                   -
    Max Processes :                              8
    Max Threads :                                17
    Run time :                                   115 sec.
    Turnaround time :                            115 sec.

The output (if any) is above this job summary.



PS:

Read file <logs/cluster/run_pangolin/n=373/jobid376_054e318e-8359-4296-a263-3b7a3cd612a5.err> for stderr output of this job.

