loading model 06/15/2022, 20:35:53
processing block of 1000 sequences 06/15/2022, 20:35:56
processing block of 1000 sequences 06/15/2022, 20:36:02
processing block of 38 sequences 06/15/2022, 20:36:05
complete 06/15/2022, 20:36:06
[32mOutput file written to: [0m/hps/nobackup/cochrane/ena/users/azyoud/lineages_workflow_output/public_consensus_workflow_output/pango/pango_lineages.366.csv
[32mAll dependencies satisfied.[0m
[32mThe query file is:[0m/hps/nobackup/cochrane/ena/users/azyoud/lineages_workflow_output/public_consensus_workflow_output/public_multifasta/multifasta_366.fasta
[32m** Running sequence QC **[0m
[32mNumber of sequences detected: [0m2518
[32mTotal passing QC: [0m2434
[32m
Data files found:[0m
Trained model:	/homes/azyoud/miniconda3/envs/pangolin/lib/python3.8/site-packages/pangoLEARN/data/decisionTree_v1.joblib
Header file:	/homes/azyoud/miniconda3/envs/pangolin/lib/python3.8/site-packages/pangoLEARN/data/decisionTreeHeaders_v1.joblib
Designated hash:	/homes/azyoud/miniconda3/envs/pangolin/lib/python3.8/site-packages/pangoLEARN/data/lineages.hash.csv

------------------------------------------------------------
Sender: LSF System <lsf@hl-codon-10-04>
Subject: Job 8176845: <run_pangolin.n=366> in cluster <codon> Done

Job <run_pangolin.n=366> was submitted from host <hl-codon-09-02> by user <azyoud> in cluster <codon> at Wed Jun 15 20:34:40 2022
Job was executed on host(s) <4*hl-codon-10-04>, in queue <standard>, as user <azyoud> in cluster <codon> at Wed Jun 15 20:34:41 2022
</homes/azyoud> was used as the home directory.
</hps/software/users/cochrane/ena/azyoud/lineages/public_lineages_workflow/workflow> was used as the working directory.
Started at Wed Jun 15 20:34:41 2022
Terminated at Wed Jun 15 20:36:12 2022
Results reported at Wed Jun 15 20:36:12 2022

Your job looked like:

------------------------------------------------------------
# LSBATCH: User input
/hps/software/users/cochrane/ena/azyoud/lineages/public_lineages_workflow/workflow/.snakemake/tmp.i5mlcqut/snakejob.run_pangolin.369.sh
------------------------------------------------------------

Successfully completed.

Resource usage summary:

    CPU time :                                   108.78 sec.
    Max Memory :                                 1002 MB
    Average Memory :                             453.57 MB
    Total Requested Memory :                     2048.00 MB
    Delta Memory :                               1046.00 MB
    Max Swap :                                   -
    Max Processes :                              8
    Max Threads :                                17
    Run time :                                   91 sec.
    Turnaround time :                            92 sec.

The output (if any) is above this job summary.



PS:

Read file <logs/cluster/run_pangolin/n=366/jobid369_9cae1472-c455-45b0-9997-a10a1a3c4b3e.err> for stderr output of this job.

