[32m****
Query sequences collapsed from [0m3286[32m to [0m2887[32m unique sequences.[0m
[32m****
Running sequence QC[0m
[32mTotal passing QC: [0m2846
[32m****
[0m505[32m sequences assigned via designations.[0m
Using UShER as inference engine.
[32m****
Pangolin running in usher mode.
****[0m
[32mMaximum ambiguity allowed is 0.3.
****[0m
[32mQuery file:	[0m/hps/nobackup/cochrane/ena/users/azyoud/lineages_workflow_output/public_consensus_workflow_output/public_multifasta/multifasta_131.fasta
[32m****
Data files found:[0m
usher_pb:	/nfs/production/cochrane/ena/users/azyoud/miniconda/envs/pangolin/lib/python3.8/site-packages/pangolin_data/data/lineageTree.pb
[32m****[0m
[32m****
Output file written to: [0m/hps/nobackup/cochrane/ena/users/azyoud/lineages_workflow_output/public_consensus_workflow_output/pango/pango_lineages.131.csv

------------------------------------------------------------
Sender: LSF System <lsf@hl-codon-121-04>
Subject: Job 4791749: <run_pangolin.n=131> in cluster <codon> Done

Job <run_pangolin.n=131> was submitted from host <hl-codon-28-03> by user <azyoud> in cluster <codon> at Tue Aug  2 01:10:43 2022
Job was executed on host(s) <4*hl-codon-121-04>, in queue <standard>, as user <azyoud> in cluster <codon> at Tue Aug  2 01:10:46 2022
</homes/azyoud> was used as the home directory.
</hps/software/users/cochrane/ena/azyoud/lineages/public_lineages_workflow/workflow> was used as the working directory.
Started at Tue Aug  2 01:10:46 2022
Terminated at Tue Aug  2 01:20:59 2022
Results reported at Tue Aug  2 01:20:59 2022

Your job looked like:

------------------------------------------------------------
# LSBATCH: User input
/hps/software/users/cochrane/ena/azyoud/lineages/public_lineages_workflow/workflow/.snakemake/tmp.wcma87gc/snakejob.run_pangolin.135.sh
------------------------------------------------------------

Successfully completed.

Resource usage summary:

    CPU time :                                   1990.40 sec.
    Max Memory :                                 1937 MB
    Average Memory :                             163.08 MB
    Total Requested Memory :                     2048.00 MB
    Delta Memory :                               111.00 MB
    Max Swap :                                   -
    Max Processes :                              9
    Max Threads :                                38
    Run time :                                   645 sec.
    Turnaround time :                            616 sec.

The output (if any) is above this job summary.



PS:

Read file <logs/cluster/run_pangolin/n=131/jobid135_1e1f22b0-ec0f-4477-9073-17033798be5f.err> for stderr output of this job.

