loading model 06/15/2022, 20:36:56
processing block of 1000 sequences 06/15/2022, 20:37:01
processing block of 1000 sequences 06/15/2022, 20:37:11
processing block of 482 sequences 06/15/2022, 20:37:18
complete 06/15/2022, 20:37:21
[32mOutput file written to: [0m/hps/nobackup/cochrane/ena/users/azyoud/lineages_workflow_output/public_consensus_workflow_output/pango/pango_lineages.432.csv
[32mAll dependencies satisfied.[0m
[32mThe query file is:[0m/hps/nobackup/cochrane/ena/users/azyoud/lineages_workflow_output/public_consensus_workflow_output/public_multifasta/multifasta_432.fasta
[32m** Running sequence QC **[0m
[32mNumber of sequences detected: [0m2518
[32mTotal passing QC: [0m2495
[32m
Data files found:[0m
Trained model:	/homes/azyoud/miniconda3/envs/pangolin/lib/python3.8/site-packages/pangoLEARN/data/decisionTree_v1.joblib
Header file:	/homes/azyoud/miniconda3/envs/pangolin/lib/python3.8/site-packages/pangoLEARN/data/decisionTreeHeaders_v1.joblib
Designated hash:	/homes/azyoud/miniconda3/envs/pangolin/lib/python3.8/site-packages/pangoLEARN/data/lineages.hash.csv

------------------------------------------------------------
Sender: LSF System <lsf@hl-codon-34-01>
Subject: Job 8176870: <run_pangolin.n=432> in cluster <codon> Done

Job <run_pangolin.n=432> was submitted from host <hl-codon-09-02> by user <azyoud> in cluster <codon> at Wed Jun 15 20:35:00 2022
Job was executed on host(s) <4*hl-codon-34-01>, in queue <standard>, as user <azyoud> in cluster <codon> at Wed Jun 15 20:35:01 2022
</homes/azyoud> was used as the home directory.
</hps/software/users/cochrane/ena/azyoud/lineages/public_lineages_workflow/workflow> was used as the working directory.
Started at Wed Jun 15 20:35:01 2022
Terminated at Wed Jun 15 20:37:29 2022
Results reported at Wed Jun 15 20:37:29 2022

Your job looked like:

------------------------------------------------------------
# LSBATCH: User input
/hps/software/users/cochrane/ena/azyoud/lineages/public_lineages_workflow/workflow/.snakemake/tmp.i5mlcqut/snakejob.run_pangolin.435.sh
------------------------------------------------------------

Successfully completed.

Resource usage summary:

    CPU time :                                   170.51 sec.
    Max Memory :                                 811 MB
    Average Memory :                             201.75 MB
    Total Requested Memory :                     2048.00 MB
    Delta Memory :                               1237.00 MB
    Max Swap :                                   -
    Max Processes :                              8
    Max Threads :                                17
    Run time :                                   149 sec.
    Turnaround time :                            149 sec.

The output (if any) is above this job summary.



PS:

Read file <logs/cluster/run_pangolin/n=432/jobid435_61d6610d-86fd-43d8-8912-12c34779b054.err> for stderr output of this job.

