[32m****
Query sequences collapsed from [0m3248[32m to [0m3182[32m unique sequences.[0m
[32m****
Running sequence QC[0m
[32mTotal passing QC: [0m3148
[32m****
[0m115[32m sequences assigned via designations.[0m
Using UShER as inference engine.
[32m****
Pangolin running in usher mode.
****[0m
[32mMaximum ambiguity allowed is 0.3.
****[0m
[32mQuery file:	[0m/hps/nobackup/cochrane/ena/users/azyoud/lineages_workflow_output/public_consensus_workflow_output/public_multifasta/multifasta_104.fasta
[32m****
Data files found:[0m
usher_pb:	/nfs/production/cochrane/ena/users/azyoud/miniconda/envs/pangolin/lib/python3.8/site-packages/pangolin_data/data/lineageTree.pb
[32m****[0m
[32m****
Output file written to: [0m/hps/nobackup/cochrane/ena/users/azyoud/lineages_workflow_output/public_consensus_workflow_output/pango/pango_lineages.104.csv

------------------------------------------------------------
Sender: LSF System <lsf@hl-codon-30-04>
Subject: Job 4789147: <run_pangolin.n=104> in cluster <codon> Done

Job <run_pangolin.n=104> was submitted from host <hl-codon-28-03> by user <azyoud> in cluster <codon> at Tue Aug  2 01:05:40 2022
Job was executed on host(s) <4*hl-codon-30-04>, in queue <standard>, as user <azyoud> in cluster <codon> at Tue Aug  2 01:05:41 2022
</homes/azyoud> was used as the home directory.
</hps/software/users/cochrane/ena/azyoud/lineages/public_lineages_workflow/workflow> was used as the working directory.
Started at Tue Aug  2 01:05:41 2022
Terminated at Tue Aug  2 01:49:12 2022
Results reported at Tue Aug  2 01:49:12 2022

Your job looked like:

------------------------------------------------------------
# LSBATCH: User input
/hps/software/users/cochrane/ena/azyoud/lineages/public_lineages_workflow/workflow/.snakemake/tmp.wcma87gc/snakejob.run_pangolin.108.sh
------------------------------------------------------------

Successfully completed.

Resource usage summary:

    CPU time :                                   9786.98 sec.
    Max Memory :                                 871 MB
    Average Memory :                             317.08 MB
    Total Requested Memory :                     2048.00 MB
    Delta Memory :                               1177.00 MB
    Max Swap :                                   -
    Max Processes :                              12
    Max Threads :                                34
    Run time :                                   2610 sec.
    Turnaround time :                            2612 sec.

The output (if any) is above this job summary.



PS:

Read file <logs/cluster/run_pangolin/n=104/jobid108_d2b29149-8efc-4626-a111-3dc1893835f9.err> for stderr output of this job.

