[32m****
Query sequences collapsed from [0m3306[32m to [0m3230[32m unique sequences.[0m
[32m****
Running sequence QC[0m
[32mTotal passing QC: [0m3153
[32m****
[0m21[32m sequences assigned via designations.[0m
Using UShER as inference engine.
[32m****
Pangolin running in usher mode.
****[0m
[32mMaximum ambiguity allowed is 0.3.
****[0m
[32mQuery file:	[0m/hps/nobackup/cochrane/ena/users/azyoud/lineages_workflow_output/public_consensus_workflow_output/public_multifasta/multifasta_353.fasta
[32m****
Data files found:[0m
usher_pb:	/nfs/production/cochrane/ena/users/azyoud/miniconda/envs/pangolin/lib/python3.8/site-packages/pangolin_data/data/lineageTree.pb
[32m****[0m
[32m****
Output file written to: [0m/hps/nobackup/cochrane/ena/users/azyoud/lineages_workflow_output/public_consensus_workflow_output/pango/pango_lineages.353.csv

------------------------------------------------------------
Sender: LSF System <lsf@hl-codon-31-03>
Subject: Job 4788203: <run_pangolin.n=353> in cluster <codon> Done

Job <run_pangolin.n=353> was submitted from host <hl-codon-28-03> by user <azyoud> in cluster <codon> at Tue Aug  2 01:02:07 2022
Job was executed on host(s) <4*hl-codon-31-03>, in queue <standard>, as user <azyoud> in cluster <codon> at Tue Aug  2 01:02:17 2022
</homes/azyoud> was used as the home directory.
</hps/software/users/cochrane/ena/azyoud/lineages/public_lineages_workflow/workflow> was used as the working directory.
Started at Tue Aug  2 01:02:17 2022
Terminated at Tue Aug  2 01:33:18 2022
Results reported at Tue Aug  2 01:33:18 2022

Your job looked like:

------------------------------------------------------------
# LSBATCH: User input
/hps/software/users/cochrane/ena/azyoud/lineages/public_lineages_workflow/workflow/.snakemake/tmp.wcma87gc/snakejob.run_pangolin.357.sh
------------------------------------------------------------

Successfully completed.

Resource usage summary:

    CPU time :                                   6791.69 sec.
    Max Memory :                                 1477 MB
    Average Memory :                             231.84 MB
    Total Requested Memory :                     2048.00 MB
    Delta Memory :                               571.00 MB
    Max Swap :                                   -
    Max Processes :                              12
    Max Threads :                                32
    Run time :                                   1866 sec.
    Turnaround time :                            1871 sec.

The output (if any) is above this job summary.



PS:

Read file <logs/cluster/run_pangolin/n=353/jobid357_b155ef23-6713-4437-9185-cd2addea9301.err> for stderr output of this job.

