loading model 06/15/2022, 20:38:38
processing block of 1000 sequences 06/15/2022, 20:38:41
processing block of 1000 sequences 06/15/2022, 20:38:47
processing block of 370 sequences 06/15/2022, 20:38:51
complete 06/15/2022, 20:38:52
[32mOutput file written to: [0m/hps/nobackup/cochrane/ena/users/azyoud/lineages_workflow_output/public_consensus_workflow_output/pango/pango_lineages.202.csv
[32mAll dependencies satisfied.[0m
[32mThe query file is:[0m/hps/nobackup/cochrane/ena/users/azyoud/lineages_workflow_output/public_consensus_workflow_output/public_multifasta/multifasta_202.fasta
[32m** Running sequence QC **[0m
[32mNumber of sequences detected: [0m2518
[32mTotal passing QC: [0m2377
[32m
Data files found:[0m
Trained model:	/homes/azyoud/miniconda3/envs/pangolin/lib/python3.8/site-packages/pangoLEARN/data/decisionTree_v1.joblib
Header file:	/homes/azyoud/miniconda3/envs/pangolin/lib/python3.8/site-packages/pangoLEARN/data/decisionTreeHeaders_v1.joblib
Designated hash:	/homes/azyoud/miniconda3/envs/pangolin/lib/python3.8/site-packages/pangoLEARN/data/lineages.hash.csv

------------------------------------------------------------
Sender: LSF System <lsf@hl-codon-26-02>
Subject: Job 8177034: <run_pangolin.n=202> in cluster <codon> Done

Job <run_pangolin.n=202> was submitted from host <hl-codon-09-02> by user <azyoud> in cluster <codon> at Wed Jun 15 20:37:24 2022
Job was executed on host(s) <4*hl-codon-26-02>, in queue <standard>, as user <azyoud> in cluster <codon> at Wed Jun 15 20:37:24 2022
</homes/azyoud> was used as the home directory.
</hps/software/users/cochrane/ena/azyoud/lineages/public_lineages_workflow/workflow> was used as the working directory.
Started at Wed Jun 15 20:37:24 2022
Terminated at Wed Jun 15 20:38:59 2022
Results reported at Wed Jun 15 20:38:59 2022

Your job looked like:

------------------------------------------------------------
# LSBATCH: User input
/hps/software/users/cochrane/ena/azyoud/lineages/public_lineages_workflow/workflow/.snakemake/tmp.i5mlcqut/snakejob.run_pangolin.205.sh
------------------------------------------------------------

Successfully completed.

Resource usage summary:

    CPU time :                                   116.72 sec.
    Max Memory :                                 1008 MB
    Average Memory :                             179.88 MB
    Total Requested Memory :                     2048.00 MB
    Delta Memory :                               1040.00 MB
    Max Swap :                                   -
    Max Processes :                              8
    Max Threads :                                17
    Run time :                                   92 sec.
    Turnaround time :                            95 sec.

The output (if any) is above this job summary.



PS:

Read file <logs/cluster/run_pangolin/n=202/jobid205_9fd552c5-2495-46ee-882c-e945f3f128a6.err> for stderr output of this job.

