loading model 06/15/2022, 20:33:41
processing block of 1000 sequences 06/15/2022, 20:33:50
processing block of 1000 sequences 06/15/2022, 20:33:59
processing block of 465 sequences 06/15/2022, 20:34:08
complete 06/15/2022, 20:34:11
[32mOutput file written to: [0m/hps/nobackup/cochrane/ena/users/azyoud/lineages_workflow_output/public_consensus_workflow_output/pango/pango_lineages.479.csv
[32mAll dependencies satisfied.[0m
[32mThe query file is:[0m/hps/nobackup/cochrane/ena/users/azyoud/lineages_workflow_output/public_consensus_workflow_output/public_multifasta/multifasta_479.fasta
[32m** Running sequence QC **[0m
[32mNumber of sequences detected: [0m2518
[32mTotal passing QC: [0m2470
[32m
Data files found:[0m
Trained model:	/homes/azyoud/miniconda3/envs/pangolin/lib/python3.8/site-packages/pangoLEARN/data/decisionTree_v1.joblib
Header file:	/homes/azyoud/miniconda3/envs/pangolin/lib/python3.8/site-packages/pangoLEARN/data/decisionTreeHeaders_v1.joblib
Designated hash:	/homes/azyoud/miniconda3/envs/pangolin/lib/python3.8/site-packages/pangoLEARN/data/lineages.hash.csv

------------------------------------------------------------
Sender: LSF System <lsf@hl-codon-12-03>
Subject: Job 8176571: <run_pangolin.n=479> in cluster <codon> Done

Job <run_pangolin.n=479> was submitted from host <hl-codon-09-02> by user <azyoud> in cluster <codon> at Wed Jun 15 20:31:36 2022
Job was executed on host(s) <4*hl-codon-12-03>, in queue <standard>, as user <azyoud> in cluster <codon> at Wed Jun 15 20:31:37 2022
</homes/azyoud> was used as the home directory.
</hps/software/users/cochrane/ena/azyoud/lineages/public_lineages_workflow/workflow> was used as the working directory.
Started at Wed Jun 15 20:31:37 2022
Terminated at Wed Jun 15 20:34:18 2022
Results reported at Wed Jun 15 20:34:18 2022

Your job looked like:

------------------------------------------------------------
# LSBATCH: User input
/hps/software/users/cochrane/ena/azyoud/lineages/public_lineages_workflow/workflow/.snakemake/tmp.i5mlcqut/snakejob.run_pangolin.482.sh
------------------------------------------------------------

Successfully completed.

Resource usage summary:

    CPU time :                                   179.55 sec.
    Max Memory :                                 1059 MB
    Average Memory :                             431.33 MB
    Total Requested Memory :                     2048.00 MB
    Delta Memory :                               989.00 MB
    Max Swap :                                   -
    Max Processes :                              8
    Max Threads :                                17
    Run time :                                   162 sec.
    Turnaround time :                            162 sec.

The output (if any) is above this job summary.



PS:

Read file <logs/cluster/run_pangolin/n=479/jobid482_2871bcd8-6b53-4b98-b0f3-105917225d42.err> for stderr output of this job.

