[32m****
Query sequences collapsed from [0m3267[32m to [0m3236[32m unique sequences.[0m
[32m****
Running sequence QC[0m
[32mTotal passing QC: [0m3119
[32m****
[0m35[32m sequences assigned via designations.[0m
Using UShER as inference engine.
[32m****
Pangolin running in usher mode.
****[0m
[32mMaximum ambiguity allowed is 0.3.
****[0m
[32mQuery file:	[0m/hps/nobackup/cochrane/ena/users/azyoud/lineages_workflow_output/public_consensus_workflow_output/public_multifasta/multifasta_398.fasta
[32m****
Data files found:[0m
usher_pb:	/nfs/production/cochrane/ena/users/azyoud/miniconda/envs/pangolin/lib/python3.8/site-packages/pangolin_data/data/lineageTree.pb
[32m****[0m
[32m****
Output file written to: [0m/hps/nobackup/cochrane/ena/users/azyoud/lineages_workflow_output/public_consensus_workflow_output/pango/pango_lineages.398.csv

------------------------------------------------------------
Sender: LSF System <lsf@hl-codon-112-04>
Subject: Job 4788547: <run_pangolin.n=398> in cluster <codon> Done

Job <run_pangolin.n=398> was submitted from host <hl-codon-28-03> by user <azyoud> in cluster <codon> at Tue Aug  2 01:03:31 2022
Job was executed on host(s) <4*hl-codon-112-04>, in queue <standard>, as user <azyoud> in cluster <codon> at Tue Aug  2 01:03:35 2022
</homes/azyoud> was used as the home directory.
</hps/software/users/cochrane/ena/azyoud/lineages/public_lineages_workflow/workflow> was used as the working directory.
Started at Tue Aug  2 01:03:35 2022
Terminated at Tue Aug  2 01:30:46 2022
Results reported at Tue Aug  2 01:30:46 2022

Your job looked like:

------------------------------------------------------------
# LSBATCH: User input
/hps/software/users/cochrane/ena/azyoud/lineages/public_lineages_workflow/workflow/.snakemake/tmp.wcma87gc/snakejob.run_pangolin.402.sh
------------------------------------------------------------

Successfully completed.

Resource usage summary:

    CPU time :                                   6014.56 sec.
    Max Memory :                                 1767 MB
    Average Memory :                             238.03 MB
    Total Requested Memory :                     2048.00 MB
    Delta Memory :                               281.00 MB
    Max Swap :                                   -
    Max Processes :                              9
    Max Threads :                                30
    Run time :                                   1637 sec.
    Turnaround time :                            1635 sec.

The output (if any) is above this job summary.



PS:

Read file <logs/cluster/run_pangolin/n=398/jobid402_a1e2319f-779f-40b4-a6a9-6fc63b3987c5.err> for stderr output of this job.

