loading model 06/15/2022, 20:37:35
processing block of 1000 sequences 06/15/2022, 20:37:39
processing block of 1000 sequences 06/15/2022, 20:37:44
processing block of 457 sequences 06/15/2022, 20:37:49
complete 06/15/2022, 20:37:50
[32mOutput file written to: [0m/hps/nobackup/cochrane/ena/users/azyoud/lineages_workflow_output/public_consensus_workflow_output/pango/pango_lineages.463.csv
[32mAll dependencies satisfied.[0m
[32mThe query file is:[0m/hps/nobackup/cochrane/ena/users/azyoud/lineages_workflow_output/public_consensus_workflow_output/public_multifasta/multifasta_463.fasta
[32m** Running sequence QC **[0m
[32mNumber of sequences detected: [0m2518
[32mTotal passing QC: [0m2482
[32m
Data files found:[0m
Trained model:	/homes/azyoud/miniconda3/envs/pangolin/lib/python3.8/site-packages/pangoLEARN/data/decisionTree_v1.joblib
Header file:	/homes/azyoud/miniconda3/envs/pangolin/lib/python3.8/site-packages/pangoLEARN/data/decisionTreeHeaders_v1.joblib
Designated hash:	/homes/azyoud/miniconda3/envs/pangolin/lib/python3.8/site-packages/pangoLEARN/data/lineages.hash.csv

------------------------------------------------------------
Sender: LSF System <lsf@hl-codon-16-02>
Subject: Job 8176957: <run_pangolin.n=463> in cluster <codon> Done

Job <run_pangolin.n=463> was submitted from host <hl-codon-09-02> by user <azyoud> in cluster <codon> at Wed Jun 15 20:36:19 2022
Job was executed on host(s) <4*hl-codon-16-02>, in queue <standard>, as user <azyoud> in cluster <codon> at Wed Jun 15 20:36:19 2022
</homes/azyoud> was used as the home directory.
</hps/software/users/cochrane/ena/azyoud/lineages/public_lineages_workflow/workflow> was used as the working directory.
Started at Wed Jun 15 20:36:19 2022
Terminated at Wed Jun 15 20:37:56 2022
Results reported at Wed Jun 15 20:37:56 2022

Your job looked like:

------------------------------------------------------------
# LSBATCH: User input
/hps/software/users/cochrane/ena/azyoud/lineages/public_lineages_workflow/workflow/.snakemake/tmp.i5mlcqut/snakejob.run_pangolin.466.sh
------------------------------------------------------------

Successfully completed.

Resource usage summary:

    CPU time :                                   120.24 sec.
    Max Memory :                                 1016 MB
    Average Memory :                             243.37 MB
    Total Requested Memory :                     2048.00 MB
    Delta Memory :                               1032.00 MB
    Max Swap :                                   -
    Max Processes :                              8
    Max Threads :                                17
    Run time :                                   97 sec.
    Turnaround time :                            97 sec.

The output (if any) is above this job summary.



PS:

Read file <logs/cluster/run_pangolin/n=463/jobid466_65c782b9-e7de-4fcd-a975-72c5c4a2d5dc.err> for stderr output of this job.

