loading model 06/15/2022, 20:39:21
processing block of 1000 sequences 06/15/2022, 20:39:37
processing block of 1000 sequences 06/15/2022, 20:39:44
processing block of 267 sequences 06/15/2022, 20:39:48
complete 06/15/2022, 20:39:49
[32mOutput file written to: [0m/hps/nobackup/cochrane/ena/users/azyoud/lineages_workflow_output/public_consensus_workflow_output/pango/pango_lineages.255.csv
[32mAll dependencies satisfied.[0m
[32mThe query file is:[0m/hps/nobackup/cochrane/ena/users/azyoud/lineages_workflow_output/public_consensus_workflow_output/public_multifasta/multifasta_255.fasta
[32m** Running sequence QC **[0m
[32mNumber of sequences detected: [0m2518
[32mTotal passing QC: [0m2317
[32m
Data files found:[0m
Trained model:	/homes/azyoud/miniconda3/envs/pangolin/lib/python3.8/site-packages/pangoLEARN/data/decisionTree_v1.joblib
Header file:	/homes/azyoud/miniconda3/envs/pangolin/lib/python3.8/site-packages/pangoLEARN/data/decisionTreeHeaders_v1.joblib
Designated hash:	/homes/azyoud/miniconda3/envs/pangolin/lib/python3.8/site-packages/pangoLEARN/data/lineages.hash.csv

------------------------------------------------------------
Sender: LSF System <lsf@hl-codon-38-03>
Subject: Job 8177129: <run_pangolin.n=255> in cluster <codon> Done

Job <run_pangolin.n=255> was submitted from host <hl-codon-09-02> by user <azyoud> in cluster <codon> at Wed Jun 15 20:37:58 2022
Job was executed on host(s) <4*hl-codon-38-03>, in queue <standard>, as user <azyoud> in cluster <codon> at Wed Jun 15 20:37:59 2022
</homes/azyoud> was used as the home directory.
</hps/software/users/cochrane/ena/azyoud/lineages/public_lineages_workflow/workflow> was used as the working directory.
Started at Wed Jun 15 20:37:59 2022
Terminated at Wed Jun 15 20:39:57 2022
Results reported at Wed Jun 15 20:39:57 2022

Your job looked like:

------------------------------------------------------------
# LSBATCH: User input
/hps/software/users/cochrane/ena/azyoud/lineages/public_lineages_workflow/workflow/.snakemake/tmp.i5mlcqut/snakejob.run_pangolin.258.sh
------------------------------------------------------------

Successfully completed.

Resource usage summary:

    CPU time :                                   142.19 sec.
    Max Memory :                                 882 MB
    Average Memory :                             428.33 MB
    Total Requested Memory :                     2048.00 MB
    Delta Memory :                               1166.00 MB
    Max Swap :                                   -
    Max Processes :                              8
    Max Threads :                                17
    Run time :                                   119 sec.
    Turnaround time :                            119 sec.

The output (if any) is above this job summary.



PS:

Read file <logs/cluster/run_pangolin/n=255/jobid258_c2e006f0-99f6-4d77-9958-5dbd483334b8.err> for stderr output of this job.

