loading model 06/15/2022, 20:35:25
processing block of 1000 sequences 06/15/2022, 20:35:29
processing block of 1000 sequences 06/15/2022, 20:35:34
processing block of 137 sequences 06/15/2022, 20:35:38
complete 06/15/2022, 20:35:38
[32mOutput file written to: [0m/hps/nobackup/cochrane/ena/users/azyoud/lineages_workflow_output/public_consensus_workflow_output/pango/pango_lineages.94.csv
[32mAll dependencies satisfied.[0m
[32mThe query file is:[0m/hps/nobackup/cochrane/ena/users/azyoud/lineages_workflow_output/public_consensus_workflow_output/public_multifasta/multifasta_94.fasta
[32m** Running sequence QC **[0m
[32mNumber of sequences detected: [0m2518
[32mTotal passing QC: [0m2150
[32m
Data files found:[0m
Trained model:	/homes/azyoud/miniconda3/envs/pangolin/lib/python3.8/site-packages/pangoLEARN/data/decisionTree_v1.joblib
Header file:	/homes/azyoud/miniconda3/envs/pangolin/lib/python3.8/site-packages/pangoLEARN/data/decisionTreeHeaders_v1.joblib
Designated hash:	/homes/azyoud/miniconda3/envs/pangolin/lib/python3.8/site-packages/pangoLEARN/data/lineages.hash.csv

------------------------------------------------------------
Sender: LSF System <lsf@hl-codon-46-02>
Subject: Job 8176812: <run_pangolin.n=94> in cluster <codon> Done

Job <run_pangolin.n=94> was submitted from host <hl-codon-09-02> by user <azyoud> in cluster <codon> at Wed Jun 15 20:34:18 2022
Job was executed on host(s) <4*hl-codon-46-02>, in queue <standard>, as user <azyoud> in cluster <codon> at Wed Jun 15 20:34:19 2022
</homes/azyoud> was used as the home directory.
</hps/software/users/cochrane/ena/azyoud/lineages/public_lineages_workflow/workflow> was used as the working directory.
Started at Wed Jun 15 20:34:19 2022
Terminated at Wed Jun 15 20:35:44 2022
Results reported at Wed Jun 15 20:35:44 2022

Your job looked like:

------------------------------------------------------------
# LSBATCH: User input
/hps/software/users/cochrane/ena/azyoud/lineages/public_lineages_workflow/workflow/.snakemake/tmp.i5mlcqut/snakejob.run_pangolin.97.sh
------------------------------------------------------------

Successfully completed.

Resource usage summary:

    CPU time :                                   103.21 sec.
    Max Memory :                                 217 MB
    Average Memory :                             173.38 MB
    Total Requested Memory :                     2048.00 MB
    Delta Memory :                               1831.00 MB
    Max Swap :                                   -
    Max Processes :                              8
    Max Threads :                                16
    Run time :                                   84 sec.
    Turnaround time :                            86 sec.

The output (if any) is above this job summary.



PS:

Read file <logs/cluster/run_pangolin/n=94/jobid97_2d4926d5-ab4b-4ca7-9dc7-d0de74633a8d.err> for stderr output of this job.

