loading model 06/15/2022, 20:36:24
processing block of 1000 sequences 06/15/2022, 20:36:27
processing block of 1000 sequences 06/15/2022, 20:36:32
processing block of 387 sequences 06/15/2022, 20:36:37
complete 06/15/2022, 20:36:38
[32mOutput file written to: [0m/hps/nobackup/cochrane/ena/users/azyoud/lineages_workflow_output/public_consensus_workflow_output/pango/pango_lineages.286.csv
[32mAll dependencies satisfied.[0m
[32mThe query file is:[0m/hps/nobackup/cochrane/ena/users/azyoud/lineages_workflow_output/public_consensus_workflow_output/public_multifasta/multifasta_286.fasta
[32m** Running sequence QC **[0m
[32mNumber of sequences detected: [0m2518
[32mTotal passing QC: [0m2393
[32m
Data files found:[0m
Trained model:	/homes/azyoud/miniconda3/envs/pangolin/lib/python3.8/site-packages/pangoLEARN/data/decisionTree_v1.joblib
Header file:	/homes/azyoud/miniconda3/envs/pangolin/lib/python3.8/site-packages/pangoLEARN/data/decisionTreeHeaders_v1.joblib
Designated hash:	/homes/azyoud/miniconda3/envs/pangolin/lib/python3.8/site-packages/pangoLEARN/data/lineages.hash.csv

------------------------------------------------------------
Sender: LSF System <lsf@hl-codon-10-04>
Subject: Job 8176883: <run_pangolin.n=286> in cluster <codon> Done

Job <run_pangolin.n=286> was submitted from host <hl-codon-09-02> by user <azyoud> in cluster <codon> at Wed Jun 15 20:35:10 2022
Job was executed on host(s) <4*hl-codon-10-04>, in queue <standard>, as user <azyoud> in cluster <codon> at Wed Jun 15 20:35:11 2022
</homes/azyoud> was used as the home directory.
</hps/software/users/cochrane/ena/azyoud/lineages/public_lineages_workflow/workflow> was used as the working directory.
Started at Wed Jun 15 20:35:11 2022
Terminated at Wed Jun 15 20:36:43 2022
Results reported at Wed Jun 15 20:36:43 2022

Your job looked like:

------------------------------------------------------------
# LSBATCH: User input
/hps/software/users/cochrane/ena/azyoud/lineages/public_lineages_workflow/workflow/.snakemake/tmp.i5mlcqut/snakejob.run_pangolin.289.sh
------------------------------------------------------------

Successfully completed.

Resource usage summary:

    CPU time :                                   111.37 sec.
    Max Memory :                                 980 MB
    Average Memory :                             444.62 MB
    Total Requested Memory :                     2048.00 MB
    Delta Memory :                               1068.00 MB
    Max Swap :                                   -
    Max Processes :                              8
    Max Threads :                                17
    Run time :                                   92 sec.
    Turnaround time :                            93 sec.

The output (if any) is above this job summary.



PS:

Read file <logs/cluster/run_pangolin/n=286/jobid289_e03c6e0c-d111-4174-a843-a9acb0387819.err> for stderr output of this job.

