loading model 06/15/2022, 20:40:43
processing block of 1000 sequences 06/15/2022, 20:40:49
processing block of 1000 sequences 06/15/2022, 20:41:00
processing block of 382 sequences 06/15/2022, 20:41:08
complete 06/15/2022, 20:41:11
[32mOutput file written to: [0m/hps/nobackup/cochrane/ena/users/azyoud/lineages_workflow_output/public_consensus_workflow_output/pango/pango_lineages.81.csv
[32mAll dependencies satisfied.[0m
[32mThe query file is:[0m/hps/nobackup/cochrane/ena/users/azyoud/lineages_workflow_output/public_consensus_workflow_output/public_multifasta/multifasta_81.fasta
[32m** Running sequence QC **[0m
[32mNumber of sequences detected: [0m2518
[32mTotal passing QC: [0m2494
[32m
Data files found:[0m
Trained model:	/homes/azyoud/miniconda3/envs/pangolin/lib/python3.8/site-packages/pangoLEARN/data/decisionTree_v1.joblib
Header file:	/homes/azyoud/miniconda3/envs/pangolin/lib/python3.8/site-packages/pangoLEARN/data/decisionTreeHeaders_v1.joblib
Designated hash:	/homes/azyoud/miniconda3/envs/pangolin/lib/python3.8/site-packages/pangoLEARN/data/lineages.hash.csv

------------------------------------------------------------
Sender: LSF System <lsf@hl-codon-39-01>
Subject: Job 8177216: <run_pangolin.n=81> in cluster <codon> Done

Job <run_pangolin.n=81> was submitted from host <hl-codon-09-02> by user <azyoud> in cluster <codon> at Wed Jun 15 20:38:34 2022
Job was executed on host(s) <4*hl-codon-39-01>, in queue <standard>, as user <azyoud> in cluster <codon> at Wed Jun 15 20:38:36 2022
</homes/azyoud> was used as the home directory.
</hps/software/users/cochrane/ena/azyoud/lineages/public_lineages_workflow/workflow> was used as the working directory.
Started at Wed Jun 15 20:38:36 2022
Terminated at Wed Jun 15 20:41:18 2022
Results reported at Wed Jun 15 20:41:18 2022

Your job looked like:

------------------------------------------------------------
# LSBATCH: User input
/hps/software/users/cochrane/ena/azyoud/lineages/public_lineages_workflow/workflow/.snakemake/tmp.i5mlcqut/snakejob.run_pangolin.84.sh
------------------------------------------------------------

Successfully completed.

Resource usage summary:

    CPU time :                                   191.83 sec.
    Max Memory :                                 966 MB
    Average Memory :                             409.58 MB
    Total Requested Memory :                     2048.00 MB
    Delta Memory :                               1082.00 MB
    Max Swap :                                   -
    Max Processes :                              8
    Max Threads :                                24
    Run time :                                   162 sec.
    Turnaround time :                            164 sec.

The output (if any) is above this job summary.



PS:

Read file <logs/cluster/run_pangolin/n=81/jobid84_cf49cded-a3e2-4886-8191-387735af1f3a.err> for stderr output of this job.

