loading model 06/15/2022, 20:39:13
processing block of 1000 sequences 06/15/2022, 20:39:21
processing block of 1000 sequences 06/15/2022, 20:39:30
processing block of 417 sequences 06/15/2022, 20:39:36
complete 06/15/2022, 20:39:39
[32mOutput file written to: [0m/hps/nobackup/cochrane/ena/users/azyoud/lineages_workflow_output/public_consensus_workflow_output/pango/pango_lineages.351.csv
[32mAll dependencies satisfied.[0m
[32mThe query file is:[0m/hps/nobackup/cochrane/ena/users/azyoud/lineages_workflow_output/public_consensus_workflow_output/public_multifasta/multifasta_351.fasta
[32m** Running sequence QC **[0m
[32mNumber of sequences detected: [0m2518
[32mTotal passing QC: [0m2435
[32m
Data files found:[0m
Trained model:	/homes/azyoud/miniconda3/envs/pangolin/lib/python3.8/site-packages/pangoLEARN/data/decisionTree_v1.joblib
Header file:	/homes/azyoud/miniconda3/envs/pangolin/lib/python3.8/site-packages/pangoLEARN/data/decisionTreeHeaders_v1.joblib
Designated hash:	/homes/azyoud/miniconda3/envs/pangolin/lib/python3.8/site-packages/pangoLEARN/data/lineages.hash.csv

------------------------------------------------------------
Sender: LSF System <lsf@hl-codon-35-04>
Subject: Job 8177024: <run_pangolin.n=351> in cluster <codon> Done

Job <run_pangolin.n=351> was submitted from host <hl-codon-09-02> by user <azyoud> in cluster <codon> at Wed Jun 15 20:37:18 2022
Job was executed on host(s) <4*hl-codon-35-04>, in queue <standard>, as user <azyoud> in cluster <codon> at Wed Jun 15 20:37:20 2022
</homes/azyoud> was used as the home directory.
</hps/software/users/cochrane/ena/azyoud/lineages/public_lineages_workflow/workflow> was used as the working directory.
Started at Wed Jun 15 20:37:20 2022
Terminated at Wed Jun 15 20:39:46 2022
Results reported at Wed Jun 15 20:39:46 2022

Your job looked like:

------------------------------------------------------------
# LSBATCH: User input
/hps/software/users/cochrane/ena/azyoud/lineages/public_lineages_workflow/workflow/.snakemake/tmp.i5mlcqut/snakejob.run_pangolin.354.sh
------------------------------------------------------------

Successfully completed.

Resource usage summary:

    CPU time :                                   167.67 sec.
    Max Memory :                                 929 MB
    Average Memory :                             192.17 MB
    Total Requested Memory :                     2048.00 MB
    Delta Memory :                               1119.00 MB
    Max Swap :                                   -
    Max Processes :                              8
    Max Threads :                                26
    Run time :                                   155 sec.
    Turnaround time :                            148 sec.

The output (if any) is above this job summary.



PS:

Read file <logs/cluster/run_pangolin/n=351/jobid354_a38e8f18-8751-470b-9ef3-fd7beea007e5.err> for stderr output of this job.

