1226370
Found 1226370 fasta files in /hps/nobackup/cochrane/ena/users/azyoud/lineages_workflow_output/public_consensus_workflow_output/public_consensus - writing 2452 sequences to each multifasta file, the rest -if exist- will be merged with the last file **************


------------------------------------------------------------
Sender: LSF System <lsf@hl-codon-20-01>
Subject: Job 4372013: <create_multifasta.unique> in cluster <codon> Exited

Job <create_multifasta.unique> was submitted from host <hl-codon-52-01> by user <azyoud> in cluster <codon> at Wed Jun  1 21:23:33 2022
Job was executed on host(s) <hl-codon-20-01>, in queue <standard>, as user <azyoud> in cluster <codon> at Wed Jun  1 21:23:34 2022
</homes/azyoud> was used as the home directory.
</hps/software/users/cochrane/ena/azyoud/lineages/public_lineages_workflow/workflow> was used as the working directory.
Started at Wed Jun  1 21:23:34 2022
Terminated at Wed Jun  1 22:47:12 2022
Results reported at Wed Jun  1 22:47:12 2022

Your job looked like:

------------------------------------------------------------
# LSBATCH: User input
/hps/software/users/cochrane/ena/azyoud/lineages/public_lineages_workflow/workflow/.snakemake/tmp.djahgkiz/snakejob.create_multifasta.3.sh
------------------------------------------------------------

TERM_MEMLIMIT: job killed after reaching LSF memory usage limit.
Exited with exit code 143.

Resource usage summary:

    CPU time :                                   378.00 sec.
    Max Memory :                                 101 MB
    Average Memory :                             70.40 MB
    Total Requested Memory :                     100.00 MB
    Delta Memory :                               -1.00 MB
    Max Swap :                                   -
    Max Processes :                              6
    Max Threads :                                8
    Run time :                                   5017 sec.
    Turnaround time :                            5019 sec.

The output (if any) is above this job summary.



PS:

Read file <logs/cluster/create_multifasta/unique/jobid3_60c7e46e-7790-4522-bf5a-cca7edc88c24.err> for stderr output of this job.

