[32m****
Pangolin running in usher mode.
****[0m
[32mMaximum ambiguity allowed is 0.3.
****[0m
[32mQuery file:	[0m/hps/nobackup/cochrane/ena/users/azyoud/lineages_workflow_output/public_consensus_workflow_output/public_multifasta/multifasta_279.fasta
[32m****
Data files found:[0m
usher_pb:	/nfs/production/cochrane/ena/users/azyoud/miniconda/envs/pangolin/lib/python3.8/site-packages/pangolin_data/data/lineageTree.pb
[32m****[0m

------------------------------------------------------------
Sender: LSF System <lsf@hl-codon-03-01>
Subject: Job 4788798: <run_pangolin.n=279> in cluster <codon> Exited

Job <run_pangolin.n=279> was submitted from host <hl-codon-28-03> by user <azyoud> in cluster <codon> at Tue Aug  2 01:04:27 2022
Job was executed on host(s) <4*hl-codon-03-01>, in queue <standard>, as user <azyoud> in cluster <codon> at Tue Aug  2 01:04:29 2022
</homes/azyoud> was used as the home directory.
</hps/software/users/cochrane/ena/azyoud/lineages/public_lineages_workflow/workflow> was used as the working directory.
Started at Tue Aug  2 01:04:29 2022
Terminated at Tue Aug  2 01:04:48 2022
Results reported at Tue Aug  2 01:04:48 2022

Your job looked like:

------------------------------------------------------------
# LSBATCH: User input
/hps/software/users/cochrane/ena/azyoud/lineages/public_lineages_workflow/workflow/.snakemake/tmp.wcma87gc/snakejob.run_pangolin.283.sh
------------------------------------------------------------

TERM_MEMLIMIT: job killed after reaching LSF memory usage limit.
Exited with exit code 1.

Resource usage summary:

    CPU time :                                   54.34 sec.
    Max Memory :                                 2661 MB
    Average Memory :                             2012.00 MB
    Total Requested Memory :                     2048.00 MB
    Delta Memory :                               -613.00 MB
    Max Swap :                                   -
    Max Processes :                              9
    Max Threads :                                18
    Run time :                                   25 sec.
    Turnaround time :                            21 sec.

The output (if any) is above this job summary.



PS:

Read file <logs/cluster/run_pangolin/n=279/jobid283_ab74c082-c384-49a8-84e0-c3f6378d36d4.err> for stderr output of this job.

