Building DAG of jobs...
Using shell: /usr/local/bin/bash
Provided cores: 1 (use --cores to define parallelism)
Rules claiming more threads will be scaled down.
Job stats:
job         count    min threads    max threads
--------  -------  -------------  -------------
transfer        1              1              1
total           1              1              1

Select jobs to execute...

[Wed Jun 22 16:56:27 2022]
rule transfer:
    input: /hps/nobackup/cochrane/ena/users/azyoud/lineages_workflow_output/pango_lineages.csv
    output: /hps/nobackup/cochrane/ena/users/azyoud/lineages_workflow_output/end.txt
    jobid: 0
    resources: tmpdir=/tmp

[Wed Jun 22 16:56:27 2022]
Error in rule transfer:
    jobid: 0
    output: /hps/nobackup/cochrane/ena/users/azyoud/lineages_workflow_output/end.txt
    shell:
        /hps/software/users/cochrane/ena/azyoud/lineages/lineages_workflow/workflow/rules sh transfer_command.sh
        (one of the commands exited with non-zero exit code; note that snakemake uses bash strict mode!)

Shutting down, this might take some time.
Exiting because a job execution failed. Look above for error message
Complete log: /hps/software/users/cochrane/ena/azyoud/lineages/lineages_workflow/workflow/rules/.snakemake/log/2022-06-22T165626.975845.snakemake.log
