Building DAG of jobs...
Using shell: /usr/local/bin/bash
Provided cores: 1 (use --cores to define parallelism)
Rules claiming more threads will be scaled down.
Job stats:
job         count    min threads    max threads
--------  -------  -------------  -------------
transfer        1              1              1
total           1              1              1

Select jobs to execute...

[Wed Jun 22 16:59:58 2022]
rule transfer:
    input: /hps/nobackup/cochrane/ena/users/azyoud/lineages_workflow_output/pango_lineages.csv
    output: /hps/nobackup/cochrane/ena/users/azyoud/lineages_workflow_output/end.txt
    jobid: 0
    resources: tmpdir=/tmp

[Wed Jun 22 17:00:12 2022]
Finished job 0.
1 of 1 steps (100%) done
Complete log: /hps/software/users/cochrane/ena/azyoud/lineages/lineages_workflow/workflow/rules/.snakemake/log/2022-06-22T165957.254978.snakemake.log
