loading model 06/15/2022, 20:34:28
processing block of 1000 sequences 06/15/2022, 20:34:33
processing block of 1000 sequences 06/15/2022, 20:34:41
processing block of 311 sequences 06/15/2022, 20:34:48
complete 06/15/2022, 20:34:50
[32mOutput file written to: [0m/hps/nobackup/cochrane/ena/users/azyoud/lineages_workflow_output/public_consensus_workflow_output/pango/pango_lineages.235.csv
[32mAll dependencies satisfied.[0m
[32mThe query file is:[0m/hps/nobackup/cochrane/ena/users/azyoud/lineages_workflow_output/public_consensus_workflow_output/public_multifasta/multifasta_235.fasta
[32m** Running sequence QC **[0m
[32mNumber of sequences detected: [0m2518
[32mTotal passing QC: [0m2351
[32m
Data files found:[0m
Trained model:	/homes/azyoud/miniconda3/envs/pangolin/lib/python3.8/site-packages/pangoLEARN/data/decisionTree_v1.joblib
Header file:	/homes/azyoud/miniconda3/envs/pangolin/lib/python3.8/site-packages/pangoLEARN/data/decisionTreeHeaders_v1.joblib
Designated hash:	/homes/azyoud/miniconda3/envs/pangolin/lib/python3.8/site-packages/pangoLEARN/data/lineages.hash.csv

------------------------------------------------------------
Sender: LSF System <lsf@hl-codon-05-04>
Subject: Job 8176644: <run_pangolin.n=235> in cluster <codon> Done

Job <run_pangolin.n=235> was submitted from host <hl-codon-09-02> by user <azyoud> in cluster <codon> at Wed Jun 15 20:32:43 2022
Job was executed on host(s) <4*hl-codon-05-04>, in queue <standard>, as user <azyoud> in cluster <codon> at Wed Jun 15 20:32:44 2022
</homes/azyoud> was used as the home directory.
</hps/software/users/cochrane/ena/azyoud/lineages/public_lineages_workflow/workflow> was used as the working directory.
Started at Wed Jun 15 20:32:44 2022
Terminated at Wed Jun 15 20:34:57 2022
Results reported at Wed Jun 15 20:34:57 2022

Your job looked like:

------------------------------------------------------------
# LSBATCH: User input
/hps/software/users/cochrane/ena/azyoud/lineages/public_lineages_workflow/workflow/.snakemake/tmp.i5mlcqut/snakejob.run_pangolin.238.sh
------------------------------------------------------------

Successfully completed.

Resource usage summary:

    CPU time :                                   150.50 sec.
    Max Memory :                                 792 MB
    Average Memory :                             218.00 MB
    Total Requested Memory :                     2048.00 MB
    Delta Memory :                               1256.00 MB
    Max Swap :                                   -
    Max Processes :                              8
    Max Threads :                                22
    Run time :                                   133 sec.
    Turnaround time :                            134 sec.

The output (if any) is above this job summary.



PS:

Read file <logs/cluster/run_pangolin/n=235/jobid238_16a69d15-bea0-4d4a-8eb4-9bf7d5e22469.err> for stderr output of this job.

