loading model 06/15/2022, 20:40:32
processing block of 1000 sequences 06/15/2022, 20:40:42
processing block of 847 sequences 06/15/2022, 20:40:47
complete 06/15/2022, 20:40:51
[32mOutput file written to: [0m/hps/nobackup/cochrane/ena/users/azyoud/lineages_workflow_output/public_consensus_workflow_output/pango/pango_lineages.266.csv
[32mAll dependencies satisfied.[0m
[32mThe query file is:[0m/hps/nobackup/cochrane/ena/users/azyoud/lineages_workflow_output/public_consensus_workflow_output/public_multifasta/multifasta_266.fasta
[32m** Running sequence QC **[0m
[32mNumber of sequences detected: [0m2518
[32mTotal passing QC: [0m1991
[32m
Data files found:[0m
Trained model:	/homes/azyoud/miniconda3/envs/pangolin/lib/python3.8/site-packages/pangoLEARN/data/decisionTree_v1.joblib
Header file:	/homes/azyoud/miniconda3/envs/pangolin/lib/python3.8/site-packages/pangoLEARN/data/decisionTreeHeaders_v1.joblib
Designated hash:	/homes/azyoud/miniconda3/envs/pangolin/lib/python3.8/site-packages/pangoLEARN/data/lineages.hash.csv

------------------------------------------------------------
Sender: LSF System <lsf@hl-codon-38-03>
Subject: Job 8177246: <run_pangolin.n=266> in cluster <codon> Done

Job <run_pangolin.n=266> was submitted from host <hl-codon-09-02> by user <azyoud> in cluster <codon> at Wed Jun 15 20:38:56 2022
Job was executed on host(s) <4*hl-codon-38-03>, in queue <standard>, as user <azyoud> in cluster <codon> at Wed Jun 15 20:38:57 2022
</homes/azyoud> was used as the home directory.
</hps/software/users/cochrane/ena/azyoud/lineages/public_lineages_workflow/workflow> was used as the working directory.
Started at Wed Jun 15 20:38:57 2022
Terminated at Wed Jun 15 20:41:00 2022
Results reported at Wed Jun 15 20:41:00 2022

Your job looked like:

------------------------------------------------------------
# LSBATCH: User input
/hps/software/users/cochrane/ena/azyoud/lineages/public_lineages_workflow/workflow/.snakemake/tmp.i5mlcqut/snakejob.run_pangolin.269.sh
------------------------------------------------------------

Successfully completed.

Resource usage summary:

    CPU time :                                   149.25 sec.
    Max Memory :                                 930 MB
    Average Memory :                             229.44 MB
    Total Requested Memory :                     2048.00 MB
    Delta Memory :                               1118.00 MB
    Max Swap :                                   -
    Max Processes :                              8
    Max Threads :                                17
    Run time :                                   122 sec.
    Turnaround time :                            124 sec.

The output (if any) is above this job summary.



PS:

Read file <logs/cluster/run_pangolin/n=266/jobid269_ea51826e-6790-458d-8b14-d220ecd7a19d.err> for stderr output of this job.

