loading model 06/15/2022, 20:37:02
processing block of 1000 sequences 06/15/2022, 20:37:05
processing block of 1000 sequences 06/15/2022, 20:37:11
processing block of 344 sequences 06/15/2022, 20:37:15
complete 06/15/2022, 20:37:16
[32mOutput file written to: [0m/hps/nobackup/cochrane/ena/users/azyoud/lineages_workflow_output/public_consensus_workflow_output/pango/pango_lineages.161.csv
[32mAll dependencies satisfied.[0m
[32mThe query file is:[0m/hps/nobackup/cochrane/ena/users/azyoud/lineages_workflow_output/public_consensus_workflow_output/public_multifasta/multifasta_161.fasta
[32m** Running sequence QC **[0m
[32mNumber of sequences detected: [0m2518
[32mTotal passing QC: [0m2347
[32m
Data files found:[0m
Trained model:	/homes/azyoud/miniconda3/envs/pangolin/lib/python3.8/site-packages/pangoLEARN/data/decisionTree_v1.joblib
Header file:	/homes/azyoud/miniconda3/envs/pangolin/lib/python3.8/site-packages/pangoLEARN/data/decisionTreeHeaders_v1.joblib
Designated hash:	/homes/azyoud/miniconda3/envs/pangolin/lib/python3.8/site-packages/pangoLEARN/data/lineages.hash.csv

------------------------------------------------------------
Sender: LSF System <lsf@hl-codon-24-03>
Subject: Job 8176932: <run_pangolin.n=161> in cluster <codon> Done

Job <run_pangolin.n=161> was submitted from host <hl-codon-09-02> by user <azyoud> in cluster <codon> at Wed Jun 15 20:35:51 2022
Job was executed on host(s) <4*hl-codon-24-03>, in queue <standard>, as user <azyoud> in cluster <codon> at Wed Jun 15 20:35:52 2022
</homes/azyoud> was used as the home directory.
</hps/software/users/cochrane/ena/azyoud/lineages/public_lineages_workflow/workflow> was used as the working directory.
Started at Wed Jun 15 20:35:52 2022
Terminated at Wed Jun 15 20:37:21 2022
Results reported at Wed Jun 15 20:37:21 2022

Your job looked like:

------------------------------------------------------------
# LSBATCH: User input
/hps/software/users/cochrane/ena/azyoud/lineages/public_lineages_workflow/workflow/.snakemake/tmp.i5mlcqut/snakejob.run_pangolin.164.sh
------------------------------------------------------------

Successfully completed.

Resource usage summary:

    CPU time :                                   109.58 sec.
    Max Memory :                                 1038 MB
    Average Memory :                             510.00 MB
    Total Requested Memory :                     2048.00 MB
    Delta Memory :                               1010.00 MB
    Max Swap :                                   -
    Max Processes :                              8
    Max Threads :                                26
    Run time :                                   89 sec.
    Turnaround time :                            90 sec.

The output (if any) is above this job summary.



PS:

Read file <logs/cluster/run_pangolin/n=161/jobid164_7c843681-25a3-4d8e-ae85-73b7b9191408.err> for stderr output of this job.

