[32m****
Query sequences collapsed from [0m3310[32m to [0m3211[32m unique sequences.[0m
[32m****
Running sequence QC[0m
[32mTotal passing QC: [0m3151
[32m****
[0m109[32m sequences assigned via designations.[0m
Using UShER as inference engine.
[32m****
Pangolin running in usher mode.
****[0m
[32mMaximum ambiguity allowed is 0.3.
****[0m
[32mQuery file:	[0m/hps/nobackup/cochrane/ena/users/azyoud/lineages_workflow_output/public_consensus_workflow_output/public_multifasta/multifasta_357.fasta
[32m****
Data files found:[0m
usher_pb:	/nfs/production/cochrane/ena/users/azyoud/miniconda/envs/pangolin/lib/python3.8/site-packages/pangolin_data/data/lineageTree.pb
[32m****[0m
[32m****
Output file written to: [0m/hps/nobackup/cochrane/ena/users/azyoud/lineages_workflow_output/public_consensus_workflow_output/pango/pango_lineages.357.csv

------------------------------------------------------------
Sender: LSF System <lsf@hl-codon-125-03>
Subject: Job 4788282: <run_pangolin.n=357> in cluster <codon> Done

Job <run_pangolin.n=357> was submitted from host <hl-codon-28-03> by user <azyoud> in cluster <codon> at Tue Aug  2 01:02:30 2022
Job was executed on host(s) <4*hl-codon-125-03>, in queue <standard>, as user <azyoud> in cluster <codon> at Tue Aug  2 01:02:32 2022
</homes/azyoud> was used as the home directory.
</hps/software/users/cochrane/ena/azyoud/lineages/public_lineages_workflow/workflow> was used as the working directory.
Started at Tue Aug  2 01:02:32 2022
Terminated at Tue Aug  2 01:31:21 2022
Results reported at Tue Aug  2 01:31:21 2022

Your job looked like:

------------------------------------------------------------
# LSBATCH: User input
/hps/software/users/cochrane/ena/azyoud/lineages/public_lineages_workflow/workflow/.snakemake/tmp.wcma87gc/snakejob.run_pangolin.361.sh
------------------------------------------------------------

Successfully completed.

Resource usage summary:

    CPU time :                                   6415.41 sec.
    Max Memory :                                 1429 MB
    Average Memory :                             281.59 MB
    Total Requested Memory :                     2048.00 MB
    Delta Memory :                               619.00 MB
    Max Swap :                                   -
    Max Processes :                              9
    Max Threads :                                34
    Run time :                                   1729 sec.
    Turnaround time :                            1731 sec.

The output (if any) is above this job summary.



PS:

Read file <logs/cluster/run_pangolin/n=357/jobid361_e0fc132e-8912-4334-8802-ae5e8a2de80f.err> for stderr output of this job.

