loading model 06/15/2022, 20:39:54
processing block of 1000 sequences 06/15/2022, 20:39:57
processing block of 1000 sequences 06/15/2022, 20:40:03
processing block of 650 sequences 06/15/2022, 20:40:08
complete 06/15/2022, 20:40:10
[32mOutput file written to: [0m/hps/nobackup/cochrane/ena/users/azyoud/lineages_workflow_output/public_consensus_workflow_output/pango/pango_lineages.500.csv
[32mAll dependencies satisfied.[0m
[32mThe query file is:[0m/hps/nobackup/cochrane/ena/users/azyoud/lineages_workflow_output/public_consensus_workflow_output/public_multifasta/multifasta_500.fasta
[32m** Running sequence QC **[0m
[32mNumber of sequences detected: [0m2714
[32mTotal passing QC: [0m2655
[32m
Data files found:[0m
Trained model:	/homes/azyoud/miniconda3/envs/pangolin/lib/python3.8/site-packages/pangoLEARN/data/decisionTree_v1.joblib
Header file:	/homes/azyoud/miniconda3/envs/pangolin/lib/python3.8/site-packages/pangoLEARN/data/decisionTreeHeaders_v1.joblib
Designated hash:	/homes/azyoud/miniconda3/envs/pangolin/lib/python3.8/site-packages/pangoLEARN/data/lineages.hash.csv

------------------------------------------------------------
Sender: LSF System <lsf@hl-codon-41-03>
Subject: Job 8177214: <run_pangolin.n=500> in cluster <codon> Done

Job <run_pangolin.n=500> was submitted from host <hl-codon-09-02> by user <azyoud> in cluster <codon> at Wed Jun 15 20:38:33 2022
Job was executed on host(s) <4*hl-codon-41-03>, in queue <standard>, as user <azyoud> in cluster <codon> at Wed Jun 15 20:38:34 2022
</homes/azyoud> was used as the home directory.
</hps/software/users/cochrane/ena/azyoud/lineages/public_lineages_workflow/workflow> was used as the working directory.
Started at Wed Jun 15 20:38:34 2022
Terminated at Wed Jun 15 20:40:15 2022
Results reported at Wed Jun 15 20:40:15 2022

Your job looked like:

------------------------------------------------------------
# LSBATCH: User input
/hps/software/users/cochrane/ena/azyoud/lineages/public_lineages_workflow/workflow/.snakemake/tmp.i5mlcqut/snakejob.run_pangolin.503.sh
------------------------------------------------------------

Successfully completed.

Resource usage summary:

    CPU time :                                   125.20 sec.
    Max Memory :                                 1013 MB
    Average Memory :                             441.62 MB
    Total Requested Memory :                     2048.00 MB
    Delta Memory :                               1035.00 MB
    Max Swap :                                   -
    Max Processes :                              8
    Max Threads :                                17
    Run time :                                   102 sec.
    Turnaround time :                            102 sec.

The output (if any) is above this job summary.



PS:

Read file <logs/cluster/run_pangolin/n=500/jobid503_7ad6771e-1d5f-4b07-8078-c6db6b41c5ef.err> for stderr output of this job.

