[32m****
Query sequences collapsed from [0m7254[32m to [0m3621[32m unique sequences.[0m
[32m****
Running sequence QC[0m
[32mTotal passing QC: [0m3553
[32m****
[0m18[32m sequences assigned via designations.[0m
Using UShER as inference engine.
[32m****
Pangolin running in usher mode.
****[0m
[32mMaximum ambiguity allowed is 0.3.
****[0m
[32mQuery file:	[0m/hps/nobackup/cochrane/ena/users/azyoud/lineages_workflow_output/public_consensus_workflow_output/public_multifasta/multifasta_500.fasta
[32m****
Data files found:[0m
usher_pb:	/nfs/production/cochrane/ena/users/azyoud/miniconda/envs/pangolin/lib/python3.8/site-packages/pangolin_data/data/lineageTree.pb
[32m****[0m
[32m****
Output file written to: [0m/hps/nobackup/cochrane/ena/users/azyoud/lineages_workflow_output/public_consensus_workflow_output/pango/pango_lineages.500.csv

------------------------------------------------------------
Sender: LSF System <lsf@hl-codon-23-02>
Subject: Job 4796688: <run_pangolin.n=500> in cluster <codon> Done

Job <run_pangolin.n=500> was submitted from host <hl-codon-28-03> by user <azyoud> in cluster <codon> at Tue Aug  2 01:16:42 2022
Job was executed on host(s) <4*hl-codon-23-02>, in queue <standard>, as user <azyoud> in cluster <codon> at Tue Aug  2 01:16:47 2022
</homes/azyoud> was used as the home directory.
</hps/software/users/cochrane/ena/azyoud/lineages/public_lineages_workflow/workflow> was used as the working directory.
Started at Tue Aug  2 01:16:47 2022
Terminated at Tue Aug  2 01:33:24 2022
Results reported at Tue Aug  2 01:33:24 2022

Your job looked like:

------------------------------------------------------------
# LSBATCH: User input
/hps/software/users/cochrane/ena/azyoud/lineages/public_lineages_workflow/workflow/.snakemake/tmp.wcma87gc/snakejob.run_pangolin.504.sh
------------------------------------------------------------

Successfully completed.

Resource usage summary:

    CPU time :                                   3464.48 sec.
    Max Memory :                                 2284 MB
    Average Memory :                             236.97 MB
    Total Requested Memory :                     2048.00 MB
    Delta Memory :                               -236.00 MB
    Max Swap :                                   -
    Max Processes :                              9
    Max Threads :                                30
    Run time :                                   1011 sec.
    Turnaround time :                            1002 sec.

The output (if any) is above this job summary.



PS:

Read file <logs/cluster/run_pangolin/n=500/jobid504_a4d32526-10b3-4bc4-9b8c-205233848421.err> for stderr output of this job.

