1227278
Found 1227278 fasta files in /hps/nobackup/cochrane/ena/users/azyoud/lineages_workflow_output/public_consensus_workflow_output/public_consensus - writing 2454 sequences to each multifasta file, the rest -if exist- will be merged with the last file **************

500 Multifasta Files have been Created ****************


------------------------------------------------------------
Sender: LSF System <lsf@hl-codon-41-03>
Subject: Job 6659401: <create_multifasta_public.unique> in cluster <codon> Exited

Job <create_multifasta_public.unique> was submitted from host <hl-codon-38-01> by user <azyoud> in cluster <codon> at Fri Jun 10 23:43:37 2022
Job was executed on host(s) <hl-codon-41-03>, in queue <standard>, as user <azyoud> in cluster <codon> at Fri Jun 10 23:43:38 2022
</homes/azyoud> was used as the home directory.
</hps/software/users/cochrane/ena/azyoud/lineages/public_lineages_workflow/workflow> was used as the working directory.
Started at Fri Jun 10 23:43:38 2022
Terminated at Sat Jun 11 09:51:14 2022
Results reported at Sat Jun 11 09:51:14 2022

Your job looked like:

------------------------------------------------------------
# LSBATCH: User input
/hps/software/users/cochrane/ena/azyoud/lineages/public_lineages_workflow/workflow/.snakemake/tmp.8079xrir/snakejob.create_multifasta_public.3.sh
------------------------------------------------------------

Exited with exit code 1.

Resource usage summary:

    CPU time :                                   13091.28 sec.
    Max Memory :                                 154 MB
    Average Memory :                             114.45 MB
    Total Requested Memory :                     2048.00 MB
    Delta Memory :                               1894.00 MB
    Max Swap :                                   -
    Max Processes :                              6
    Max Threads :                                8
    Run time :                                   36455 sec.
    Turnaround time :                            36457 sec.

The output (if any) is above this job summary.



PS:

Read file <logs/cluster/create_multifasta_public/unique/jobid3_edda928b-e37e-4677-8f8d-cb9ab9079eae.err> for stderr output of this job.

