
------------------------------------------------------------
Sender: LSF System <lsf@hl-codon-28-02>
Subject: Job 5933972: <create_multifasta_public.unique> in cluster <codon> Exited

Job <create_multifasta_public.unique> was submitted from host <hl-codon-28-04> by user <azyoud> in cluster <codon> at Wed Jun  8 18:59:51 2022
Job was executed on host(s) <hl-codon-28-02>, in queue <standard>, as user <azyoud> in cluster <codon> at Wed Jun  8 18:59:52 2022
</homes/azyoud> was used as the home directory.
</hps/software/users/cochrane/ena/azyoud/lineages/public_lineages_workflow/workflow> was used as the working directory.
Started at Wed Jun  8 18:59:52 2022
Terminated at Wed Jun  8 19:00:55 2022
Results reported at Wed Jun  8 19:00:55 2022

Your job looked like:

------------------------------------------------------------
# LSBATCH: User input
/hps/software/users/cochrane/ena/azyoud/lineages/public_lineages_workflow/workflow/.snakemake/tmp.k9v8mjav/snakejob.create_multifasta_public.3.sh
------------------------------------------------------------

Exited with exit code 1.

Resource usage summary:

    CPU time :                                   0.60 sec.
    Max Memory :                                 39 MB
    Average Memory :                             39.00 MB
    Total Requested Memory :                     100.00 MB
    Delta Memory :                               61.00 MB
    Max Swap :                                   -
    Max Processes :                              4
    Max Threads :                                5
    Run time :                                   62 sec.
    Turnaround time :                            64 sec.

The output (if any) is above this job summary.



PS:

Read file <logs/cluster/create_multifasta_public/unique/jobid3_a65c7143-15bd-4407-ac00-f1bb5e8ced5f.err> for stderr output of this job.

