1227278
Found 1227278 fasta files in /hps/nobackup/cochrane/ena/users/azyoud/lineages_workflow_output/public_consensus_workflow_output/public_consensus - writing 2454 sequences to each multifasta file, the rest -if exist- will be merged with the last file **************

500 Multifasta Files have been Created ****************


------------------------------------------------------------
Sender: LSF System <lsf@hl-codon-24-02>
Subject: Job 6894811: <create_multifasta_public.unique> in cluster <codon> Exited

Job <create_multifasta_public.unique> was submitted from host <hl-codon-38-01> by user <azyoud> in cluster <codon> at Sat Jun 11 22:04:14 2022
Job was executed on host(s) <hl-codon-24-02>, in queue <standard>, as user <azyoud> in cluster <codon> at Sat Jun 11 22:04:17 2022
</homes/azyoud> was used as the home directory.
</hps/software/users/cochrane/ena/azyoud/lineages/public_lineages_workflow/workflow> was used as the working directory.
Started at Sat Jun 11 22:04:17 2022
Terminated at Sun Jun 12 04:06:44 2022
Results reported at Sun Jun 12 04:06:44 2022

Your job looked like:

------------------------------------------------------------
# LSBATCH: User input
/hps/software/users/cochrane/ena/azyoud/lineages/public_lineages_workflow/workflow/.snakemake/tmp.8079xrir/snakejob.create_multifasta_public.3.sh
------------------------------------------------------------

Exited with exit code 1.

Resource usage summary:

    CPU time :                                   9996.88 sec.
    Max Memory :                                 153 MB
    Average Memory :                             117.24 MB
    Total Requested Memory :                     2048.00 MB
    Delta Memory :                               1895.00 MB
    Max Swap :                                   -
    Max Processes :                              6
    Max Threads :                                8
    Run time :                                   21745 sec.
    Turnaround time :                            21750 sec.

The output (if any) is above this job summary.



PS:

Read file <logs/cluster/create_multifasta_public/unique/jobid3_a712ec88-a557-49c8-b1f7-30c7e739ad1c.err> for stderr output of this job.

