1259384
Found 1259384 fasta files in /hps/nobackup/cochrane/ena/users/azyoud/lineages_workflow_output/public_consensus_workflow_output/public_consensus - writing 2518 sequences to each multifasta file, the rest -if exist- will be merged with the last file **************

500 Multifasta Files have been Created ****************


------------------------------------------------------------
Sender: LSF System <lsf@hl-codon-06-03>
Subject: Job 8030038: <create_multifasta_public.unique> in cluster <codon> Done

Job <create_multifasta_public.unique> was submitted from host <hl-codon-09-02> by user <azyoud> in cluster <codon> at Wed Jun 15 05:44:14 2022
Job was executed on host(s) <hl-codon-06-03>, in queue <standard>, as user <azyoud> in cluster <codon> at Wed Jun 15 05:44:18 2022
</homes/azyoud> was used as the home directory.
</hps/software/users/cochrane/ena/azyoud/lineages/public_lineages_workflow/workflow> was used as the working directory.
Started at Wed Jun 15 05:44:18 2022
Terminated at Wed Jun 15 20:30:31 2022
Results reported at Wed Jun 15 20:30:31 2022

Your job looked like:

------------------------------------------------------------
# LSBATCH: User input
/hps/software/users/cochrane/ena/azyoud/lineages/public_lineages_workflow/workflow/.snakemake/tmp.i5mlcqut/snakejob.create_multifasta_public.3.sh
------------------------------------------------------------

Successfully completed.

Resource usage summary:

    CPU time :                                   18108.78 sec.
    Max Memory :                                 157 MB
    Average Memory :                             123.19 MB
    Total Requested Memory :                     2048.00 MB
    Delta Memory :                               1891.00 MB
    Max Swap :                                   -
    Max Processes :                              6
    Max Threads :                                8
    Run time :                                   53173 sec.
    Turnaround time :                            53177 sec.

The output (if any) is above this job summary.



PS:

Read file <logs/cluster/create_multifasta_public/unique/jobid3_79793e3c-f509-4e5c-b76e-78d63aa59dde.err> for stderr output of this job.

