1226370
Found 1226370 fasta files in /hps/nobackup/cochrane/ena/users/azyoud/lineages_workflow_output/public_consensus_workflow_output/public_consensus - writing 2452 sequences to each multifasta file, the rest -if exist- will be merged with the last file **************


------------------------------------------------------------
Sender: LSF System <lsf@hl-codon-30-02>
Subject: Job 6306405: <create_multifasta_public.unique> in cluster <codon> Exited

Job <create_multifasta_public.unique> was submitted from host <hl-codon-35-03> by user <azyoud> in cluster <codon> at Fri Jun 10 02:39:36 2022
Job was executed on host(s) <hl-codon-30-02>, in queue <standard>, as user <azyoud> in cluster <codon> at Fri Jun 10 02:39:37 2022
</homes/azyoud> was used as the home directory.
</hps/software/users/cochrane/ena/azyoud/lineages/public_lineages_workflow/workflow> was used as the working directory.
Started at Fri Jun 10 02:39:37 2022
Terminated at Fri Jun 10 04:51:34 2022
Results reported at Fri Jun 10 04:51:34 2022

Your job looked like:

------------------------------------------------------------
# LSBATCH: User input
/hps/software/users/cochrane/ena/azyoud/lineages/public_lineages_workflow/workflow/.snakemake/tmp.6_00fhc4/snakejob.create_multifasta_public.3.sh
------------------------------------------------------------

TERM_MEMLIMIT: job killed after reaching LSF memory usage limit.
Exited with exit code 143.

Resource usage summary:

    CPU time :                                   444.00 sec.
    Max Memory :                                 101 MB
    Average Memory :                             72.83 MB
    Total Requested Memory :                     100.00 MB
    Delta Memory :                               -1.00 MB
    Max Swap :                                   -
    Max Processes :                              6
    Max Threads :                                8
    Run time :                                   7914 sec.
    Turnaround time :                            7918 sec.

The output (if any) is above this job summary.



PS:

Read file <logs/cluster/create_multifasta_public/unique/jobid3_112da5f1-2f0e-41c1-9f0e-84890b7e8976.err> for stderr output of this job.

