1226370
Found 1226370 fasta files in /hps/nobackup/cochrane/ena/users/azyoud/lineages_workflow_output/public_consensus_workflow_output/public_consensus - writing 2452 sequences to each multifasta file, the rest -if exist- will be merged with the last file **************


------------------------------------------------------------
Sender: LSF System <lsf@hl-codon-17-03>
Subject: Job 6364025: <create_multifasta_public.unique> in cluster <codon> Exited

Job <create_multifasta_public.unique> was submitted from host <hl-codon-35-03> by user <azyoud> in cluster <codon> at Fri Jun 10 06:37:09 2022
Job was executed on host(s) <hl-codon-17-03>, in queue <standard>, as user <azyoud> in cluster <codon> at Fri Jun 10 06:37:10 2022
</homes/azyoud> was used as the home directory.
</hps/software/users/cochrane/ena/azyoud/lineages/public_lineages_workflow/workflow> was used as the working directory.
Started at Fri Jun 10 06:37:10 2022
Terminated at Fri Jun 10 09:08:31 2022
Results reported at Fri Jun 10 09:08:31 2022

Your job looked like:

------------------------------------------------------------
# LSBATCH: User input
/hps/software/users/cochrane/ena/azyoud/lineages/public_lineages_workflow/workflow/.snakemake/tmp.6_00fhc4/snakejob.create_multifasta_public.3.sh
------------------------------------------------------------

TERM_MEMLIMIT: job killed after reaching LSF memory usage limit.
Exited with exit code 143.

Resource usage summary:

    CPU time :                                   362.00 sec.
    Max Memory :                                 101 MB
    Average Memory :                             71.96 MB
    Total Requested Memory :                     100.00 MB
    Delta Memory :                               -1.00 MB
    Max Swap :                                   -
    Max Processes :                              6
    Max Threads :                                8
    Run time :                                   9080 sec.
    Turnaround time :                            9082 sec.

The output (if any) is above this job summary.



PS:

Read file <logs/cluster/create_multifasta_public/unique/jobid3_0739374a-a24d-44a0-b9f8-a67e93188fe4.err> for stderr output of this job.

