1226370
Found 1226370 fasta files in /hps/nobackup/cochrane/ena/users/azyoud/lineages_workflow_output/public_consensus_workflow_output/public_consensus - writing 2452 sequences to each multifasta file, the rest -if exist- will be merged with the last file **************


------------------------------------------------------------
Sender: LSF System <lsf@hl-codon-44-04>
Subject: Job 6258911: <create_multifasta_public.unique> in cluster <codon> Exited

Job <create_multifasta_public.unique> was submitted from host <hl-codon-35-03> by user <azyoud> in cluster <codon> at Fri Jun 10 00:38:02 2022
Job was executed on host(s) <hl-codon-44-04>, in queue <standard>, as user <azyoud> in cluster <codon> at Fri Jun 10 00:38:05 2022
</homes/azyoud> was used as the home directory.
</hps/software/users/cochrane/ena/azyoud/lineages/public_lineages_workflow/workflow> was used as the working directory.
Started at Fri Jun 10 00:38:05 2022
Terminated at Fri Jun 10 02:39:11 2022
Results reported at Fri Jun 10 02:39:11 2022

Your job looked like:

------------------------------------------------------------
# LSBATCH: User input
/hps/software/users/cochrane/ena/azyoud/lineages/public_lineages_workflow/workflow/.snakemake/tmp.6_00fhc4/snakejob.create_multifasta_public.3.sh
------------------------------------------------------------

TERM_MEMLIMIT: job killed after reaching LSF memory usage limit.
Exited with exit code 143.

Resource usage summary:

    CPU time :                                   409.00 sec.
    Max Memory :                                 101 MB
    Average Memory :                             74.08 MB
    Total Requested Memory :                     100.00 MB
    Delta Memory :                               -1.00 MB
    Max Swap :                                   -
    Max Processes :                              6
    Max Threads :                                8
    Run time :                                   7272 sec.
    Turnaround time :                            7269 sec.

The output (if any) is above this job summary.



PS:

Read file <logs/cluster/create_multifasta_public/unique/jobid3_cd511086-34b6-4a6e-99d8-ae669d4ffff7.err> for stderr output of this job.

