1227278
Found 1227278 fasta files in /hps/nobackup/cochrane/ena/users/azyoud/lineages_workflow_output/public_consensus_workflow_output/public_consensus - writing 2454 sequences to each multifasta file, the rest -if exist- will be merged with the last file **************

500 Multifasta Files have been Created ****************


------------------------------------------------------------
Sender: LSF System <lsf@hl-codon-16-01>
Subject: Job 6980934: <create_multifasta_public.unique> in cluster <codon> Exited

Job <create_multifasta_public.unique> was submitted from host <hl-codon-38-01> by user <azyoud> in cluster <codon> at Sun Jun 12 04:07:05 2022
Job was executed on host(s) <hl-codon-16-01>, in queue <standard>, as user <azyoud> in cluster <codon> at Sun Jun 12 04:07:06 2022
</homes/azyoud> was used as the home directory.
</hps/software/users/cochrane/ena/azyoud/lineages/public_lineages_workflow/workflow> was used as the working directory.
Started at Sun Jun 12 04:07:06 2022
Terminated at Sun Jun 12 10:34:44 2022
Results reported at Sun Jun 12 10:34:44 2022

Your job looked like:

------------------------------------------------------------
# LSBATCH: User input
/hps/software/users/cochrane/ena/azyoud/lineages/public_lineages_workflow/workflow/.snakemake/tmp.8079xrir/snakejob.create_multifasta_public.3.sh
------------------------------------------------------------

Exited with exit code 1.

Resource usage summary:

    CPU time :                                   10482.19 sec.
    Max Memory :                                 155 MB
    Average Memory :                             124.34 MB
    Total Requested Memory :                     2048.00 MB
    Delta Memory :                               1893.00 MB
    Max Swap :                                   -
    Max Processes :                              6
    Max Threads :                                8
    Run time :                                   23257 sec.
    Turnaround time :                            23259 sec.

The output (if any) is above this job summary.



PS:

Read file <logs/cluster/create_multifasta_public/unique/jobid3_fc1dc05b-4f68-44c9-8c62-1e3c044ec343.err> for stderr output of this job.

