1237082
Found 1237082 fasta files in /hps/nobackup/cochrane/ena/users/azyoud/lineages_workflow_output/public_consensus_workflow_output/public_consensus - writing 2474 sequences to each multifasta file, the rest -if exist- will be merged with the last file **************


------------------------------------------------------------
Sender: LSF System <lsf@hl-codon-14-03>
Subject: Job 7869290: <create_multifasta_public.unique> in cluster <codon> Exited

Job <create_multifasta_public.unique> was submitted from host <hl-codon-06-02> by user <azyoud> in cluster <codon> at Tue Jun 14 10:00:02 2022
Job was executed on host(s) <hl-codon-14-03>, in queue <standard>, as user <azyoud> in cluster <codon> at Tue Jun 14 10:00:03 2022
</homes/azyoud> was used as the home directory.
</hps/software/users/cochrane/ena/azyoud/lineages/public_lineages_workflow/workflow> was used as the working directory.
Started at Tue Jun 14 10:00:03 2022
Terminated at Tue Jun 14 15:00:26 2022
Results reported at Tue Jun 14 15:00:26 2022

Your job looked like:

------------------------------------------------------------
# LSBATCH: User input
/hps/software/users/cochrane/ena/azyoud/lineages/public_lineages_workflow/workflow/.snakemake/tmp.ol7l61w2/snakejob.create_multifasta_public.3.sh
------------------------------------------------------------

TERM_OWNER: job killed by owner.
Exited with exit code 143.

Resource usage summary:

    CPU time :                                   362.00 sec.
    Max Memory :                                 97 MB
    Average Memory :                             70.53 MB
    Total Requested Memory :                     2048.00 MB
    Delta Memory :                               1951.00 MB
    Max Swap :                                   -
    Max Processes :                              6
    Max Threads :                                8
    Run time :                                   18023 sec.
    Turnaround time :                            18024 sec.

The output (if any) is above this job summary.



PS:

Read file <logs/cluster/create_multifasta_public/unique/jobid3_1d07c5b9-9d89-4f50-992a-460fe612b102.err> for stderr output of this job.

