
------------------------------------------------------------
Sender: LSF System <lsf@hl-codon-14-03>
Subject: Job 5933601: <create_multifasta_public.unique> in cluster <codon> Exited

Job <create_multifasta_public.unique> was submitted from host <hl-codon-28-04> by user <azyoud> in cluster <codon> at Wed Jun  8 18:56:57 2022
Job was executed on host(s) <hl-codon-14-03>, in queue <standard>, as user <azyoud> in cluster <codon> at Wed Jun  8 18:56:58 2022
</homes/azyoud> was used as the home directory.
</hps/software/users/cochrane/ena/azyoud/lineages/public_lineages_workflow/workflow> was used as the working directory.
Started at Wed Jun  8 18:56:58 2022
Terminated at Wed Jun  8 18:58:01 2022
Results reported at Wed Jun  8 18:58:01 2022

Your job looked like:

------------------------------------------------------------
# LSBATCH: User input
/hps/software/users/cochrane/ena/azyoud/lineages/public_lineages_workflow/workflow/.snakemake/tmp.k9v8mjav/snakejob.create_multifasta_public.3.sh
------------------------------------------------------------

Exited with exit code 1.

Resource usage summary:

    CPU time :                                   0.67 sec.
    Max Memory :                                 40 MB
    Average Memory :                             40.00 MB
    Total Requested Memory :                     100.00 MB
    Delta Memory :                               60.00 MB
    Max Swap :                                   -
    Max Processes :                              4
    Max Threads :                                5
    Run time :                                   67 sec.
    Turnaround time :                            64 sec.

The output (if any) is above this job summary.



PS:

Read file <logs/cluster/create_multifasta_public/unique/jobid3_50f58cf9-16d9-40d2-897c-1f75b5475390.err> for stderr output of this job.

