1227278
Found 1227278 fasta files in /hps/nobackup/cochrane/ena/users/azyoud/lineages_workflow_output/public_consensus_workflow_output/public_consensus - writing 2454 sequences to each multifasta file, the rest -if exist- will be merged with the last file **************

500 Multifasta Files have been Created ****************


------------------------------------------------------------
Sender: LSF System <lsf@hl-codon-31-03>
Subject: Job 6777531: <create_multifasta_public.unique> in cluster <codon> Exited

Job <create_multifasta_public.unique> was submitted from host <hl-codon-38-01> by user <azyoud> in cluster <codon> at Sat Jun 11 09:51:30 2022
Job was executed on host(s) <hl-codon-31-03>, in queue <standard>, as user <azyoud> in cluster <codon> at Sat Jun 11 09:51:31 2022
</homes/azyoud> was used as the home directory.
</hps/software/users/cochrane/ena/azyoud/lineages/public_lineages_workflow/workflow> was used as the working directory.
Started at Sat Jun 11 09:51:31 2022
Terminated at Sat Jun 11 22:03:56 2022
Results reported at Sat Jun 11 22:03:56 2022

Your job looked like:

------------------------------------------------------------
# LSBATCH: User input
/hps/software/users/cochrane/ena/azyoud/lineages/public_lineages_workflow/workflow/.snakemake/tmp.8079xrir/snakejob.create_multifasta_public.3.sh
------------------------------------------------------------

Exited with exit code 1.

Resource usage summary:

    CPU time :                                   12228.21 sec.
    Max Memory :                                 154 MB
    Average Memory :                             109.84 MB
    Total Requested Memory :                     2048.00 MB
    Delta Memory :                               1894.00 MB
    Max Swap :                                   -
    Max Processes :                              6
    Max Threads :                                8
    Run time :                                   43944 sec.
    Turnaround time :                            43946 sec.

The output (if any) is above this job summary.



PS:

Read file <logs/cluster/create_multifasta_public/unique/jobid3_f573c8c6-5de9-489e-919e-689582606fc1.err> for stderr output of this job.

