1641350
Found 1641350 fasta files in /hps/nobackup/cochrane/ena/users/azyoud/lineages_workflow_output/public_consensus_workflow_output/public_consensus - writing 3282 sequences to each multifasta file, the rest -if exist- will be merged with the last file **************

500 Multifasta Files have been Created ****************


------------------------------------------------------------
Sender: LSF System <lsf@hl-codon-111-04>
Subject: Job 4647457: <create_multifasta_public.unique> in cluster <codon> Exited

Job <create_multifasta_public.unique> was submitted from host <hl-codon-28-03> by user <azyoud> in cluster <codon> at Mon Aug  1 13:00:40 2022
Job was executed on host(s) <hl-codon-111-04>, in queue <standard>, as user <azyoud> in cluster <codon> at Mon Aug  1 13:00:42 2022
</homes/azyoud> was used as the home directory.
</hps/software/users/cochrane/ena/azyoud/lineages/public_lineages_workflow/workflow> was used as the working directory.
Started at Mon Aug  1 13:00:42 2022
Terminated at Mon Aug  1 18:48:02 2022
Results reported at Mon Aug  1 18:48:02 2022

Your job looked like:

------------------------------------------------------------
# LSBATCH: User input
/hps/software/users/cochrane/ena/azyoud/lineages/public_lineages_workflow/workflow/.snakemake/tmp.wcma87gc/snakejob.create_multifasta_public.4.sh
------------------------------------------------------------

Exited with exit code 1.

Resource usage summary:

    CPU time :                                   13445.75 sec.
    Max Memory :                                 192 MB
    Average Memory :                             161.98 MB
    Total Requested Memory :                     2048.00 MB
    Delta Memory :                               1856.00 MB
    Max Swap :                                   -
    Max Processes :                              6
    Max Threads :                                8
    Run time :                                   20840 sec.
    Turnaround time :                            20842 sec.

The output (if any) is above this job summary.



PS:

Read file <logs/cluster/create_multifasta_public/unique/jobid4_b8776d0c-c24d-45cb-a4e0-bdd618af4d2a.err> for stderr output of this job.

