Found 1226369 fasta files in /hps/nobackup/cochrane/ena/users/azyoud/lineages_workflow_output/public_consensus_workflow_output/public_consensus - writing 2452 sequences to each multifasta file, the rest -if exist- will be merged with the last file **************


------------------------------------------------------------
Sender: LSF System <lsf@hl-codon-12-02>
Subject: Job 5919870: <create_multifasta_public.unique> in cluster <codon> Exited

Job <create_multifasta_public.unique> was submitted from host <hl-codon-28-04> by user <azyoud> in cluster <codon> at Wed Jun  8 17:26:36 2022
Job was executed on host(s) <hl-codon-12-02>, in queue <standard>, as user <azyoud> in cluster <codon> at Wed Jun  8 17:26:37 2022
</homes/azyoud> was used as the home directory.
</hps/software/users/cochrane/ena/azyoud/lineages/public_lineages_workflow/workflow> was used as the working directory.
Started at Wed Jun  8 17:26:37 2022
Terminated at Wed Jun  8 18:56:47 2022
Results reported at Wed Jun  8 18:56:47 2022

Your job looked like:

------------------------------------------------------------
# LSBATCH: User input
/hps/software/users/cochrane/ena/azyoud/lineages/public_lineages_workflow/workflow/.snakemake/tmp.k9v8mjav/snakejob.create_multifasta_public.3.sh
------------------------------------------------------------

TERM_MEMLIMIT: job killed after reaching LSF memory usage limit.
Exited with exit code 143.

Resource usage summary:

    CPU time :                                   270.00 sec.
    Max Memory :                                 101 MB
    Average Memory :                             72.68 MB
    Total Requested Memory :                     100.00 MB
    Delta Memory :                               -1.00 MB
    Max Swap :                                   -
    Max Processes :                              6
    Max Threads :                                8
    Run time :                                   5406 sec.
    Turnaround time :                            5411 sec.

The output (if any) is above this job summary.



PS:

Read file <logs/cluster/create_multifasta_public/unique/jobid3_df851b9d-b0d9-451d-a74d-3f2a1288e3a4.err> for stderr output of this job.

