1237082
Found 1237082 fasta files in /hps/nobackup/cochrane/ena/users/azyoud/lineages_workflow_output/public_consensus_workflow_output/public_consensus - writing 2474 sequences to each multifasta file, the rest -if exist- will be merged with the last file **************

500 Multifasta Files have been Created ****************


------------------------------------------------------------
Sender: LSF System <lsf@hl-codon-13-03>
Subject: Job 7803320: <create_multifasta_public.unique> in cluster <codon> Exited

Job <create_multifasta_public.unique> was submitted from host <hl-codon-06-02> by user <azyoud> in cluster <codon> at Tue Jun 14 00:05:51 2022
Job was executed on host(s) <hl-codon-13-03>, in queue <standard>, as user <azyoud> in cluster <codon> at Tue Jun 14 00:05:54 2022
</homes/azyoud> was used as the home directory.
</hps/software/users/cochrane/ena/azyoud/lineages/public_lineages_workflow/workflow> was used as the working directory.
Started at Tue Jun 14 00:05:54 2022
Terminated at Tue Jun 14 09:59:47 2022
Results reported at Tue Jun 14 09:59:47 2022

Your job looked like:

------------------------------------------------------------
# LSBATCH: User input
/hps/software/users/cochrane/ena/azyoud/lineages/public_lineages_workflow/workflow/.snakemake/tmp.ol7l61w2/snakejob.create_multifasta_public.3.sh
------------------------------------------------------------

Exited with exit code 1.

Resource usage summary:

    CPU time :                                   12031.16 sec.
    Max Memory :                                 158 MB
    Average Memory :                             115.67 MB
    Total Requested Memory :                     2048.00 MB
    Delta Memory :                               1890.00 MB
    Max Swap :                                   -
    Max Processes :                              6
    Max Threads :                                8
    Run time :                                   35641 sec.
    Turnaround time :                            35636 sec.

The output (if any) is above this job summary.



PS:

Read file <logs/cluster/create_multifasta_public/unique/jobid3_b372720f-e50c-4d72-8f26-f8eaf35eb3f0.err> for stderr output of this job.

