1641350
Found 1641350 fasta files in /hps/nobackup/cochrane/ena/users/azyoud/lineages_workflow_output/public_consensus_workflow_output/public_consensus - writing 3282 sequences to each multifasta file, the rest -if exist- will be merged with the last file **************

500 Multifasta Files have been Created ****************


------------------------------------------------------------
Sender: LSF System <lsf@hl-codon-123-02>
Subject: Job 4720724: <create_multifasta_public.unique> in cluster <codon> Done

Job <create_multifasta_public.unique> was submitted from host <hl-codon-28-03> by user <azyoud> in cluster <codon> at Mon Aug  1 18:48:18 2022
Job was executed on host(s) <hl-codon-123-02>, in queue <standard>, as user <azyoud> in cluster <codon> at Mon Aug  1 18:48:22 2022
</homes/azyoud> was used as the home directory.
</hps/software/users/cochrane/ena/azyoud/lineages/public_lineages_workflow/workflow> was used as the working directory.
Started at Mon Aug  1 18:48:22 2022
Terminated at Tue Aug  2 01:01:41 2022
Results reported at Tue Aug  2 01:01:41 2022

Your job looked like:

------------------------------------------------------------
# LSBATCH: User input
/hps/software/users/cochrane/ena/azyoud/lineages/public_lineages_workflow/workflow/.snakemake/tmp.wcma87gc/snakejob.create_multifasta_public.4.sh
------------------------------------------------------------

Successfully completed.

Resource usage summary:

    CPU time :                                   14134.06 sec.
    Max Memory :                                 193 MB
    Average Memory :                             159.83 MB
    Total Requested Memory :                     2048.00 MB
    Delta Memory :                               1855.00 MB
    Max Swap :                                   -
    Max Processes :                              6
    Max Threads :                                8
    Run time :                                   22411 sec.
    Turnaround time :                            22403 sec.

The output (if any) is above this job summary.



PS:

Read file <logs/cluster/create_multifasta_public/unique/jobid4_6d3c1bdc-37f2-491b-a7e5-330abd6b9858.err> for stderr output of this job.

