loading model 06/15/2022, 20:37:23
processing block of 1000 sequences 06/15/2022, 20:37:29
processing block of 1000 sequences 06/15/2022, 20:37:37
processing block of 502 sequences 06/15/2022, 20:37:42
complete 06/15/2022, 20:37:44
[32mOutput file written to: [0m/hps/nobackup/cochrane/ena/users/azyoud/lineages_workflow_output/public_consensus_workflow_output/pango/pango_lineages.189.csv
[32mAll dependencies satisfied.[0m
[32mThe query file is:[0m/hps/nobackup/cochrane/ena/users/azyoud/lineages_workflow_output/public_consensus_workflow_output/public_multifasta/multifasta_189.fasta
[32m** Running sequence QC **[0m
[32mNumber of sequences detected: [0m2518
[32mTotal passing QC: [0m2518
[32m
Data files found:[0m
Trained model:	/homes/azyoud/miniconda3/envs/pangolin/lib/python3.8/site-packages/pangoLEARN/data/decisionTree_v1.joblib
Header file:	/homes/azyoud/miniconda3/envs/pangolin/lib/python3.8/site-packages/pangoLEARN/data/decisionTreeHeaders_v1.joblib
Designated hash:	/homes/azyoud/miniconda3/envs/pangolin/lib/python3.8/site-packages/pangoLEARN/data/lineages.hash.csv

------------------------------------------------------------
Sender: LSF System <lsf@hl-codon-19-02>
Subject: Job 8176917: <run_pangolin.n=189> in cluster <codon> Done

Job <run_pangolin.n=189> was submitted from host <hl-codon-09-02> by user <azyoud> in cluster <codon> at Wed Jun 15 20:35:39 2022
Job was executed on host(s) <4*hl-codon-19-02>, in queue <standard>, as user <azyoud> in cluster <codon> at Wed Jun 15 20:35:40 2022
</homes/azyoud> was used as the home directory.
</hps/software/users/cochrane/ena/azyoud/lineages/public_lineages_workflow/workflow> was used as the working directory.
Started at Wed Jun 15 20:35:40 2022
Terminated at Wed Jun 15 20:37:52 2022
Results reported at Wed Jun 15 20:37:52 2022

Your job looked like:

------------------------------------------------------------
# LSBATCH: User input
/hps/software/users/cochrane/ena/azyoud/lineages/public_lineages_workflow/workflow/.snakemake/tmp.i5mlcqut/snakejob.run_pangolin.192.sh
------------------------------------------------------------

Successfully completed.

Resource usage summary:

    CPU time :                                   150.62 sec.
    Max Memory :                                 933 MB
    Average Memory :                             210.27 MB
    Total Requested Memory :                     2048.00 MB
    Delta Memory :                               1115.00 MB
    Max Swap :                                   -
    Max Processes :                              8
    Max Threads :                                25
    Run time :                                   131 sec.
    Turnaround time :                            133 sec.

The output (if any) is above this job summary.



PS:

Read file <logs/cluster/run_pangolin/n=189/jobid192_5594e7fc-0af7-4b4c-83dd-b384c1fa86ca.err> for stderr output of this job.

