[32m****
Query sequences collapsed from [0m3292[32m to [0m3281[32m unique sequences.[0m
[32m****
Running sequence QC[0m
[32mTotal passing QC: [0m3279
[32m****
[0m6[32m sequences assigned via designations.[0m
Using UShER as inference engine.
[32m****
Pangolin running in usher mode.
****[0m
[32mMaximum ambiguity allowed is 0.3.
****[0m
[32mQuery file:	[0m/hps/nobackup/cochrane/ena/users/azyoud/lineages_workflow_output/public_consensus_workflow_output/public_multifasta/multifasta_43.fasta
[32m****
Data files found:[0m
usher_pb:	/nfs/production/cochrane/ena/users/azyoud/miniconda/envs/pangolin/lib/python3.8/site-packages/pangolin_data/data/lineageTree.pb
[32m****[0m
[32m****
Output file written to: [0m/hps/nobackup/cochrane/ena/users/azyoud/lineages_workflow_output/public_consensus_workflow_output/pango/pango_lineages.43.csv

------------------------------------------------------------
Sender: LSF System <lsf@hl-codon-36-04>
Subject: Job 4789063: <run_pangolin.n=43> in cluster <codon> Done

Job <run_pangolin.n=43> was submitted from host <hl-codon-28-03> by user <azyoud> in cluster <codon> at Tue Aug  2 01:05:24 2022
Job was executed on host(s) <4*hl-codon-36-04>, in queue <standard>, as user <azyoud> in cluster <codon> at Tue Aug  2 01:05:25 2022
</homes/azyoud> was used as the home directory.
</hps/software/users/cochrane/ena/azyoud/lineages/public_lineages_workflow/workflow> was used as the working directory.
Started at Tue Aug  2 01:05:25 2022
Terminated at Tue Aug  2 02:09:58 2022
Results reported at Tue Aug  2 02:09:58 2022

Your job looked like:

------------------------------------------------------------
# LSBATCH: User input
/hps/software/users/cochrane/ena/azyoud/lineages/public_lineages_workflow/workflow/.snakemake/tmp.wcma87gc/snakejob.run_pangolin.47.sh
------------------------------------------------------------

Successfully completed.

Resource usage summary:

    CPU time :                                   14813.13 sec.
    Max Memory :                                 681 MB
    Average Memory :                             655.65 MB
    Total Requested Memory :                     2048.00 MB
    Delta Memory :                               1367.00 MB
    Max Swap :                                   -
    Max Processes :                              9
    Max Threads :                                33
    Run time :                                   3875 sec.
    Turnaround time :                            3874 sec.

The output (if any) is above this job summary.



PS:

Read file <logs/cluster/run_pangolin/n=43/jobid47_ad8bcb3c-033c-425a-aa04-8770cf81c271.err> for stderr output of this job.

