Fetching  Metadata From Advanced Search...................................................................
        analysis_accession                                      submitted_ftp
0              ERZ10000000  ftp.sra.ebi.ac.uk/vol1/ERZ100/ERZ10000000/SRR1...
1              ERZ10000002  ftp.sra.ebi.ac.uk/vol1/ERZ100/ERZ10000002/SRR1...
2              ERZ10000007  ftp.sra.ebi.ac.uk/vol1/ERZ100/ERZ10000007/SRR1...
3              ERZ10000011  ftp.sra.ebi.ac.uk/vol1/ERZ100/ERZ10000011/SRR1...
4              ERZ10000022  ftp.sra.ebi.ac.uk/vol1/ERZ100/ERZ10000022/SRR1...
...                    ...                                                ...
1442984         ERZ9999985  ftp.sra.ebi.ac.uk/vol1/ERZ999/ERZ9999985/SRR16...
1442985         ERZ9999992  ftp.sra.ebi.ac.uk/vol1/ERZ999/ERZ9999992/SRR15...
1442986         ERZ9999995  ftp.sra.ebi.ac.uk/vol1/ERZ999/ERZ9999995/SRR16...
1442987         ERZ9999996  ftp.sra.ebi.ac.uk/vol1/ERZ999/ERZ9999996/SRR16...
1442988         ERZ9999999  ftp.sra.ebi.ac.uk/vol1/ERZ999/ERZ9999999/SRR15...

[1442989 rows x 2 columns]
Pulling public fasta...................................................................

------------------------------------------------------------
Sender: LSF System <lsf@hl-codon-29-01>
Subject: Job 6465199: <fetch_public_fasta.unique> in cluster <codon> Done

Job <fetch_public_fasta.unique> was submitted from host <hl-codon-38-01> by user <azyoud> in cluster <codon> at Fri Jun 10 11:09:10 2022
Job was executed on host(s) <hl-codon-29-01>, in queue <standard>, as user <azyoud> in cluster <codon> at Fri Jun 10 11:09:16 2022
</homes/azyoud> was used as the home directory.
</hps/software/users/cochrane/ena/azyoud/lineages/public_lineages_workflow/workflow> was used as the working directory.
Started at Fri Jun 10 11:09:16 2022
Terminated at Fri Jun 10 23:43:20 2022
Results reported at Fri Jun 10 23:43:20 2022

Your job looked like:

------------------------------------------------------------
# LSBATCH: User input
/hps/software/users/cochrane/ena/azyoud/lineages/public_lineages_workflow/workflow/.snakemake/tmp.8079xrir/snakejob.fetch_public_fasta.4.sh
------------------------------------------------------------

Successfully completed.

Resource usage summary:

    CPU time :                                   10311.08 sec.
    Max Memory :                                 714 MB
    Average Memory :                             710.06 MB
    Total Requested Memory :                     2048.00 MB
    Delta Memory :                               1334.00 MB
    Max Swap :                                   -
    Max Processes :                              8
    Max Threads :                                10
    Run time :                                   45248 sec.
    Turnaround time :                            45250 sec.

The output (if any) is above this job summary.



PS:

Read file <logs/cluster/fetch_public_fasta/unique/jobid4_6885fcfe-acdd-4ea8-bd0e-2f953b82a825.err> for stderr output of this job.

