
------------------------------------------------------------
Sender: LSF System <lsf@hl-codon-28-04>
Subject: Job 4347333: <fetch_public_fasta.unique> in cluster <codon> Exited

Job <fetch_public_fasta.unique> was submitted from host <hl-codon-52-01> by user <azyoud> in cluster <codon> at Wed Jun  1 16:34:58 2022
Job was executed on host(s) <hl-codon-28-04>, in queue <standard>, as user <azyoud> in cluster <codon> at Wed Jun  1 16:35:00 2022
</homes/azyoud> was used as the home directory.
</hps/software/users/cochrane/ena/azyoud/lineages/public_lineages_workflow/workflow> was used as the working directory.
Started at Wed Jun  1 16:35:00 2022
Terminated at Wed Jun  1 16:35:04 2022
Results reported at Wed Jun  1 16:35:04 2022

Your job looked like:

------------------------------------------------------------
# LSBATCH: User input
/hps/software/users/cochrane/ena/azyoud/lineages/public_lineages_workflow/workflow/.snakemake/tmp.tazvjboh/snakejob.fetch_public_fasta.4.sh
------------------------------------------------------------

Exited with exit code 1.

Resource usage summary:

    CPU time :                                   1.35 sec.
    Max Memory :                                 38 MB
    Average Memory :                             38.00 MB
    Total Requested Memory :                     2048.00 MB
    Delta Memory :                               2010.00 MB
    Max Swap :                                   -
    Max Processes :                              4
    Max Threads :                                5
    Run time :                                   4 sec.
    Turnaround time :                            6 sec.

The output (if any) is above this job summary.



PS:

Read file <logs/cluster/fetch_public_fasta/unique/jobid4_e08704a7-06dd-4de4-9e28-a11fb1e13539.err> for stderr output of this job.

