Fetching  Metadata From Advanced Search...................................................................
        analysis_accession                                      submitted_ftp
0              ERZ10000000  ftp.sra.ebi.ac.uk/vol1/ERZ100/ERZ10000000/SRR1...
1              ERZ10000002  ftp.sra.ebi.ac.uk/vol1/ERZ100/ERZ10000002/SRR1...
2              ERZ10000007  ftp.sra.ebi.ac.uk/vol1/ERZ100/ERZ10000007/SRR1...
3              ERZ10000011  ftp.sra.ebi.ac.uk/vol1/ERZ100/ERZ10000011/SRR1...
4              ERZ10000022  ftp.sra.ebi.ac.uk/vol1/ERZ100/ERZ10000022/SRR1...
...                    ...                                                ...
1337786         ERZ9999985  ftp.sra.ebi.ac.uk/vol1/ERZ999/ERZ9999985/SRR16...
1337787         ERZ9999992  ftp.sra.ebi.ac.uk/vol1/ERZ999/ERZ9999992/SRR15...
1337788         ERZ9999995  ftp.sra.ebi.ac.uk/vol1/ERZ999/ERZ9999995/SRR16...
1337789         ERZ9999996  ftp.sra.ebi.ac.uk/vol1/ERZ999/ERZ9999996/SRR16...
1337790         ERZ9999999  ftp.sra.ebi.ac.uk/vol1/ERZ999/ERZ9999999/SRR15...

[1337791 rows x 2 columns]
Pulling public fasta...................................................................

------------------------------------------------------------
Sender: LSF System <lsf@hl-codon-18-02>
Subject: Job 5778844: <fetch_public_fasta.unique> in cluster <codon> Done

Job <fetch_public_fasta.unique> was submitted from host <hl-codon-28-04> by user <azyoud> in cluster <codon> at Wed Jun  8 11:25:42 2022
Job was executed on host(s) <hl-codon-18-02>, in queue <standard>, as user <azyoud> in cluster <codon> at Wed Jun  8 11:25:58 2022
</homes/azyoud> was used as the home directory.
</hps/software/users/cochrane/ena/azyoud/lineages/public_lineages_workflow/workflow> was used as the working directory.
Started at Wed Jun  8 11:25:58 2022
Terminated at Wed Jun  8 17:26:24 2022
Results reported at Wed Jun  8 17:26:24 2022

Your job looked like:

------------------------------------------------------------
# LSBATCH: User input
/hps/software/users/cochrane/ena/azyoud/lineages/public_lineages_workflow/workflow/.snakemake/tmp.k9v8mjav/snakejob.fetch_public_fasta.4.sh
------------------------------------------------------------

Successfully completed.

Resource usage summary:

    CPU time :                                   5499.77 sec.
    Max Memory :                                 668 MB
    Average Memory :                             663.01 MB
    Total Requested Memory :                     2048.00 MB
    Delta Memory :                               1380.00 MB
    Max Swap :                                   -
    Max Processes :                              8
    Max Threads :                                10
    Run time :                                   21631 sec.
    Turnaround time :                            21642 sec.

The output (if any) is above this job summary.



PS:

Read file <logs/cluster/fetch_public_fasta/unique/jobid4_64abb5b0-ef1e-418d-832f-1038fb7597ac.err> for stderr output of this job.

