
------------------------------------------------------------
Sender: LSF System <lsf@hl-codon-37-02>
Subject: Job 4347366: <fetch_public_fasta.unique> in cluster <codon> Exited

Job <fetch_public_fasta.unique> was submitted from host <hl-codon-52-01> by user <azyoud> in cluster <codon> at Wed Jun  1 16:35:24 2022
Job was executed on host(s) <hl-codon-37-02>, in queue <standard>, as user <azyoud> in cluster <codon> at Wed Jun  1 16:35:28 2022
</homes/azyoud> was used as the home directory.
</hps/software/users/cochrane/ena/azyoud/lineages/public_lineages_workflow/workflow> was used as the working directory.
Started at Wed Jun  1 16:35:28 2022
Terminated at Wed Jun  1 16:35:32 2022
Results reported at Wed Jun  1 16:35:32 2022

Your job looked like:

------------------------------------------------------------
# LSBATCH: User input
/hps/software/users/cochrane/ena/azyoud/lineages/public_lineages_workflow/workflow/.snakemake/tmp.tazvjboh/snakejob.fetch_public_fasta.4.sh
------------------------------------------------------------

Exited with exit code 1.

Resource usage summary:

    CPU time :                                   1.24 sec.
    Max Memory :                                 73 MB
    Average Memory :                             26.67 MB
    Total Requested Memory :                     2048.00 MB
    Delta Memory :                               1975.00 MB
    Max Swap :                                   -
    Max Processes :                              6
    Max Threads :                                8
    Run time :                                   5 sec.
    Turnaround time :                            8 sec.

The output (if any) is above this job summary.



PS:

Read file <logs/cluster/fetch_public_fasta/unique/jobid4_5b984d2b-c31d-475a-8550-555fbbaf6f65.err> for stderr output of this job.

