
------------------------------------------------------------
Sender: LSF System <lsf@hl-codon-41-04>
Subject: Job 4347434: <fetch_public_fasta.unique> in cluster <codon> Exited

Job <fetch_public_fasta.unique> was submitted from host <hl-codon-52-01> by user <azyoud> in cluster <codon> at Wed Jun  1 16:36:02 2022
Job was executed on host(s) <hl-codon-41-04>, in queue <standard>, as user <azyoud> in cluster <codon> at Wed Jun  1 16:36:16 2022
</homes/azyoud> was used as the home directory.
</hps/software/users/cochrane/ena/azyoud/lineages/public_lineages_workflow/workflow> was used as the working directory.
Started at Wed Jun  1 16:36:16 2022
Terminated at Wed Jun  1 16:36:20 2022
Results reported at Wed Jun  1 16:36:20 2022

Your job looked like:

------------------------------------------------------------
# LSBATCH: User input
/hps/software/users/cochrane/ena/azyoud/lineages/public_lineages_workflow/workflow/.snakemake/tmp.tazvjboh/snakejob.fetch_public_fasta.4.sh
------------------------------------------------------------

Exited with exit code 1.

Resource usage summary:

    CPU time :                                   1.37 sec.
    Max Memory :                                 -
    Average Memory :                             -
    Total Requested Memory :                     2048.00 MB
    Delta Memory :                               -
    Max Swap :                                   -
    Max Processes :                              -
    Max Threads :                                -
    Run time :                                   3 sec.
    Turnaround time :                            18 sec.

The output (if any) is above this job summary.



PS:

Read file <logs/cluster/fetch_public_fasta/unique/jobid4_8efde675-47c5-4050-b62e-6465ac160f3e.err> for stderr output of this job.

