Building DAG of jobs...
Using shell: /usr/local/bin/bash
Provided cores: 96
Rules claiming more threads will be scaled down.
Select jobs to execute...

[Wed Jun  1 16:35:03 2022]
rule fetch_public_fasta:
    input: /hps/nobackup/cochrane/ena/users/azyoud/lineages_workflow_output/public_consensus_workflow_output/run_public_pangolin.txt
    output: /hps/nobackup/cochrane/ena/users/azyoud/lineages_workflow_output/public_consensus_workflow_output/public_consensus/end.txt
    jobid: 0
    resources: mem_mb=2048, disk_mb=1000, tmpdir=/tmp

usage: pulling_fasta.py [-h] -f OUTPUT
pulling_fasta.py: error: the following arguments are required: -f/--output
[Wed Jun  1 16:35:04 2022]
Error in rule fetch_public_fasta:
    jobid: 0
    output: /hps/nobackup/cochrane/ena/users/azyoud/lineages_workflow_output/public_consensus_workflow_output/public_consensus/end.txt
    shell:
        python3 /hps/software/users/cochrane/ena/azyoud/lineages/public_lineages_workflow/workflow/scripts/public_consensus_fetch.py -o /hps/nobackup/cochrane/ena/users/azyoud/lineages_workflow_output/public_consensus_workflow_output/public_consensus
        (one of the commands exited with non-zero exit code; note that snakemake uses bash strict mode!)

Shutting down, this might take some time.
Exiting because a job execution failed. Look above for error message
