loading model 06/15/2022, 20:38:07
processing block of 1000 sequences 06/15/2022, 20:38:12
processing block of 1000 sequences 06/15/2022, 20:38:20
processing block of 417 sequences 06/15/2022, 20:38:26
complete 06/15/2022, 20:38:28
[32mOutput file written to: [0m/hps/nobackup/cochrane/ena/users/azyoud/lineages_workflow_output/public_consensus_workflow_output/pango/pango_lineages.314.csv
[32mAll dependencies satisfied.[0m
[32mThe query file is:[0m/hps/nobackup/cochrane/ena/users/azyoud/lineages_workflow_output/public_consensus_workflow_output/public_multifasta/multifasta_314.fasta
[32m** Running sequence QC **[0m
[32mNumber of sequences detected: [0m2518
[32mTotal passing QC: [0m2423
[32m
Data files found:[0m
Trained model:	/homes/azyoud/miniconda3/envs/pangolin/lib/python3.8/site-packages/pangoLEARN/data/decisionTree_v1.joblib
Header file:	/homes/azyoud/miniconda3/envs/pangolin/lib/python3.8/site-packages/pangoLEARN/data/decisionTreeHeaders_v1.joblib
Designated hash:	/homes/azyoud/miniconda3/envs/pangolin/lib/python3.8/site-packages/pangoLEARN/data/lineages.hash.csv

------------------------------------------------------------
Sender: LSF System <lsf@hl-codon-42-02>
Subject: Job 8176962: <run_pangolin.n=314> in cluster <codon> Done

Job <run_pangolin.n=314> was submitted from host <hl-codon-09-02> by user <azyoud> in cluster <codon> at Wed Jun 15 20:36:22 2022
Job was executed on host(s) <4*hl-codon-42-02>, in queue <standard>, as user <azyoud> in cluster <codon> at Wed Jun 15 20:36:23 2022
</homes/azyoud> was used as the home directory.
</hps/software/users/cochrane/ena/azyoud/lineages/public_lineages_workflow/workflow> was used as the working directory.
Started at Wed Jun 15 20:36:23 2022
Terminated at Wed Jun 15 20:38:36 2022
Results reported at Wed Jun 15 20:38:36 2022

Your job looked like:

------------------------------------------------------------
# LSBATCH: User input
/hps/software/users/cochrane/ena/azyoud/lineages/public_lineages_workflow/workflow/.snakemake/tmp.i5mlcqut/snakejob.run_pangolin.317.sh
------------------------------------------------------------

Successfully completed.

Resource usage summary:

    CPU time :                                   152.98 sec.
    Max Memory :                                 998 MB
    Average Memory :                             258.12 MB
    Total Requested Memory :                     2048.00 MB
    Delta Memory :                               1050.00 MB
    Max Swap :                                   -
    Max Processes :                              8
    Max Threads :                                25
    Run time :                                   132 sec.
    Turnaround time :                            134 sec.

The output (if any) is above this job summary.



PS:

Read file <logs/cluster/run_pangolin/n=314/jobid317_3f28a477-25c0-491f-a34f-eb92e3b6de0e.err> for stderr output of this job.

