loading model 06/15/2022, 20:34:09
processing block of 1000 sequences 06/15/2022, 20:34:13
processing block of 1000 sequences 06/15/2022, 20:34:21
processing block of 386 sequences 06/15/2022, 20:34:26
complete 06/15/2022, 20:34:28
[32mOutput file written to: [0m/hps/nobackup/cochrane/ena/users/azyoud/lineages_workflow_output/public_consensus_workflow_output/pango/pango_lineages.204.csv
[32mAll dependencies satisfied.[0m
[32mThe query file is:[0m/hps/nobackup/cochrane/ena/users/azyoud/lineages_workflow_output/public_consensus_workflow_output/public_multifasta/multifasta_204.fasta
[32m** Running sequence QC **[0m
[32mNumber of sequences detected: [0m2518
[32mTotal passing QC: [0m2390
[32m
Data files found:[0m
Trained model:	/homes/azyoud/miniconda3/envs/pangolin/lib/python3.8/site-packages/pangoLEARN/data/decisionTree_v1.joblib
Header file:	/homes/azyoud/miniconda3/envs/pangolin/lib/python3.8/site-packages/pangoLEARN/data/decisionTreeHeaders_v1.joblib
Designated hash:	/homes/azyoud/miniconda3/envs/pangolin/lib/python3.8/site-packages/pangoLEARN/data/lineages.hash.csv

------------------------------------------------------------
Sender: LSF System <lsf@hl-codon-06-03>
Subject: Job 8176633: <run_pangolin.n=204> in cluster <codon> Done

Job <run_pangolin.n=204> was submitted from host <hl-codon-09-02> by user <azyoud> in cluster <codon> at Wed Jun 15 20:32:34 2022
Job was executed on host(s) <4*hl-codon-06-03>, in queue <standard>, as user <azyoud> in cluster <codon> at Wed Jun 15 20:32:34 2022
</homes/azyoud> was used as the home directory.
</hps/software/users/cochrane/ena/azyoud/lineages/public_lineages_workflow/workflow> was used as the working directory.
Started at Wed Jun 15 20:32:34 2022
Terminated at Wed Jun 15 20:34:35 2022
Results reported at Wed Jun 15 20:34:35 2022

Your job looked like:

------------------------------------------------------------
# LSBATCH: User input
/hps/software/users/cochrane/ena/azyoud/lineages/public_lineages_workflow/workflow/.snakemake/tmp.i5mlcqut/snakejob.run_pangolin.207.sh
------------------------------------------------------------

Successfully completed.

Resource usage summary:

    CPU time :                                   140.85 sec.
    Max Memory :                                 935 MB
    Average Memory :                             397.00 MB
    Total Requested Memory :                     2048.00 MB
    Delta Memory :                               1113.00 MB
    Max Swap :                                   -
    Max Processes :                              8
    Max Threads :                                17
    Run time :                                   120 sec.
    Turnaround time :                            121 sec.

The output (if any) is above this job summary.



PS:

Read file <logs/cluster/run_pangolin/n=204/jobid207_73854567-8024-4435-a3d6-cea0b543c248.err> for stderr output of this job.

