loading model 06/15/2022, 20:32:34
processing block of 1000 sequences 06/15/2022, 20:32:37
processing block of 1000 sequences 06/15/2022, 20:32:43
processing block of 389 sequences 06/15/2022, 20:32:47
complete 06/15/2022, 20:32:48
[32mOutput file written to: [0m/hps/nobackup/cochrane/ena/users/azyoud/lineages_workflow_output/public_consensus_workflow_output/pango/pango_lineages.115.csv
[32mAll dependencies satisfied.[0m
[32mThe query file is:[0m/hps/nobackup/cochrane/ena/users/azyoud/lineages_workflow_output/public_consensus_workflow_output/public_multifasta/multifasta_115.fasta
[32m** Running sequence QC **[0m
[32mNumber of sequences detected: [0m2518
[32mTotal passing QC: [0m2401
[32m
Data files found:[0m
Trained model:	/homes/azyoud/miniconda3/envs/pangolin/lib/python3.8/site-packages/pangoLEARN/data/decisionTree_v1.joblib
Header file:	/homes/azyoud/miniconda3/envs/pangolin/lib/python3.8/site-packages/pangoLEARN/data/decisionTreeHeaders_v1.joblib
Designated hash:	/homes/azyoud/miniconda3/envs/pangolin/lib/python3.8/site-packages/pangoLEARN/data/lineages.hash.csv

------------------------------------------------------------
Sender: LSF System <lsf@hl-codon-26-02>
Subject: Job 8176494: <run_pangolin.n=115> in cluster <codon> Done

Job <run_pangolin.n=115> was submitted from host <hl-codon-09-02> by user <azyoud> in cluster <codon> at Wed Jun 15 20:31:16 2022
Job was executed on host(s) <4*hl-codon-26-02>, in queue <standard>, as user <azyoud> in cluster <codon> at Wed Jun 15 20:31:17 2022
</homes/azyoud> was used as the home directory.
</hps/software/users/cochrane/ena/azyoud/lineages/public_lineages_workflow/workflow> was used as the working directory.
Started at Wed Jun 15 20:31:17 2022
Terminated at Wed Jun 15 20:32:55 2022
Results reported at Wed Jun 15 20:32:55 2022

Your job looked like:

------------------------------------------------------------
# LSBATCH: User input
/hps/software/users/cochrane/ena/azyoud/lineages/public_lineages_workflow/workflow/.snakemake/tmp.i5mlcqut/snakejob.run_pangolin.118.sh
------------------------------------------------------------

Successfully completed.

Resource usage summary:

    CPU time :                                   117.01 sec.
    Max Memory :                                 771 MB
    Average Memory :                             369.88 MB
    Total Requested Memory :                     2048.00 MB
    Delta Memory :                               1277.00 MB
    Max Swap :                                   -
    Max Processes :                              8
    Max Threads :                                17
    Run time :                                   97 sec.
    Turnaround time :                            99 sec.

The output (if any) is above this job summary.



PS:

Read file <logs/cluster/run_pangolin/n=115/jobid118_c91c2c78-fc3f-4ccf-af2e-5d47e35ce458.err> for stderr output of this job.

