
------------------------------------------------------------
Sender: LSF System <lsf@hl-codon-19-03>
Subject: Job 8177452: <concat_csv.unique> in cluster <codon> Exited

Job <concat_csv.unique> was submitted from host <hl-codon-09-02> by user <azyoud> in cluster <codon> at Wed Jun 15 20:51:38 2022
Job was executed on host(s) <hl-codon-19-03>, in queue <standard>, as user <azyoud> in cluster <codon> at Wed Jun 15 20:51:38 2022
</homes/azyoud> was used as the home directory.
</hps/software/users/cochrane/ena/azyoud/lineages/public_lineages_workflow/workflow> was used as the working directory.
Started at Wed Jun 15 20:51:38 2022
Terminated at Wed Jun 15 20:51:46 2022
Results reported at Wed Jun 15 20:51:46 2022

Your job looked like:

------------------------------------------------------------
# LSBATCH: User input
/hps/software/users/cochrane/ena/azyoud/lineages/public_lineages_workflow/workflow/.snakemake/tmp.i5mlcqut/snakejob.concat_csv.1.sh
------------------------------------------------------------

TERM_MEMLIMIT: job killed after reaching LSF memory usage limit.
Exited with exit code 1.

Resource usage summary:

    CPU time :                                   4.13 sec.
    Max Memory :                                 302 MB
    Average Memory :                             57.00 MB
    Total Requested Memory :                     100.00 MB
    Delta Memory :                               -202.00 MB
    Max Swap :                                   -
    Max Processes :                              6
    Max Threads :                                8
    Run time :                                   12 sec.
    Turnaround time :                            8 sec.

The output (if any) is above this job summary.



PS:

Read file <logs/cluster/concat_csv/unique/jobid1_e6e326c2-3a96-4a56-827f-ec282cb50357.err> for stderr output of this job.

