
------------------------------------------------------------
Sender: LSF System <lsf@hl-codon-16-02>
Subject: Job 8177441: <concat_csv.unique> in cluster <codon> Exited

Job <concat_csv.unique> was submitted from host <hl-codon-09-02> by user <azyoud> in cluster <codon> at Wed Jun 15 20:50:51 2022
Job was executed on host(s) <hl-codon-16-02>, in queue <standard>, as user <azyoud> in cluster <codon> at Wed Jun 15 20:50:51 2022
</homes/azyoud> was used as the home directory.
</hps/software/users/cochrane/ena/azyoud/lineages/public_lineages_workflow/workflow> was used as the working directory.
Started at Wed Jun 15 20:50:51 2022
Terminated at Wed Jun 15 20:51:10 2022
Results reported at Wed Jun 15 20:51:10 2022

Your job looked like:

------------------------------------------------------------
# LSBATCH: User input
/hps/software/users/cochrane/ena/azyoud/lineages/public_lineages_workflow/workflow/.snakemake/tmp.i5mlcqut/snakejob.concat_csv.1.sh
------------------------------------------------------------

TERM_MEMLIMIT: job killed after reaching LSF memory usage limit.
Exited with exit code 1.

Resource usage summary:

    CPU time :                                   14.36 sec.
    Max Memory :                                 664 MB
    Average Memory :                             508.00 MB
    Total Requested Memory :                     100.00 MB
    Delta Memory :                               -564.00 MB
    Max Swap :                                   -
    Max Processes :                              6
    Max Threads :                                8
    Run time :                                   19 sec.
    Turnaround time :                            19 sec.

The output (if any) is above this job summary.



PS:

Read file <logs/cluster/concat_csv/unique/jobid1_b2cca7d0-c921-41f3-9d76-cd83c02736b4.err> for stderr output of this job.

