
------------------------------------------------------------
Sender: LSF System <lsf@hl-codon-19-03>
Subject: Job 8177446: <concat_csv.unique> in cluster <codon> Exited

Job <concat_csv.unique> was submitted from host <hl-codon-09-02> by user <azyoud> in cluster <codon> at Wed Jun 15 20:51:26 2022
Job was executed on host(s) <hl-codon-19-03>, in queue <standard>, as user <azyoud> in cluster <codon> at Wed Jun 15 20:51:27 2022
</homes/azyoud> was used as the home directory.
</hps/software/users/cochrane/ena/azyoud/lineages/public_lineages_workflow/workflow> was used as the working directory.
Started at Wed Jun 15 20:51:27 2022
Terminated at Wed Jun 15 20:51:32 2022
Results reported at Wed Jun 15 20:51:32 2022

Your job looked like:

------------------------------------------------------------
# LSBATCH: User input
/hps/software/users/cochrane/ena/azyoud/lineages/public_lineages_workflow/workflow/.snakemake/tmp.i5mlcqut/snakejob.concat_csv.1.sh
------------------------------------------------------------

TERM_MEMLIMIT: job killed after reaching LSF memory usage limit.
Exited with exit code 1.

Resource usage summary:

    CPU time :                                   2.68 sec.
    Max Memory :                                 174 MB
    Average Memory :                             84.67 MB
    Total Requested Memory :                     100.00 MB
    Delta Memory :                               -74.00 MB
    Max Swap :                                   -
    Max Processes :                              6
    Max Threads :                                8
    Run time :                                   6 sec.
    Turnaround time :                            6 sec.

The output (if any) is above this job summary.



PS:

Read file <logs/cluster/concat_csv/unique/jobid1_cbf3e91d-29c6-415b-9416-bd742070f297.err> for stderr output of this job.

