loading model 06/15/2022, 20:37:25
processing block of 1000 sequences 06/15/2022, 20:37:28
processing block of 1000 sequences 06/15/2022, 20:37:34
processing block of 472 sequences 06/15/2022, 20:37:38
complete 06/15/2022, 20:37:39
[32mOutput file written to: [0m/hps/nobackup/cochrane/ena/users/azyoud/lineages_workflow_output/public_consensus_workflow_output/pango/pango_lineages.28.csv
[32mAll dependencies satisfied.[0m
[32mThe query file is:[0m/hps/nobackup/cochrane/ena/users/azyoud/lineages_workflow_output/public_consensus_workflow_output/public_multifasta/multifasta_28.fasta
[32m** Running sequence QC **[0m
[32mNumber of sequences detected: [0m2518
[32mTotal passing QC: [0m2472
[32m
Data files found:[0m
Trained model:	/homes/azyoud/miniconda3/envs/pangolin/lib/python3.8/site-packages/pangoLEARN/data/decisionTree_v1.joblib
Header file:	/homes/azyoud/miniconda3/envs/pangolin/lib/python3.8/site-packages/pangoLEARN/data/decisionTreeHeaders_v1.joblib
Designated hash:	/homes/azyoud/miniconda3/envs/pangolin/lib/python3.8/site-packages/pangoLEARN/data/lineages.hash.csv

------------------------------------------------------------
Sender: LSF System <lsf@hl-codon-10-04>
Subject: Job 8176948: <run_pangolin.n=28> in cluster <codon> Done

Job <run_pangolin.n=28> was submitted from host <hl-codon-09-02> by user <azyoud> in cluster <codon> at Wed Jun 15 20:36:07 2022
Job was executed on host(s) <4*hl-codon-10-04>, in queue <standard>, as user <azyoud> in cluster <codon> at Wed Jun 15 20:36:10 2022
</homes/azyoud> was used as the home directory.
</hps/software/users/cochrane/ena/azyoud/lineages/public_lineages_workflow/workflow> was used as the working directory.
Started at Wed Jun 15 20:36:10 2022
Terminated at Wed Jun 15 20:37:45 2022
Results reported at Wed Jun 15 20:37:45 2022

Your job looked like:

------------------------------------------------------------
# LSBATCH: User input
/hps/software/users/cochrane/ena/azyoud/lineages/public_lineages_workflow/workflow/.snakemake/tmp.i5mlcqut/snakejob.run_pangolin.31.sh
------------------------------------------------------------

Successfully completed.

Resource usage summary:

    CPU time :                                   112.64 sec.
    Max Memory :                                 596 MB
    Average Memory :                             325.00 MB
    Total Requested Memory :                     2048.00 MB
    Delta Memory :                               1452.00 MB
    Max Swap :                                   -
    Max Processes :                              8
    Max Threads :                                17
    Run time :                                   100 sec.
    Turnaround time :                            99 sec.

The output (if any) is above this job summary.



PS:

Read file <logs/cluster/run_pangolin/n=28/jobid31_a49f8b32-845f-498b-adbd-87b867ddb1c2.err> for stderr output of this job.

