loading model 06/15/2022, 20:38:49
processing block of 1000 sequences 06/15/2022, 20:38:53
processing block of 1000 sequences 06/15/2022, 20:38:59
processing block of 411 sequences 06/15/2022, 20:39:03
complete 06/15/2022, 20:39:05
[32mOutput file written to: [0m/hps/nobackup/cochrane/ena/users/azyoud/lineages_workflow_output/public_consensus_workflow_output/pango/pango_lineages.399.csv
[32mAll dependencies satisfied.[0m
[32mThe query file is:[0m/hps/nobackup/cochrane/ena/users/azyoud/lineages_workflow_output/public_consensus_workflow_output/public_multifasta/multifasta_399.fasta
[32m** Running sequence QC **[0m
[32mNumber of sequences detected: [0m2518
[32mTotal passing QC: [0m2479
[32m
Data files found:[0m
Trained model:	/homes/azyoud/miniconda3/envs/pangolin/lib/python3.8/site-packages/pangoLEARN/data/decisionTree_v1.joblib
Header file:	/homes/azyoud/miniconda3/envs/pangolin/lib/python3.8/site-packages/pangoLEARN/data/decisionTreeHeaders_v1.joblib
Designated hash:	/homes/azyoud/miniconda3/envs/pangolin/lib/python3.8/site-packages/pangoLEARN/data/lineages.hash.csv

------------------------------------------------------------
Sender: LSF System <lsf@hl-codon-24-03>
Subject: Job 8177049: <run_pangolin.n=399> in cluster <codon> Done

Job <run_pangolin.n=399> was submitted from host <hl-codon-09-02> by user <azyoud> in cluster <codon> at Wed Jun 15 20:37:35 2022
Job was executed on host(s) <4*hl-codon-24-03>, in queue <standard>, as user <azyoud> in cluster <codon> at Wed Jun 15 20:37:36 2022
</homes/azyoud> was used as the home directory.
</hps/software/users/cochrane/ena/azyoud/lineages/public_lineages_workflow/workflow> was used as the working directory.
Started at Wed Jun 15 20:37:36 2022
Terminated at Wed Jun 15 20:39:10 2022
Results reported at Wed Jun 15 20:39:10 2022

Your job looked like:

------------------------------------------------------------
# LSBATCH: User input
/hps/software/users/cochrane/ena/azyoud/lineages/public_lineages_workflow/workflow/.snakemake/tmp.i5mlcqut/snakejob.run_pangolin.402.sh
------------------------------------------------------------

Successfully completed.

Resource usage summary:

    CPU time :                                   116.38 sec.
    Max Memory :                                 1012 MB
    Average Memory :                             465.71 MB
    Total Requested Memory :                     2048.00 MB
    Delta Memory :                               1036.00 MB
    Max Swap :                                   -
    Max Processes :                              8
    Max Threads :                                27
    Run time :                                   93 sec.
    Turnaround time :                            95 sec.

The output (if any) is above this job summary.



PS:

Read file <logs/cluster/run_pangolin/n=399/jobid402_bc2a083f-8268-4724-92b3-0a0557239390.err> for stderr output of this job.

