Building DAG of jobs...
Using shell: /usr/local/bin/bash
Provided cores: 96
Rules claiming more threads will be scaled down.
Select jobs to execute...

[Tue Aug  2 01:05:34 2022]
rule run_pangolin:
    input: /hps/nobackup/cochrane/ena/users/azyoud/lineages_workflow_output/public_consensus_workflow_output/public_multifasta/multifasta_49.fasta
    output: /hps/nobackup/cochrane/ena/users/azyoud/lineages_workflow_output/public_consensus_workflow_output/pango/pango_lineages.49.csv
    jobid: 0
    wildcards: n=49
    threads: 4
    resources: mem_mb=2048, disk_mb=1000, tmpdir=/nfs/production/cochrane/ena/users/azyoud

Job stats:
job                      count    min threads    max threads
---------------------  -------  -------------  -------------
align_to_reference           1              1              1
all                          1              1              1
cache_sequence_assign        1              1              1
create_seq_hash              1              1              1
get_constellations           1              1              1
merged_info                  1              1              1
scorpio                      1              4              4
sequence_qc                  1              1              1
total                        8              1              4

Job stats:
job                count    min threads    max threads
---------------  -------  -------------  -------------
all                    1              1              1
usher_cache            1              1              1
usher_inference        1              4              4
usher_to_report        1              1              1
total                  4              1              4

[Tue Aug  2 01:24:08 2022]
Finished job 0.
1 of 1 steps (100%) done
