[32m****
Query sequences collapsed from [0m3257[32m to [0m3247[32m unique sequences.[0m
[32m****
Running sequence QC[0m
[32mTotal passing QC: [0m3114
[32m****
[0m5[32m sequences assigned via designations.[0m
Using UShER as inference engine.
[32m****
Pangolin running in usher mode.
****[0m
[32mMaximum ambiguity allowed is 0.3.
****[0m
[32mQuery file:	[0m/hps/nobackup/cochrane/ena/users/azyoud/lineages_workflow_output/public_consensus_workflow_output/public_multifasta/multifasta_342.fasta
[32m****
Data files found:[0m
usher_pb:	/nfs/production/cochrane/ena/users/azyoud/miniconda/envs/pangolin/lib/python3.8/site-packages/pangolin_data/data/lineageTree.pb
[32m****[0m
[32m****
Output file written to: [0m/hps/nobackup/cochrane/ena/users/azyoud/lineages_workflow_output/public_consensus_workflow_output/pango/pango_lineages.342.csv

------------------------------------------------------------
Sender: LSF System <lsf@hl-codon-128-03>
Subject: Job 4803990: <run_pangolin.n=342> in cluster <codon> Done

Job <run_pangolin.n=342> was submitted from host <hl-codon-28-03> by user <azyoud> in cluster <codon> at Tue Aug  2 01:52:35 2022
Job was executed on host(s) <4*hl-codon-128-03>, in queue <standard>, as user <azyoud> in cluster <codon> at Tue Aug  2 01:52:41 2022
</homes/azyoud> was used as the home directory.
</hps/software/users/cochrane/ena/azyoud/lineages/public_lineages_workflow/workflow> was used as the working directory.
Started at Tue Aug  2 01:52:41 2022
Terminated at Tue Aug  2 02:09:06 2022
Results reported at Tue Aug  2 02:09:06 2022

Your job looked like:

------------------------------------------------------------
# LSBATCH: User input
/hps/software/users/cochrane/ena/azyoud/lineages/public_lineages_workflow/workflow/.snakemake/tmp.wcma87gc/snakejob.run_pangolin.346.sh
------------------------------------------------------------

Successfully completed.

Resource usage summary:

    CPU time :                                   3470.57 sec.
    Max Memory :                                 2674 MB
    Average Memory :                             267.46 MB
    Total Requested Memory :                     2048.00 MB
    Delta Memory :                               -626.00 MB
    Max Swap :                                   -
    Max Processes :                              12
    Max Threads :                                37
    Run time :                                   1020 sec.
    Turnaround time :                            991 sec.

The output (if any) is above this job summary.



PS:

Read file <logs/cluster/run_pangolin/n=342/jobid346_238bfb35-05dd-4584-8165-6bc474723d14.err> for stderr output of this job.

