loading model 06/15/2022, 20:40:07
processing block of 1000 sequences 06/15/2022, 20:40:10
processing block of 1000 sequences 06/15/2022, 20:40:16
processing block of 206 sequences 06/15/2022, 20:40:20
complete 06/15/2022, 20:40:20
[32mOutput file written to: [0m/hps/nobackup/cochrane/ena/users/azyoud/lineages_workflow_output/public_consensus_workflow_output/pango/pango_lineages.268.csv
[32mAll dependencies satisfied.[0m
[32mThe query file is:[0m/hps/nobackup/cochrane/ena/users/azyoud/lineages_workflow_output/public_consensus_workflow_output/public_multifasta/multifasta_268.fasta
[32m** Running sequence QC **[0m
[32mNumber of sequences detected: [0m2518
[32mTotal passing QC: [0m2288
[32m
Data files found:[0m
Trained model:	/homes/azyoud/miniconda3/envs/pangolin/lib/python3.8/site-packages/pangoLEARN/data/decisionTree_v1.joblib
Header file:	/homes/azyoud/miniconda3/envs/pangolin/lib/python3.8/site-packages/pangoLEARN/data/decisionTreeHeaders_v1.joblib
Designated hash:	/homes/azyoud/miniconda3/envs/pangolin/lib/python3.8/site-packages/pangoLEARN/data/lineages.hash.csv

------------------------------------------------------------
Sender: LSF System <lsf@hl-codon-24-03>
Subject: Job 8177250: <run_pangolin.n=268> in cluster <codon> Done

Job <run_pangolin.n=268> was submitted from host <hl-codon-09-02> by user <azyoud> in cluster <codon> at Wed Jun 15 20:39:00 2022
Job was executed on host(s) <4*hl-codon-24-03>, in queue <standard>, as user <azyoud> in cluster <codon> at Wed Jun 15 20:39:01 2022
</homes/azyoud> was used as the home directory.
</hps/software/users/cochrane/ena/azyoud/lineages/public_lineages_workflow/workflow> was used as the working directory.
Started at Wed Jun 15 20:39:01 2022
Terminated at Wed Jun 15 20:40:26 2022
Results reported at Wed Jun 15 20:40:26 2022

Your job looked like:

------------------------------------------------------------
# LSBATCH: User input
/hps/software/users/cochrane/ena/azyoud/lineages/public_lineages_workflow/workflow/.snakemake/tmp.i5mlcqut/snakejob.run_pangolin.271.sh
------------------------------------------------------------

Successfully completed.

Resource usage summary:

    CPU time :                                   104.33 sec.
    Max Memory :                                 813 MB
    Average Memory :                             193.75 MB
    Total Requested Memory :                     2048.00 MB
    Delta Memory :                               1235.00 MB
    Max Swap :                                   -
    Max Processes :                              8
    Max Threads :                                17
    Run time :                                   82 sec.
    Turnaround time :                            86 sec.

The output (if any) is above this job summary.



PS:

Read file <logs/cluster/run_pangolin/n=268/jobid271_58996bd5-7165-4a88-882b-a629943e3651.err> for stderr output of this job.

