[32m****
Query sequences collapsed from [0m3321[32m to [0m3237[32m unique sequences.[0m
[32m****
Running sequence QC[0m
[32mTotal passing QC: [0m3104
[32m****
[0m9[32m sequences assigned via designations.[0m
Using UShER as inference engine.
[32m****
Pangolin running in usher mode.
****[0m
[32mMaximum ambiguity allowed is 0.3.
****[0m
[32mQuery file:	[0m/hps/nobackup/cochrane/ena/users/azyoud/lineages_workflow_output/public_consensus_workflow_output/public_multifasta/multifasta_275.fasta
[32m****
Data files found:[0m
usher_pb:	/nfs/production/cochrane/ena/users/azyoud/miniconda/envs/pangolin/lib/python3.8/site-packages/pangolin_data/data/lineageTree.pb
[32m****[0m
[32m****
Output file written to: [0m/hps/nobackup/cochrane/ena/users/azyoud/lineages_workflow_output/public_consensus_workflow_output/pango/pango_lineages.275.csv

------------------------------------------------------------
Sender: LSF System <lsf@hl-codon-37-01>
Subject: Job 4788402: <run_pangolin.n=275> in cluster <codon> Done

Job <run_pangolin.n=275> was submitted from host <hl-codon-28-03> by user <azyoud> in cluster <codon> at Tue Aug  2 01:02:55 2022
Job was executed on host(s) <4*hl-codon-37-01>, in queue <standard>, as user <azyoud> in cluster <codon> at Tue Aug  2 01:02:55 2022
</homes/azyoud> was used as the home directory.
</hps/software/users/cochrane/ena/azyoud/lineages/public_lineages_workflow/workflow> was used as the working directory.
Started at Tue Aug  2 01:02:55 2022
Terminated at Tue Aug  2 01:26:14 2022
Results reported at Tue Aug  2 01:26:14 2022

Your job looked like:

------------------------------------------------------------
# LSBATCH: User input
/hps/software/users/cochrane/ena/azyoud/lineages/public_lineages_workflow/workflow/.snakemake/tmp.wcma87gc/snakejob.run_pangolin.279.sh
------------------------------------------------------------

Successfully completed.

Resource usage summary:

    CPU time :                                   5012.84 sec.
    Max Memory :                                 2563 MB
    Average Memory :                             179.58 MB
    Total Requested Memory :                     2048.00 MB
    Delta Memory :                               -515.00 MB
    Max Swap :                                   2 MB
    Max Processes :                              12
    Max Threads :                                32
    Run time :                                   1398 sec.
    Turnaround time :                            1399 sec.

The output (if any) is above this job summary.



PS:

Read file <logs/cluster/run_pangolin/n=275/jobid279_823c77ac-e3bb-4a53-8705-c9bd0cc6752a.err> for stderr output of this job.

