Building DAG of jobs...
Using shell: /usr/local/bin/bash
Provided cores: 96
Rules claiming more threads will be scaled down.
Select jobs to execute...

[Tue Aug  2 01:48:36 2022]
rule run_pangolin:
    input: /hps/nobackup/cochrane/ena/users/azyoud/lineages_workflow_output/public_consensus_workflow_output/public_multifasta/multifasta_126.fasta
    output: /hps/nobackup/cochrane/ena/users/azyoud/lineages_workflow_output/public_consensus_workflow_output/pango/pango_lineages.126.csv
    jobid: 0
    wildcards: n=126
    threads: 4
    resources: mem_mb=2048, disk_mb=1000, tmpdir=/nfs/production/cochrane/ena/users/azyoud

Job stats:
job                      count    min threads    max threads
---------------------  -------  -------------  -------------
align_to_reference           1              1              1
all                          1              1              1
cache_sequence_assign        1              1              1
create_seq_hash              1              1              1
get_constellations           1              1              1
merged_info                  1              1              1
scorpio                      1              4              4
sequence_qc                  1              1              1
total                        8              1              4

Terminating processes on user request, this might take some time.
[Tue Aug  2 01:49:01 2022]
Error in rule run_pangolin:
    jobid: 0
    output: /hps/nobackup/cochrane/ena/users/azyoud/lineages_workflow_output/public_consensus_workflow_output/pango/pango_lineages.126.csv
    shell:
        pangolin --threads 4 --outfile /hps/nobackup/cochrane/ena/users/azyoud/lineages_workflow_output/public_consensus_workflow_output/pango/pango_lineages.126.csv /hps/nobackup/cochrane/ena/users/azyoud/lineages_workflow_output/public_consensus_workflow_output/public_multifasta/multifasta_126.fasta
        (one of the commands exited with non-zero exit code; note that snakemake uses bash strict mode!)

