Building DAG of jobs...
Using shell: /usr/local/bin/bash
Provided cores: 1 (use --cores to define parallelism)
Rules claiming more threads will be scaled down.
Job stats:
job        count    min threads    max threads
-------  -------  -------------  -------------
symlink        1              1              1
total          1              1              1

Select jobs to execute...

[Tue Jul 19 15:26:39 2022]
rule symlink:
    input: /homes/azyoud/end_of_pangolin_workflow.txt
    output: /homes/azyoud/symlinked.txt
    jobid: 0
    resources: tmpdir=/tmp

Waiting at most 5 seconds for missing files.
MissingOutputException in line 1 of /hps/software/users/cochrane/ena/azyoud/lineages/public_lineages_workflow/workflow/rules/symlink_test.smk:
Job Missing files after 5 seconds:
/homes/azyoud/symlinked.txt
This might be due to filesystem latency. If that is the case, consider to increase the wait time with --latency-wait.
Job id: 0 completed successfully, but some output files are missing. 0
Shutting down, this might take some time.
Exiting because a job execution failed. Look above for error message
Complete log: /hps/software/users/cochrane/ena/azyoud/lineages/public_lineages_workflow/workflow/rules/.snakemake/log/2022-07-19T152638.863350.snakemake.log
