[32m****
Query sequences collapsed from [0m3301[32m to [0m3249[32m unique sequences.[0m
[32m****
Running sequence QC[0m
[32mTotal passing QC: [0m3196
[32m****
[0m43[32m sequences assigned via designations.[0m
Using UShER as inference engine.
[32m****
Pangolin running in usher mode.
****[0m
[32mMaximum ambiguity allowed is 0.3.
****[0m
[32mQuery file:	[0m/hps/nobackup/cochrane/ena/users/azyoud/lineages_workflow_output/public_consensus_workflow_output/public_multifasta/multifasta_429.fasta
[32m****
Data files found:[0m
usher_pb:	/nfs/production/cochrane/ena/users/azyoud/miniconda/envs/pangolin/lib/python3.8/site-packages/pangolin_data/data/lineageTree.pb
[32m****[0m
[32m****
Output file written to: [0m/hps/nobackup/cochrane/ena/users/azyoud/lineages_workflow_output/public_consensus_workflow_output/pango/pango_lineages.429.csv

------------------------------------------------------------
Sender: LSF System <lsf@hl-codon-130-03>
Subject: Job 4788569: <run_pangolin.n=429> in cluster <codon> Done

Job <run_pangolin.n=429> was submitted from host <hl-codon-28-03> by user <azyoud> in cluster <codon> at Tue Aug  2 01:03:34 2022
Job was executed on host(s) <4*hl-codon-130-03>, in queue <standard>, as user <azyoud> in cluster <codon> at Tue Aug  2 01:03:50 2022
</homes/azyoud> was used as the home directory.
</hps/software/users/cochrane/ena/azyoud/lineages/public_lineages_workflow/workflow> was used as the working directory.
Started at Tue Aug  2 01:03:50 2022
Terminated at Tue Aug  2 01:31:19 2022
Results reported at Tue Aug  2 01:31:19 2022

Your job looked like:

------------------------------------------------------------
# LSBATCH: User input
/hps/software/users/cochrane/ena/azyoud/lineages/public_lineages_workflow/workflow/.snakemake/tmp.wcma87gc/snakejob.run_pangolin.433.sh
------------------------------------------------------------

Successfully completed.

Resource usage summary:

    CPU time :                                   6014.44 sec.
    Max Memory :                                 1451 MB
    Average Memory :                             250.37 MB
    Total Requested Memory :                     2048.00 MB
    Delta Memory :                               597.00 MB
    Max Swap :                                   -
    Max Processes :                              12
    Max Threads :                                34
    Run time :                                   1663 sec.
    Turnaround time :                            1665 sec.

The output (if any) is above this job summary.



PS:

Read file <logs/cluster/run_pangolin/n=429/jobid433_6f0a45c8-3191-4c77-95d8-d42fe371c3d7.err> for stderr output of this job.

